[ 2016-07-19T17:56:27+08:00 ] 192.168.91.216 /project/Backend
INFO: [ app_init ] --START--
INFO: Run Behavior\BuildLiteBehavior [ RunTime:0.000012s ]
INFO: [ app_init ] --END-- [ RunTime:0.028472s ]
INFO: [ app_begin ] --START--
INFO: Run Behavior\ReadHtmlCacheBehavior [ RunTime:0.024730s ]
INFO: [ app_begin ] --END-- [ RunTime:0.024790s ]
ERR: SQLSTATE[HY000] [1130] Unknown error 1130

[ 2016-07-19T17:56:40+08:00 ] 192.168.91.216 /project/Backend
INFO: [ app_init ] --START--
INFO: Run Behavior\BuildLiteBehavior [ RunTime:0.000012s ]
INFO: [ app_init ] --END-- [ RunTime:0.000414s ]
INFO: [ app_begin ] --START--
INFO: Run Behavior\ReadHtmlCacheBehavior [ RunTime:0.000637s ]
INFO: [ app_begin ] --END-- [ RunTime:0.000684s ]
ERR: SQLSTATE[HY000] [1130] Unknown error 1130

[ 2016-07-19T17:57:10+08:00 ] 192.168.91.216 /project/Backend
INFO: [ app_init ] --START--
INFO: Run Behavior\BuildLiteBehavior [ RunTime:0.000018s ]
INFO: [ app_init ] --END-- [ RunTime:0.000499s ]
INFO: [ app_begin ] --START--
INFO: Run Behavior\ReadHtmlCacheBehavior [ RunTime:0.002923s ]
INFO: [ app_begin ] --END-- [ RunTime:0.003002s ]
SQL: SHOW COLUMNS FROM `company` [ RunTime:0.3279s ]
SQL: SELECT * FROM `company` WHERE `id` = 1 LIMIT 1   [ RunTime:0.0487s ]
INFO: [ view_parse ] --START--
INFO: [ template_filter ] --START--
INFO: Run Behavior\ContentReplaceBehavior [ RunTime:0.012199s ]
INFO: [ template_filter ] --END-- [ RunTime:0.012322s ]
INFO: Run Behavior\ParseTemplateBehavior [ RunTime:0.089024s ]
INFO: [ view_parse ] --END-- [ RunTime:0.089125s ]
INFO: [ view_filter ] --START--
INFO: Run Behavior\WriteHtmlCacheBehavior [ RunTime:0.014907s ]
INFO: [ view_filter ] --END-- [ RunTime:0.014949s ]
INFO: [ app_end ] --START--
INFO: Run Behavior\ShowPageTraceBehavior [ RunTime:0.008524s ]
INFO: [ app_end ] --END-- [ RunTime:0.008567s ]

[ 2016-07-19T17:57:18+08:00 ] 192.168.91.216 /project/Backend/Personnel/index.html
INFO: [ app_init ] --START--
INFO: Run Behavior\BuildLiteBehavior [ RunTime:0.000010s ]
INFO: [ app_init ] --END-- [ RunTime:0.000462s ]
INFO: [ app_begin ] --START--
INFO: Run Behavior\ReadHtmlCacheBehavior [ RunTime:0.000570s ]
INFO: [ app_begin ] --END-- [ RunTime:0.000609s ]
SQL: SHOW COLUMNS FROM `users` [ RunTime:0.0385s ]
NOTIC: [2] Missing argument 2 for Backend\Model\UsersModel::getList(), called in D:\web\project\Application\Backend\Controller\PersonnelController.class.php on line 16 and defined D:\web\project\Application\Backend\Model\UsersModel.class.php 第 17 行.
NOTIC: [8] Undefined variable: order D:\web\project\Application\Backend\Model\UsersModel.class.php 第 18 行.
SQL: SELECT * FROM `users` WHERE (  is_check = 1 and resume!= '' and status = 1 )  [ RunTime:0.0291s ]
SQL: SHOW COLUMNS FROM `judge_questions` [ RunTime:0.0009s ]
SQL: select u.* from house as h left JOIN  users as u on u.id = h.user_id WHERE h.company_id = 1 order by h.at_time desc [ RunTime:0.0613s ]
INFO: [ view_parse ] --START--
INFO: [ template_filter ] --START--
INFO: Run Behavior\ContentReplaceBehavior [ RunTime:0.000088s ]
INFO: [ template_filter ] --END-- [ RunTime:0.000126s ]
SQL: SHOW COLUMNS FROM `house` [ RunTime:0.0006s ]
SQL: SELECT * FROM `house` WHERE `company_id` = 1 AND `user_id` = 1 LIMIT 1   [ RunTime:0.0003s ]
SQL: SHOW COLUMNS FROM `pushs` [ RunTime:0.0160s ]
SQL: SELECT * FROM `pushs` WHERE `user_id` = 1 LIMIT 1   [ RunTime:0.0207s ]
SQL: SELECT * FROM `house` WHERE `company_id` = 1 AND `user_id` = 1 LIMIT 1   [ RunTime:0.0003s ]
SQL: SELECT * FROM `pushs` WHERE `user_id` = 1 LIMIT 1   [ RunTime:0.0002s ]
INFO: Run Behavior\ParseTemplateBehavior [ RunTime:0.085710s ]
INFO: [ view_parse ] --END-- [ RunTime:0.085739s ]
INFO: [ view_filter ] --START--
INFO: Run Behavior\WriteHtmlCacheBehavior [ RunTime:0.000449s ]
INFO: [ view_filter ] --END-- [ RunTime:0.000478s ]
INFO: [ app_end ] --START--
INFO: Run Behavior\ShowPageTraceBehavior [ RunTime:0.000989s ]
INFO: [ app_end ] --END-- [ RunTime:0.001026s ]

[ 2016-07-19T17:57:22+08:00 ] 192.168.91.216 /project/Backend/Personnel/student.html
INFO: [ app_init ] --START--
INFO: Run Behavior\BuildLiteBehavior [ RunTime:0.000009s ]
INFO: [ app_init ] --END-- [ RunTime:0.000427s ]
INFO: [ app_begin ] --START--
INFO: Run Behavior\ReadHtmlCacheBehavior [ RunTime:0.000573s ]
INFO: [ app_begin ] --END-- [ RunTime:0.000609s ]
SQL: SHOW COLUMNS FROM `pushs` [ RunTime:0.0006s ]
SQL: SELECT Pushs.user_status,Pushs.status,u.nickname,u.id,u.grade,u.school,u.major,`headimgurl` FROM `pushs`  left join users as u on u.id = pushs.user_id   WHERE ( pushs.company_id = 1 )  [ RunTime:0.0163s ]
INFO: [ view_parse ] --START--
INFO: [ template_filter ] --START--
INFO: Run Behavior\ContentReplaceBehavior [ RunTime:0.000058s ]
INFO: [ template_filter ] --END-- [ RunTime:0.000096s ]
INFO: Run Behavior\ParseTemplateBehavior [ RunTime:0.022714s ]
INFO: [ view_parse ] --END-- [ RunTime:0.022755s ]
INFO: [ view_filter ] --START--
INFO: Run Behavior\WriteHtmlCacheBehavior [ RunTime:0.000465s ]
INFO: [ view_filter ] --END-- [ RunTime:0.000492s ]
INFO: [ app_end ] --START--
INFO: Run Behavior\ShowPageTraceBehavior [ RunTime:0.000595s ]
INFO: [ app_end ] --END-- [ RunTime:0.000625s ]

[ 2016-07-19T17:57:24+08:00 ] 192.168.91.216 /project/Backend/Personnel/comment/id/1.html
INFO: [ app_init ] --START--
INFO: Run Behavior\BuildLiteBehavior [ RunTime:0.000014s ]
INFO: [ app_init ] --END-- [ RunTime:0.000355s ]
INFO: [ app_begin ] --START--
INFO: Run Behavior\ReadHtmlCacheBehavior [ RunTime:0.000588s ]
INFO: [ app_begin ] --END-- [ RunTime:0.000625s ]
SQL: SHOW COLUMNS FROM `users` [ RunTime:0.0007s ]
SQL: SHOW COLUMNS FROM `judge_questions` [ RunTime:0.0006s ]
SQL: SELECT * FROM `judge_questions` WHERE (  status = 1 ) ORDER BY  orders asc   [ RunTime:0.0305s ]
SQL: SELECT * FROM `users` WHERE `id` = 1 LIMIT 1   [ RunTime:0.0005s ]
SQL: SHOW COLUMNS FROM `internship_records` [ RunTime:0.0006s ]
SQL: SELECT * FROM `internship_records` WHERE `user_id` = 1 AND `q_id` = 1 LIMIT 1   [ RunTime:0.0005s ]
INFO: [ view_parse ] --START--
INFO: [ template_filter ] --START--
INFO: Run Behavior\ContentReplaceBehavior [ RunTime:0.000089s ]
INFO: [ template_filter ] --END-- [ RunTime:0.000151s ]
INFO: Run Behavior\ParseTemplateBehavior [ RunTime:0.031281s ]
INFO: [ view_parse ] --END-- [ RunTime:0.031335s ]
INFO: [ view_filter ] --START--
INFO: Run Behavior\WriteHtmlCacheBehavior [ RunTime:0.000646s ]
INFO: [ view_filter ] --END-- [ RunTime:0.000685s ]
INFO: [ app_end ] --START--
INFO: Run Behavior\ShowPageTraceBehavior [ RunTime:0.000653s ]
INFO: [ app_end ] --END-- [ RunTime:0.000690s ]

[ 2016-07-19T17:58:19+08:00 ] 192.168.91.216 /project/Backend/Personnel/comment/id/1.html
INFO: [ app_init ] --START--
INFO: Run Behavior\BuildLiteBehavior [ RunTime:0.000009s ]
INFO: [ app_init ] --END-- [ RunTime:0.000431s ]
INFO: [ app_begin ] --START--
INFO: Run Behavior\ReadHtmlCacheBehavior [ RunTime:0.002956s ]
INFO: [ app_begin ] --END-- [ RunTime:0.003012s ]
SQL: SHOW COLUMNS FROM `users` [ RunTime:0.0020s ]
SQL: SHOW COLUMNS FROM `judge_questions` [ RunTime:0.0022s ]
SQL: SELECT * FROM `judge_questions` WHERE (  status = 1 ) ORDER BY  orders asc   [ RunTime:0.0004s ]
SQL: SELECT * FROM `users` WHERE `id` = 1 LIMIT 1   [ RunTime:0.0004s ]
SQL: SHOW COLUMNS FROM `internship_records` [ RunTime:0.0006s ]
SQL: SELECT * FROM `internship_records` WHERE `user_id` = 1 AND `q_id` = 1 LIMIT 1   [ RunTime:0.0003s ]
INFO: [ view_parse ] --START--
INFO: [ template_filter ] --START--
INFO: Run Behavior\ContentReplaceBehavior [ RunTime:0.000073s ]
INFO: [ template_filter ] --END-- [ RunTime:0.000109s ]
INFO: Run Behavior\ParseTemplateBehavior [ RunTime:0.009243s ]
INFO: [ view_parse ] --END-- [ RunTime:0.009311s ]
INFO: [ view_filter ] --START--
INFO: Run Behavior\WriteHtmlCacheBehavior [ RunTime:0.000372s ]
INFO: [ view_filter ] --END-- [ RunTime:0.000402s ]
INFO: [ app_end ] --START--
INFO: Run Behavior\ShowPageTraceBehavior [ RunTime:0.000471s ]
INFO: [ app_end ] --END-- [ RunTime:0.000498s ]

[ 2016-07-19T18:02:20+08:00 ] 192.168.91.216 /project/Backend
INFO: [ app_init ] --START--
INFO: Run Behavior\BuildLiteBehavior [ RunTime:0.000011s ]
INFO: [ app_init ] --END-- [ RunTime:0.000346s ]
INFO: [ app_begin ] --START--
INFO: Run Behavior\ReadHtmlCacheBehavior [ RunTime:0.000607s ]
INFO: [ app_begin ] --END-- [ RunTime:0.000809s ]
SQL: SHOW COLUMNS FROM `company` [ RunTime:0.0010s ]
SQL: SELECT * FROM `company` WHERE `id` = 1 LIMIT 1   [ RunTime:0.0003s ]
INFO: [ view_parse ] --START--
INFO: [ template_filter ] --START--
INFO: Run Behavior\ContentReplaceBehavior [ RunTime:0.000060s ]
INFO: [ template_filter ] --END-- [ RunTime:0.000102s ]
INFO: Run Behavior\ParseTemplateBehavior [ RunTime:0.006577s ]
INFO: [ view_parse ] --END-- [ RunTime:0.006645s ]
INFO: [ view_filter ] --START--
INFO: Run Behavior\WriteHtmlCacheBehavior [ RunTime:0.000525s ]
INFO: [ view_filter ] --END-- [ RunTime:0.000555s ]
INFO: [ app_end ] --START--
INFO: Run Behavior\ShowPageTraceBehavior [ RunTime:0.000636s ]
INFO: [ app_end ] --END-- [ RunTime:0.000668s ]

[ 2016-07-19T18:02:25+08:00 ] 192.168.91.216 /project/Backend/Index/index.html
INFO: [ app_init ] --START--
INFO: Run Behavior\BuildLiteBehavior [ RunTime:0.000012s ]
INFO: [ app_init ] --END-- [ RunTime:0.000363s ]
INFO: [ app_begin ] --START--
INFO: Run Behavior\ReadHtmlCacheBehavior [ RunTime:0.000516s ]
INFO: [ app_begin ] --END-- [ RunTime:0.000558s ]
SQL: SHOW COLUMNS FROM `company` [ RunTime:0.0006s ]
SQL: SELECT * FROM `company` WHERE `id` = 1 LIMIT 1   [ RunTime:0.0003s ]
INFO: [ view_parse ] --START--
INFO: [ template_filter ] --START--
INFO: Run Behavior\ContentReplaceBehavior [ RunTime:0.000055s ]
INFO: [ template_filter ] --END-- [ RunTime:0.000091s ]
INFO: Run Behavior\ParseTemplateBehavior [ RunTime:0.007163s ]
INFO: [ view_parse ] --END-- [ RunTime:0.007213s ]
INFO: [ view_filter ] --START--
INFO: Run Behavior\WriteHtmlCacheBehavior [ RunTime:0.000390s ]
INFO: [ view_filter ] --END-- [ RunTime:0.000419s ]
INFO: [ app_end ] --START--
INFO: Run Behavior\ShowPageTraceBehavior [ RunTime:0.000723s ]
INFO: [ app_end ] --END-- [ RunTime:0.000755s ]

[ 2016-07-19T18:02:39+08:00 ] 192.168.91.216 /project/Backend/Personnel/index.html
INFO: [ app_init ] --START--
INFO: Run Behavior\BuildLiteBehavior [ RunTime:0.000010s ]
INFO: [ app_init ] --END-- [ RunTime:0.000364s ]
INFO: [ app_begin ] --START--
INFO: Run Behavior\ReadHtmlCacheBehavior [ RunTime:0.000805s ]
INFO: [ app_begin ] --END-- [ RunTime:0.000876s ]
SQL: SHOW COLUMNS FROM `users` [ RunTime:0.0007s ]
NOTIC: [2] Missing argument 2 for Backend\Model\UsersModel::getList(), called in D:\web\project\Application\Backend\Controller\PersonnelController.class.php on line 16 and defined D:\web\project\Application\Backend\Model\UsersModel.class.php 第 17 行.
NOTIC: [8] Undefined variable: order D:\web\project\Application\Backend\Model\UsersModel.class.php 第 18 行.
SQL: SELECT * FROM `users` WHERE (  is_check = 1 and resume!= '' and status = 1 )  [ RunTime:0.0004s ]
SQL: SHOW COLUMNS FROM `judge_questions` [ RunTime:0.0106s ]
SQL: select u.* from house as h left JOIN  users as u on u.id = h.user_id WHERE h.company_id = 1 order by h.at_time desc [ RunTime:0.0005s ]
INFO: [ view_parse ] --START--
INFO: [ template_filter ] --START--
INFO: Run Behavior\ContentReplaceBehavior [ RunTime:0.000085s ]
INFO: [ template_filter ] --END-- [ RunTime:0.000126s ]
SQL: SHOW COLUMNS FROM `house` [ RunTime:0.0006s ]
SQL: SELECT * FROM `house` WHERE `company_id` = 1 AND `user_id` = 1 LIMIT 1   [ RunTime:0.0004s ]
SQL: SHOW COLUMNS FROM `pushs` [ RunTime:0.0009s ]
SQL: SELECT * FROM `pushs` WHERE `user_id` = 1 LIMIT 1   [ RunTime:0.0003s ]
SQL: SELECT * FROM `house` WHERE `company_id` = 1 AND `user_id` = 1 LIMIT 1   [ RunTime:0.0002s ]
SQL: SELECT * FROM `pushs` WHERE `user_id` = 1 LIMIT 1   [ RunTime:0.0002s ]
INFO: Run Behavior\ParseTemplateBehavior [ RunTime:0.013306s ]
INFO: [ view_parse ] --END-- [ RunTime:0.013336s ]
INFO: [ view_filter ] --START--
INFO: Run Behavior\WriteHtmlCacheBehavior [ RunTime:0.000455s ]
INFO: [ view_filter ] --END-- [ RunTime:0.000485s ]
INFO: [ app_end ] --START--
INFO: Run Behavior\ShowPageTraceBehavior [ RunTime:0.000550s ]
INFO: [ app_end ] --END-- [ RunTime:0.000578s ]

[ 2016-07-19T18:02:43+08:00 ] 192.168.91.216 /project/Backend/Personnel/house.html
INFO: [ app_init ] --START--
INFO: Run Behavior\BuildLiteBehavior [ RunTime:0.000009s ]
INFO: [ app_init ] --END-- [ RunTime:0.000431s ]
INFO: [ app_begin ] --START--
INFO: Run Behavior\ReadHtmlCacheBehavior [ RunTime:0.000596s ]
INFO: [ app_begin ] --END-- [ RunTime:0.000636s ]
SQL: SHOW COLUMNS FROM `house` [ RunTime:0.0010s ]
SQL: SELECT * FROM `house` WHERE `user_id` = 1 AND `company_id` = 1 LIMIT 1   [ RunTime:0.0003s ]
SQL: DELETE FROM `house` WHERE `user_id` = 1 AND `company_id` = 1 [ RunTime:0.0705s ]

[ 2016-07-19T18:02:44+08:00 ] 192.168.91.216 /project/Backend/Personnel/index.html
INFO: [ app_init ] --START--
INFO: Run Behavior\BuildLiteBehavior [ RunTime:0.000010s ]
INFO: [ app_init ] --END-- [ RunTime:0.000308s ]
INFO: [ app_begin ] --START--
INFO: Run Behavior\ReadHtmlCacheBehavior [ RunTime:0.000522s ]
INFO: [ app_begin ] --END-- [ RunTime:0.000563s ]
SQL: SHOW COLUMNS FROM `users` [ RunTime:0.0016s ]
NOTIC: [2] Missing argument 2 for Backend\Model\UsersModel::getList(), called in D:\web\project\Application\Backend\Controller\PersonnelController.class.php on line 16 and defined D:\web\project\Application\Backend\Model\UsersModel.class.php 第 17 行.
NOTIC: [8] Undefined variable: order D:\web\project\Application\Backend\Model\UsersModel.class.php 第 18 行.
SQL: SELECT * FROM `users` WHERE (  is_check = 1 and resume!= '' and status = 1 )  [ RunTime:0.0010s ]
SQL: SHOW COLUMNS FROM `judge_questions` [ RunTime:0.0014s ]
SQL: select u.* from house as h left JOIN  users as u on u.id = h.user_id WHERE h.company_id = 1 order by h.at_time desc [ RunTime:0.0010s ]
INFO: [ view_parse ] --START--
INFO: [ template_filter ] --START--
INFO: Run Behavior\ContentReplaceBehavior [ RunTime:0.000145s ]
INFO: [ template_filter ] --END-- [ RunTime:0.000187s ]
SQL: SHOW COLUMNS FROM `house` [ RunTime:0.0007s ]
SQL: SELECT * FROM `house` WHERE `company_id` = 1 AND `user_id` = 1 LIMIT 1   [ RunTime:0.0008s ]
SQL: SHOW COLUMNS FROM `pushs` [ RunTime:0.0240s ]
SQL: SELECT * FROM `pushs` WHERE `user_id` = 1 LIMIT 1   [ RunTime:0.0003s ]
INFO: Run Behavior\ParseTemplateBehavior [ RunTime:0.037727s ]
INFO: [ view_parse ] --END-- [ RunTime:0.037758s ]
INFO: [ view_filter ] --START--
INFO: Run Behavior\WriteHtmlCacheBehavior [ RunTime:0.000555s ]
INFO: [ view_filter ] --END-- [ RunTime:0.000581s ]
INFO: [ app_end ] --START--
INFO: Run Behavior\ShowPageTraceBehavior [ RunTime:0.000568s ]
INFO: [ app_end ] --END-- [ RunTime:0.000593s ]

[ 2016-07-19T18:02:49+08:00 ] 192.168.91.216 /project/Backend/Personnel/house.html
INFO: [ app_init ] --START--
INFO: Run Behavior\BuildLiteBehavior [ RunTime:0.000010s ]
INFO: [ app_init ] --END-- [ RunTime:0.000440s ]
INFO: [ app_begin ] --START--
INFO: Run Behavior\ReadHtmlCacheBehavior [ RunTime:0.000524s ]
INFO: [ app_begin ] --END-- [ RunTime:0.000560s ]
SQL: SHOW COLUMNS FROM `house` [ RunTime:0.0006s ]
SQL: SELECT * FROM `house` WHERE `user_id` = 1 AND `company_id` = 1 LIMIT 1   [ RunTime:0.0003s ]
SQL: INSERT INTO `house` (`company_id`,`user_id`,`at_time`) VALUES ('1','1','1468922569') [ RunTime:0.0465s ]

[ 2016-07-19T18:02:50+08:00 ] 192.168.91.216 /project/Backend/Personnel/index.html
INFO: [ app_init ] --START--
INFO: Run Behavior\BuildLiteBehavior [ RunTime:0.000013s ]
INFO: [ app_init ] --END-- [ RunTime:0.000382s ]
INFO: [ app_begin ] --START--
INFO: Run Behavior\ReadHtmlCacheBehavior [ RunTime:0.000752s ]
INFO: [ app_begin ] --END-- [ RunTime:0.000840s ]
SQL: SHOW COLUMNS FROM `users` [ RunTime:0.0007s ]
NOTIC: [2] Missing argument 2 for Backend\Model\UsersModel::getList(), called in D:\web\project\Application\Backend\Controller\PersonnelController.class.php on line 16 and defined D:\web\project\Application\Backend\Model\UsersModel.class.php 第 17 行.
NOTIC: [8] Undefined variable: order D:\web\project\Application\Backend\Model\UsersModel.class.php 第 18 行.
SQL: SELECT * FROM `users` WHERE (  is_check = 1 and resume!= '' and status = 1 )  [ RunTime:0.0006s ]
SQL: SHOW COLUMNS FROM `judge_questions` [ RunTime:0.0006s ]
SQL: select u.* from house as h left JOIN  users as u on u.id = h.user_id WHERE h.company_id = 1 order by h.at_time desc [ RunTime:0.0007s ]
INFO: [ view_parse ] --START--
INFO: [ template_filter ] --START--
INFO: Run Behavior\ContentReplaceBehavior [ RunTime:0.000080s ]
INFO: [ template_filter ] --END-- [ RunTime:0.000117s ]
SQL: SHOW COLUMNS FROM `house` [ RunTime:0.0006s ]
SQL: SELECT * FROM `house` WHERE `company_id` = 1 AND `user_id` = 1 LIMIT 1   [ RunTime:0.0003s ]
SQL: SHOW COLUMNS FROM `pushs` [ RunTime:0.0006s ]
SQL: SELECT * FROM `pushs` WHERE `user_id` = 1 LIMIT 1   [ RunTime:0.0003s ]
SQL: SELECT * FROM `house` WHERE `company_id` = 1 AND `user_id` = 1 LIMIT 1   [ RunTime:0.0002s ]
SQL: SELECT * FROM `pushs` WHERE `user_id` = 1 LIMIT 1   [ RunTime:0.0002s ]
INFO: Run Behavior\ParseTemplateBehavior [ RunTime:0.014029s ]
INFO: [ view_parse ] --END-- [ RunTime:0.014066s ]
INFO: [ view_filter ] --START--
INFO: Run Behavior\WriteHtmlCacheBehavior [ RunTime:0.000569s ]
INFO: [ view_filter ] --END-- [ RunTime:0.000596s ]
INFO: [ app_end ] --START--
INFO: Run Behavior\ShowPageTraceBehavior [ RunTime:0.000550s ]
INFO: [ app_end ] --END-- [ RunTime:0.000577s ]

[ 2016-07-19T18:02:51+08:00 ] 192.168.91.216 /project/Backend/Personnel/house.html
INFO: [ app_init ] --START--
INFO: Run Behavior\BuildLiteBehavior [ RunTime:0.000010s ]
INFO: [ app_init ] --END-- [ RunTime:0.000445s ]
INFO: [ app_begin ] --START--
INFO: Run Behavior\ReadHtmlCacheBehavior [ RunTime:0.000554s ]
INFO: [ app_begin ] --END-- [ RunTime:0.000600s ]
SQL: SHOW COLUMNS FROM `house` [ RunTime:0.0005s ]
SQL: SELECT * FROM `house` WHERE `user_id` = 1 AND `company_id` = 1 LIMIT 1   [ RunTime:0.0004s ]
SQL: DELETE FROM `house` WHERE `user_id` = 1 AND `company_id` = 1 [ RunTime:0.0003s ]

[ 2016-07-19T18:02:52+08:00 ] 192.168.91.216 /project/Backend/Personnel/house.html
INFO: [ app_init ] --START--
INFO: Run Behavior\BuildLiteBehavior [ RunTime:0.000013s ]
INFO: [ app_init ] --END-- [ RunTime:0.000440s ]
INFO: [ app_begin ] --START--
INFO: Run Behavior\ReadHtmlCacheBehavior [ RunTime:0.000527s ]
INFO: [ app_begin ] --END-- [ RunTime:0.000648s ]
SQL: SHOW COLUMNS FROM `house` [ RunTime:0.0006s ]
SQL: SELECT * FROM `house` WHERE `user_id` = 1 AND `company_id` = 1 LIMIT 1   [ RunTime:0.0002s ]
SQL: INSERT INTO `house` (`company_id`,`user_id`,`at_time`) VALUES ('1','1','1468922572') [ RunTime:0.0003s ]

[ 2016-07-19T18:03:45+08:00 ] 192.168.91.216 /project/Backend/Personnel/house.html
INFO: [ app_init ] --START--
INFO: Run Behavior\BuildLiteBehavior [ RunTime:0.000009s ]
INFO: [ app_init ] --END-- [ RunTime:0.000396s ]
INFO: [ app_begin ] --START--
INFO: Run Behavior\ReadHtmlCacheBehavior [ RunTime:0.001530s ]
INFO: [ app_begin ] --END-- [ RunTime:0.001577s ]
SQL: SHOW COLUMNS FROM `house` [ RunTime:0.0006s ]
SQL: SELECT * FROM `house` WHERE `user_id` = 1 AND `company_id` = 1 LIMIT 1   [ RunTime:0.0003s ]
SQL: DELETE FROM `house` WHERE `user_id` = 1 AND `company_id` = 1 [ RunTime:0.0003s ]

[ 2016-07-19T18:03:52+08:00 ] 192.168.91.216 /project/Backend/Personnel/index.html
INFO: [ app_init ] --START--
INFO: Run Behavior\BuildLiteBehavior [ RunTime:0.000012s ]
INFO: [ app_init ] --END-- [ RunTime:0.000616s ]
INFO: [ app_begin ] --START--
INFO: Run Behavior\ReadHtmlCacheBehavior [ RunTime:0.001074s ]
INFO: [ app_begin ] --END-- [ RunTime:0.001160s ]
SQL: SHOW COLUMNS FROM `users` [ RunTime:0.0006s ]
NOTIC: [2] Missing argument 2 for Backend\Model\UsersModel::getList(), called in D:\web\project\Application\Backend\Controller\PersonnelController.class.php on line 16 and defined D:\web\project\Application\Backend\Model\UsersModel.class.php 第 17 行.
NOTIC: [8] Undefined variable: order D:\web\project\Application\Backend\Model\UsersModel.class.php 第 18 行.
SQL: SELECT * FROM `users` WHERE (  is_check = 1 and resume!= '' and status = 1 )  [ RunTime:0.0007s ]
SQL: SHOW COLUMNS FROM `judge_questions` [ RunTime:0.0006s ]
SQL: select u.* from house as h left JOIN  users as u on u.id = h.user_id WHERE h.company_id = 1 order by h.at_time desc [ RunTime:0.0004s ]
INFO: [ view_parse ] --START--
INFO: [ template_filter ] --START--
INFO: Run Behavior\ContentReplaceBehavior [ RunTime:0.000079s ]
INFO: [ template_filter ] --END-- [ RunTime:0.000128s ]
SQL: SHOW COLUMNS FROM `house` [ RunTime:0.0005s ]
SQL: SELECT * FROM `house` WHERE `company_id` = 1 AND `user_id` = 1 LIMIT 1   [ RunTime:0.0003s ]
SQL: SHOW COLUMNS FROM `pushs` [ RunTime:0.0006s ]
SQL: SELECT * FROM `pushs` WHERE `user_id` = 1 LIMIT 1   [ RunTime:0.0003s ]
INFO: Run Behavior\ParseTemplateBehavior [ RunTime:0.013281s ]
INFO: [ view_parse ] --END-- [ RunTime:0.013308s ]
INFO: [ view_filter ] --START--
INFO: Run Behavior\WriteHtmlCacheBehavior [ RunTime:0.000557s ]
INFO: [ view_filter ] --END-- [ RunTime:0.000585s ]
INFO: [ app_end ] --START--
INFO: Run Behavior\ShowPageTraceBehavior [ RunTime:0.000930s ]
INFO: [ app_end ] --END-- [ RunTime:0.001002s ]

[ 2016-07-19T18:04:38+08:00 ] 192.168.91.216 /project/Backend/Personnel/student.html
INFO: [ app_init ] --START--
INFO: Run Behavior\BuildLiteBehavior [ RunTime:0.000010s ]
INFO: [ app_init ] --END-- [ RunTime:0.000454s ]
INFO: [ app_begin ] --START--
INFO: Run Behavior\ReadHtmlCacheBehavior [ RunTime:0.000502s ]
INFO: [ app_begin ] --END-- [ RunTime:0.000540s ]
SQL: SHOW COLUMNS FROM `pushs` [ RunTime:0.0007s ]
SQL: SELECT Pushs.user_status,Pushs.status,u.nickname,u.id,u.grade,u.school,u.major,`headimgurl` FROM `pushs`  left join users as u on u.id = pushs.user_id   WHERE ( pushs.company_id = 1 )  [ RunTime:0.0005s ]
INFO: [ view_parse ] --START--
INFO: [ template_filter ] --START--
INFO: Run Behavior\ContentReplaceBehavior [ RunTime:0.000054s ]
INFO: [ template_filter ] --END-- [ RunTime:0.000088s ]
INFO: Run Behavior\ParseTemplateBehavior [ RunTime:0.006628s ]
INFO: [ view_parse ] --END-- [ RunTime:0.006667s ]
INFO: [ view_filter ] --START--
INFO: Run Behavior\WriteHtmlCacheBehavior [ RunTime:0.000483s ]
INFO: [ view_filter ] --END-- [ RunTime:0.000510s ]
INFO: [ app_end ] --START--
INFO: Run Behavior\ShowPageTraceBehavior [ RunTime:0.001272s ]
INFO: [ app_end ] --END-- [ RunTime:0.001309s ]

[ 2016-07-19T18:04:38+08:00 ] 192.168.91.216 /project/Backend/Personnel/index.html
INFO: [ app_init ] --START--
INFO: Run Behavior\BuildLiteBehavior [ RunTime:0.000020s ]
INFO: [ app_init ] --END-- [ RunTime:0.000681s ]
INFO: [ app_begin ] --START--
INFO: Run Behavior\ReadHtmlCacheBehavior [ RunTime:0.000658s ]
INFO: [ app_begin ] --END-- [ RunTime:0.000702s ]
SQL: SHOW COLUMNS FROM `users` [ RunTime:0.0007s ]
NOTIC: [2] Missing argument 2 for Backend\Model\UsersModel::getList(), called in D:\web\project\Application\Backend\Controller\PersonnelController.class.php on line 16 and defined D:\web\project\Application\Backend\Model\UsersModel.class.php 第 17 行.
NOTIC: [8] Undefined variable: order D:\web\project\Application\Backend\Model\UsersModel.class.php 第 18 行.
SQL: SELECT * FROM `users` WHERE (  is_check = 1 and resume!= '' and status = 1 )  [ RunTime:0.0004s ]
SQL: SHOW COLUMNS FROM `judge_questions` [ RunTime:0.0005s ]
SQL: select u.* from house as h left JOIN  users as u on u.id = h.user_id WHERE h.company_id = 1 order by h.at_time desc [ RunTime:0.0004s ]
INFO: [ view_parse ] --START--
INFO: [ template_filter ] --START--
INFO: Run Behavior\ContentReplaceBehavior [ RunTime:0.000079s ]
INFO: [ template_filter ] --END-- [ RunTime:0.000114s ]
SQL: SHOW COLUMNS FROM `house` [ RunTime:0.0005s ]
SQL: SELECT * FROM `house` WHERE `company_id` = 1 AND `user_id` = 1 LIMIT 1   [ RunTime:0.0003s ]
SQL: SHOW COLUMNS FROM `pushs` [ RunTime:0.0006s ]
SQL: SELECT * FROM `pushs` WHERE `user_id` = 1 LIMIT 1   [ RunTime:0.0145s ]
INFO: Run Behavior\ParseTemplateBehavior [ RunTime:0.026747s ]
INFO: [ view_parse ] --END-- [ RunTime:0.026792s ]
INFO: [ view_filter ] --START--
INFO: Run Behavior\WriteHtmlCacheBehavior [ RunTime:0.000615s ]
INFO: [ view_filter ] --END-- [ RunTime:0.000652s ]
INFO: [ app_end ] --START--
INFO: Run Behavior\ShowPageTraceBehavior [ RunTime:0.000539s ]
INFO: [ app_end ] --END-- [ RunTime:0.000567s ]

[ 2016-07-19T18:04:42+08:00 ] 192.168.91.216 /project/Backend/Personnel/student.html
INFO: [ app_init ] --START--
INFO: Run Behavior\BuildLiteBehavior [ RunTime:0.000012s ]
INFO: [ app_init ] --END-- [ RunTime:0.000430s ]
INFO: [ app_begin ] --START--
INFO: Run Behavior\ReadHtmlCacheBehavior [ RunTime:0.000567s ]
INFO: [ app_begin ] --END-- [ RunTime:0.000624s ]
SQL: SHOW COLUMNS FROM `pushs` [ RunTime:0.0006s ]
SQL: SELECT Pushs.user_status,Pushs.status,u.nickname,u.id,u.grade,u.school,u.major,`headimgurl` FROM `pushs`  left join users as u on u.id = pushs.user_id   WHERE ( pushs.company_id = 1 )  [ RunTime:0.0004s ]
INFO: [ view_parse ] --START--
INFO: [ template_filter ] --START--
INFO: Run Behavior\ContentReplaceBehavior [ RunTime:0.000055s ]
INFO: [ template_filter ] --END-- [ RunTime:0.000092s ]
INFO: Run Behavior\ParseTemplateBehavior [ RunTime:0.008805s ]
INFO: [ view_parse ] --END-- [ RunTime:0.008844s ]
INFO: [ view_filter ] --START--
INFO: Run Behavior\WriteHtmlCacheBehavior [ RunTime:0.001025s ]
INFO: [ view_filter ] --END-- [ RunTime:0.001059s ]
INFO: [ app_end ] --START--
INFO: Run Behavior\ShowPageTraceBehavior [ RunTime:0.000656s ]
INFO: [ app_end ] --END-- [ RunTime:0.000686s ]

[ 2016-07-19T18:04:42+08:00 ] 192.168.91.216 /project/Backend/Personnel/comment/id/1.html
INFO: [ app_init ] --START--
INFO: Run Behavior\BuildLiteBehavior [ RunTime:0.000010s ]
INFO: [ app_init ] --END-- [ RunTime:0.000604s ]
INFO: [ app_begin ] --START--
INFO: Run Behavior\ReadHtmlCacheBehavior [ RunTime:0.000664s ]
INFO: [ app_begin ] --END-- [ RunTime:0.000702s ]
SQL: SHOW COLUMNS FROM `users` [ RunTime:0.0006s ]
SQL: SHOW COLUMNS FROM `judge_questions` [ RunTime:0.0020s ]
SQL: SELECT * FROM `judge_questions` WHERE (  status = 1 ) ORDER BY  orders asc   [ RunTime:0.0009s ]
SQL: SELECT * FROM `users` WHERE `id` = 1 LIMIT 1   [ RunTime:0.0004s ]
SQL: SHOW COLUMNS FROM `internship_records` [ RunTime:0.0379s ]
SQL: SELECT * FROM `internship_records` WHERE `user_id` = 1 AND `q_id` = 1 LIMIT 1   [ RunTime:0.0004s ]
INFO: [ view_parse ] --START--
INFO: [ template_filter ] --START--
INFO: Run Behavior\ContentReplaceBehavior [ RunTime:0.000072s ]
INFO: [ template_filter ] --END-- [ RunTime:0.000109s ]
INFO: Run Behavior\ParseTemplateBehavior [ RunTime:0.006833s ]
INFO: [ view_parse ] --END-- [ RunTime:0.006874s ]
INFO: [ view_filter ] --START--
INFO: Run Behavior\WriteHtmlCacheBehavior [ RunTime:0.000501s ]
INFO: [ view_filter ] --END-- [ RunTime:0.000529s ]
INFO: [ app_end ] --START--
INFO: Run Behavior\ShowPageTraceBehavior [ RunTime:0.000632s ]
INFO: [ app_end ] --END-- [ RunTime:0.000661s ]

[ 2016-07-19T18:04:47+08:00 ] 192.168.91.216 /project/Backend/Personnel/commentsave.html
INFO: [ app_init ] --START--
INFO: Run Behavior\BuildLiteBehavior [ RunTime:0.000010s ]
INFO: [ app_init ] --END-- [ RunTime:0.000324s ]
INFO: [ app_begin ] --START--
INFO: Run Behavior\ReadHtmlCacheBehavior [ RunTime:0.000531s ]
INFO: [ app_begin ] --END-- [ RunTime:0.000578s ]
SQL: SHOW COLUMNS FROM `internship_records` [ RunTime:0.0005s ]
SQL: SELECT * FROM `internship_records` WHERE `user_id` = 1 AND `q_id` = 1 LIMIT 1   [ RunTime:0.0003s ]
SQL: SHOW COLUMNS FROM `judge_questions` [ RunTime:0.0005s ]
SQL: update internship_records set content='gffgfgsdsdsdsdsd121212',comment='a:4:{i:0;s:1:"1";i:1;s:1:"3";i:2;s:1:"5";i:3;s:1:"2";}' where id = 14 [ RunTime:0.1878s ]

[ 2016-07-19T18:04:48+08:00 ] 192.168.91.216 /project/Backend/Personnel/save/id/1.html
INFO: [ app_init ] --START--
INFO: Run Behavior\BuildLiteBehavior [ RunTime:0.000010s ]
INFO: [ app_init ] --END-- [ RunTime:0.000352s ]
INFO: [ app_begin ] --START--
INFO: Run Behavior\ReadHtmlCacheBehavior [ RunTime:0.000565s ]
INFO: [ app_begin ] --END-- [ RunTime:0.000605s ]
SQL: SHOW COLUMNS FROM `users` [ RunTime:0.0009s ]
SQL: SHOW COLUMNS FROM `judge_questions` [ RunTime:0.0006s ]
SQL: SHOW COLUMNS FROM `internship_records` [ RunTime:0.0005s ]
SQL: SELECT * FROM `internship_records` WHERE `user_id` = 1 AND `q_id` = 1 LIMIT 1   [ RunTime:0.0003s ]
SQL: SELECT * FROM `judge_questions` WHERE (  status = 1 ) ORDER BY  orders asc   [ RunTime:0.0004s ]
SQL: SELECT * FROM `users` WHERE `id` = 1 LIMIT 1   [ RunTime:0.0003s ]
INFO: [ view_parse ] --START--
INFO: [ template_filter ] --START--
INFO: Run Behavior\ContentReplaceBehavior [ RunTime:0.000059s ]
INFO: [ template_filter ] --END-- [ RunTime:0.000099s ]
INFO: Run Behavior\ParseTemplateBehavior [ RunTime:0.030425s ]
INFO: [ view_parse ] --END-- [ RunTime:0.030481s ]
INFO: [ view_filter ] --START--
INFO: Run Behavior\WriteHtmlCacheBehavior [ RunTime:0.000601s ]
INFO: [ view_filter ] --END-- [ RunTime:0.000656s ]
INFO: [ app_end ] --START--
INFO: Run Behavior\ShowPageTraceBehavior [ RunTime:0.000784s ]
INFO: [ app_end ] --END-- [ RunTime:0.000828s ]

[ 2016-07-19T18:04:51+08:00 ] 192.168.91.216 /project/Backend/Personnel/comment/id/1.html
INFO: [ app_init ] --START--
INFO: Run Behavior\BuildLiteBehavior [ RunTime:0.000012s ]
INFO: [ app_init ] --END-- [ RunTime:0.000519s ]
INFO: [ app_begin ] --START--
INFO: Run Behavior\ReadHtmlCacheBehavior [ RunTime:0.000679s ]
INFO: [ app_begin ] --END-- [ RunTime:0.000735s ]
SQL: SHOW COLUMNS FROM `users` [ RunTime:0.0007s ]
SQL: SHOW COLUMNS FROM `judge_questions` [ RunTime:0.0025s ]
SQL: SELECT * FROM `judge_questions` WHERE (  status = 1 ) ORDER BY  orders asc   [ RunTime:0.0005s ]
SQL: SELECT * FROM `users` WHERE `id` = 1 LIMIT 1   [ RunTime:0.0007s ]
SQL: SHOW COLUMNS FROM `internship_records` [ RunTime:0.0006s ]
SQL: SELECT * FROM `internship_records` WHERE `user_id` = 1 AND `q_id` = 1 LIMIT 1   [ RunTime:0.0004s ]
INFO: [ view_parse ] --START--
INFO: [ template_filter ] --START--
INFO: Run Behavior\ContentReplaceBehavior [ RunTime:0.000071s ]
INFO: [ template_filter ] --END-- [ RunTime:0.000105s ]
INFO: Run Behavior\ParseTemplateBehavior [ RunTime:0.006744s ]
INFO: [ view_parse ] --END-- [ RunTime:0.006783s ]
INFO: [ view_filter ] --START--
INFO: Run Behavior\WriteHtmlCacheBehavior [ RunTime:0.000475s ]
INFO: [ view_filter ] --END-- [ RunTime:0.000503s ]
INFO: [ app_end ] --START--
INFO: Run Behavior\ShowPageTraceBehavior [ RunTime:0.000600s ]
INFO: [ app_end ] --END-- [ RunTime:0.000628s ]

[ 2016-07-19T18:05:00+08:00 ] 192.168.91.216 /project/Backend/Personnel/commentsave.html
INFO: [ app_init ] --START--
INFO: Run Behavior\BuildLiteBehavior [ RunTime:0.000009s ]
INFO: [ app_init ] --END-- [ RunTime:0.000484s ]
INFO: [ app_begin ] --START--
INFO: Run Behavior\ReadHtmlCacheBehavior [ RunTime:0.000595s ]
INFO: [ app_begin ] --END-- [ RunTime:0.000633s ]
SQL: SHOW COLUMNS FROM `internship_records` [ RunTime:0.0006s ]
SQL: SELECT * FROM `internship_records` WHERE `user_id` = 1 AND `q_id` = 1 LIMIT 1   [ RunTime:0.0003s ]
SQL: SHOW COLUMNS FROM `judge_questions` [ RunTime:0.0005s ]
SQL: update internship_records set content='gffgfgsdsdsdsdsd121212dddd',comment='a:3:{i:0;s:1:"1";i:1;s:1:"3";i:2;s:1:"5";}' where id = 14 [ RunTime:0.0314s ]

[ 2016-07-19T18:05:01+08:00 ] 192.168.91.216 /project/Backend/Personnel/save/id/1.html
INFO: [ app_init ] --START--
INFO: Run Behavior\BuildLiteBehavior [ RunTime:0.000009s ]
INFO: [ app_init ] --END-- [ RunTime:0.000450s ]
INFO: [ app_begin ] --START--
INFO: Run Behavior\ReadHtmlCacheBehavior [ RunTime:0.000622s ]
INFO: [ app_begin ] --END-- [ RunTime:0.000661s ]
SQL: SHOW COLUMNS FROM `users` [ RunTime:0.0006s ]
SQL: SHOW COLUMNS FROM `judge_questions` [ RunTime:0.0006s ]
SQL: SHOW COLUMNS FROM `internship_records` [ RunTime:0.0006s ]
SQL: SELECT * FROM `internship_records` WHERE `user_id` = 1 AND `q_id` = 1 LIMIT 1   [ RunTime:0.0003s ]
SQL: SELECT * FROM `judge_questions` WHERE (  status = 1 ) ORDER BY  orders asc   [ RunTime:0.0003s ]
SQL: SELECT * FROM `users` WHERE `id` = 1 LIMIT 1   [ RunTime:0.0003s ]
INFO: [ view_parse ] --START--
INFO: [ template_filter ] --START--
INFO: Run Behavior\ContentReplaceBehavior [ RunTime:0.000057s ]
INFO: [ template_filter ] --END-- [ RunTime:0.000099s ]
INFO: Run Behavior\ParseTemplateBehavior [ RunTime:0.006903s ]
INFO: [ view_parse ] --END-- [ RunTime:0.006977s ]
INFO: [ view_filter ] --START--
INFO: Run Behavior\WriteHtmlCacheBehavior [ RunTime:0.000667s ]
INFO: [ view_filter ] --END-- [ RunTime:0.000697s ]
INFO: [ app_end ] --START--
INFO: Run Behavior\ShowPageTraceBehavior [ RunTime:0.000511s ]
INFO: [ app_end ] --END-- [ RunTime:0.000539s ]

[ 2016-07-19T18:05:04+08:00 ] 192.168.91.216 /project/Backend/Personnel/comment/id/1.html
INFO: [ app_init ] --START--
INFO: Run Behavior\BuildLiteBehavior [ RunTime:0.000010s ]
INFO: [ app_init ] --END-- [ RunTime:0.000349s ]
INFO: [ app_begin ] --START--
INFO: Run Behavior\ReadHtmlCacheBehavior [ RunTime:0.000747s ]
INFO: [ app_begin ] --END-- [ RunTime:0.000799s ]
SQL: SHOW COLUMNS FROM `users` [ RunTime:0.0008s ]
SQL: SHOW COLUMNS FROM `judge_questions` [ RunTime:0.0011s ]
SQL: SELECT * FROM `judge_questions` WHERE (  status = 1 ) ORDER BY  orders asc   [ RunTime:0.0003s ]
SQL: SELECT * FROM `users` WHERE `id` = 1 LIMIT 1   [ RunTime:0.0004s ]
SQL: SHOW COLUMNS FROM `internship_records` [ RunTime:0.0006s ]
SQL: SELECT * FROM `internship_records` WHERE `user_id` = 1 AND `q_id` = 1 LIMIT 1   [ RunTime:0.0003s ]
INFO: [ view_parse ] --START--
INFO: [ template_filter ] --START--
INFO: Run Behavior\ContentReplaceBehavior [ RunTime:0.000073s ]
INFO: [ template_filter ] --END-- [ RunTime:0.000122s ]
INFO: Run Behavior\ParseTemplateBehavior [ RunTime:0.006854s ]
INFO: [ view_parse ] --END-- [ RunTime:0.006896s ]
INFO: [ view_filter ] --START--
INFO: Run Behavior\WriteHtmlCacheBehavior [ RunTime:0.000432s ]
INFO: [ view_filter ] --END-- [ RunTime:0.000460s ]
INFO: [ app_end ] --START--
INFO: Run Behavior\ShowPageTraceBehavior [ RunTime:0.000559s ]
INFO: [ app_end ] --END-- [ RunTime:0.000591s ]

[ 2016-07-19T18:05:10+08:00 ] 192.168.91.216 /project/Backend/Personnel/commentsave.html
INFO: [ app_init ] --START--
INFO: Run Behavior\BuildLiteBehavior [ RunTime:0.000010s ]
INFO: [ app_init ] --END-- [ RunTime:0.000476s ]
INFO: [ app_begin ] --START--
INFO: Run Behavior\ReadHtmlCacheBehavior [ RunTime:0.000592s ]
INFO: [ app_begin ] --END-- [ RunTime:0.000630s ]
SQL: SHOW COLUMNS FROM `internship_records` [ RunTime:0.0005s ]
SQL: SELECT * FROM `internship_records` WHERE `user_id` = 1 AND `q_id` = 1 LIMIT 1   [ RunTime:0.0004s ]
SQL: SHOW COLUMNS FROM `judge_questions` [ RunTime:0.0005s ]
SQL: update internship_records set content='gffgfgsdsdsdsdsd121212ddddd111111111ddd',comment='a:4:{i:0;s:1:"1";i:1;s:1:"3";i:2;s:1:"5";i:3;s:1:"2";}' where id = 14 [ RunTime:0.0329s ]

[ 2016-07-19T18:05:10+08:00 ] 192.168.91.216 /project/Backend/Personnel/save/id/1.html
INFO: [ app_init ] --START--
INFO: Run Behavior\BuildLiteBehavior [ RunTime:0.000009s ]
INFO: [ app_init ] --END-- [ RunTime:0.000386s ]
INFO: [ app_begin ] --START--
INFO: Run Behavior\ReadHtmlCacheBehavior [ RunTime:0.000594s ]
INFO: [ app_begin ] --END-- [ RunTime:0.000631s ]
SQL: SHOW COLUMNS FROM `users` [ RunTime:0.0005s ]
SQL: SHOW COLUMNS FROM `judge_questions` [ RunTime:0.0007s ]
SQL: SHOW COLUMNS FROM `internship_records` [ RunTime:0.0006s ]
SQL: SELECT * FROM `internship_records` WHERE `user_id` = 1 AND `q_id` = 1 LIMIT 1   [ RunTime:0.0012s ]
SQL: SELECT * FROM `judge_questions` WHERE (  status = 1 ) ORDER BY  orders asc   [ RunTime:0.0006s ]
SQL: SELECT * FROM `users` WHERE `id` = 1 LIMIT 1   [ RunTime:0.0004s ]
INFO: [ view_parse ] --START--
INFO: [ template_filter ] --START--
INFO: Run Behavior\ContentReplaceBehavior [ RunTime:0.000056s ]
INFO: [ template_filter ] --END-- [ RunTime:0.000095s ]
INFO: Run Behavior\ParseTemplateBehavior [ RunTime:0.006760s ]
INFO: [ view_parse ] --END-- [ RunTime:0.006810s ]
INFO: [ view_filter ] --START--
INFO: Run Behavior\WriteHtmlCacheBehavior [ RunTime:0.000471s ]
INFO: [ view_filter ] --END-- [ RunTime:0.000502s ]
INFO: [ app_end ] --START--
INFO: Run Behavior\ShowPageTraceBehavior [ RunTime:0.001252s ]
INFO: [ app_end ] --END-- [ RunTime:0.001290s ]

[ 2016-07-19T18:05:51+08:00 ] 192.168.91.216 /project/Backend/Personnel/save/id/1.html
INFO: [ app_init ] --START--
INFO: Run Behavior\BuildLiteBehavior [ RunTime:0.000010s ]
INFO: [ app_init ] --END-- [ RunTime:0.000454s ]
INFO: [ app_begin ] --START--
INFO: Run Behavior\ReadHtmlCacheBehavior [ RunTime:0.000618s ]
INFO: [ app_begin ] --END-- [ RunTime:0.000655s ]
SQL: SHOW COLUMNS FROM `users` [ RunTime:0.0022s ]
SQL: SHOW COLUMNS FROM `judge_questions` [ RunTime:0.0006s ]
SQL: SHOW COLUMNS FROM `internship_records` [ RunTime:0.0005s ]
SQL: SELECT * FROM `internship_records` WHERE `user_id` = 1 AND `q_id` = 1 LIMIT 1   [ RunTime:0.0003s ]
SQL: SELECT * FROM `judge_questions` WHERE (  status = 1 ) ORDER BY  orders asc   [ RunTime:0.0003s ]
SQL: SELECT * FROM `users` WHERE `id` = 1 LIMIT 1   [ RunTime:0.0003s ]
INFO: [ view_parse ] --START--
INFO: [ template_filter ] --START--
INFO: Run Behavior\ContentReplaceBehavior [ RunTime:0.000054s ]
INFO: [ template_filter ] --END-- [ RunTime:0.000089s ]
INFO: Run Behavior\ParseTemplateBehavior [ RunTime:0.006394s ]
INFO: [ view_parse ] --END-- [ RunTime:0.006435s ]
INFO: [ view_filter ] --START--
INFO: Run Behavior\WriteHtmlCacheBehavior [ RunTime:0.000433s ]
INFO: [ view_filter ] --END-- [ RunTime:0.000461s ]
INFO: [ app_end ] --START--
INFO: Run Behavior\ShowPageTraceBehavior [ RunTime:0.000641s ]
INFO: [ app_end ] --END-- [ RunTime:0.000669s ]

[ 2016-07-19T18:07:12+08:00 ] 192.168.91.216 /project/Backend/Personnel/save/id/1.html
INFO: [ app_init ] --START--
INFO: Run Behavior\BuildLiteBehavior [ RunTime:0.000013s ]
INFO: [ app_init ] --END-- [ RunTime:0.000454s ]
INFO: [ app_begin ] --START--
INFO: Run Behavior\ReadHtmlCacheBehavior [ RunTime:0.000691s ]
INFO: [ app_begin ] --END-- [ RunTime:0.000752s ]
SQL: SHOW COLUMNS FROM `users` [ RunTime:0.0008s ]
SQL: SHOW COLUMNS FROM `judge_questions` [ RunTime:0.0006s ]
SQL: SHOW COLUMNS FROM `internship_records` [ RunTime:0.0005s ]
SQL: SELECT * FROM `internship_records` WHERE `user_id` = 1 AND `q_id` = 1 LIMIT 1   [ RunTime:0.0004s ]
SQL: SELECT * FROM `judge_questions` WHERE (  status = 1 ) ORDER BY  orders asc   [ RunTime:0.0003s ]
SQL: SELECT * FROM `users` WHERE `id` = 1 LIMIT 1   [ RunTime:0.0003s ]
INFO: [ view_parse ] --START--
INFO: [ template_filter ] --START--
INFO: Run Behavior\ContentReplaceBehavior [ RunTime:0.000061s ]
INFO: [ template_filter ] --END-- [ RunTime:0.000106s ]
INFO: Run Behavior\ParseTemplateBehavior [ RunTime:0.006564s ]
INFO: [ view_parse ] --END-- [ RunTime:0.006614s ]
INFO: [ view_filter ] --START--
INFO: Run Behavior\WriteHtmlCacheBehavior [ RunTime:0.000916s ]
INFO: [ view_filter ] --END-- [ RunTime:0.000955s ]
INFO: [ app_end ] --START--
INFO: Run Behavior\ShowPageTraceBehavior [ RunTime:0.000577s ]
INFO: [ app_end ] --END-- [ RunTime:0.000610s ]

