[ 2016-07-14T14:39:38+08:00 ] 192.168.91.216 /project/Backend
INFO: [ app_init ] --START--
INFO: Run Behavior\BuildLiteBehavior [ RunTime:0.000010s ]
INFO: [ app_init ] --END-- [ RunTime:0.000318s ]
INFO: [ app_begin ] --START--
INFO: Run Behavior\ReadHtmlCacheBehavior [ RunTime:0.000570s ]
INFO: [ app_begin ] --END-- [ RunTime:0.000614s ]
SQL: SHOW COLUMNS FROM `company` [ RunTime:0.2894s ]
SQL: SELECT * FROM `company` WHERE `id` = 1 LIMIT 1   [ RunTime:0.0204s ]
INFO: [ view_parse ] --START--
INFO: [ template_filter ] --START--
INFO: Run Behavior\ContentReplaceBehavior [ RunTime:0.000177s ]
INFO: [ template_filter ] --END-- [ RunTime:0.000224s ]
INFO: Run Behavior\ParseTemplateBehavior [ RunTime:0.033433s ]
INFO: [ view_parse ] --END-- [ RunTime:0.033486s ]
INFO: [ view_filter ] --START--
INFO: Run Behavior\WriteHtmlCacheBehavior [ RunTime:0.000303s ]
INFO: [ view_filter ] --END-- [ RunTime:0.000360s ]
INFO: [ app_end ] --START--
INFO: Run Behavior\ShowPageTraceBehavior [ RunTime:0.000394s ]
INFO: [ app_end ] --END-- [ RunTime:0.000421s ]

[ 2016-07-14T14:50:17+08:00 ] 192.168.91.216 /project/Backend/Index/edit.html
INFO: [ app_init ] --START--
INFO: Run Behavior\BuildLiteBehavior [ RunTime:0.000012s ]
INFO: [ app_init ] --END-- [ RunTime:0.000357s ]
INFO: [ app_begin ] --START--
INFO: Run Behavior\ReadHtmlCacheBehavior [ RunTime:0.000614s ]
INFO: [ app_begin ] --END-- [ RunTime:0.000663s ]
SQL: SHOW COLUMNS FROM `company` [ RunTime:0.0318s ]
SQL: SELECT * FROM `company` WHERE `id` = 1 LIMIT 1   [ RunTime:0.0004s ]
INFO: [ view_parse ] --START--
INFO: [ template_filter ] --START--
INFO: Run Behavior\ContentReplaceBehavior [ RunTime:0.000071s ]
INFO: [ template_filter ] --END-- [ RunTime:0.000109s ]
INFO: Run Behavior\ParseTemplateBehavior [ RunTime:0.024698s ]
INFO: [ view_parse ] --END-- [ RunTime:0.024752s ]
INFO: [ view_filter ] --START--
INFO: Run Behavior\WriteHtmlCacheBehavior [ RunTime:0.000381s ]
INFO: [ view_filter ] --END-- [ RunTime:0.000453s ]
INFO: [ app_end ] --START--
INFO: Run Behavior\ShowPageTraceBehavior [ RunTime:0.000525s ]
INFO: [ app_end ] --END-- [ RunTime:0.000559s ]

[ 2016-07-14T14:50:22+08:00 ] 192.168.91.216 /project/Backend/Personnel/index.html
INFO: [ app_init ] --START--
INFO: Run Behavior\BuildLiteBehavior [ RunTime:0.000010s ]
INFO: [ app_init ] --END-- [ RunTime:0.000302s ]
INFO: [ app_begin ] --START--
INFO: Run Behavior\ReadHtmlCacheBehavior [ RunTime:0.000361s ]
INFO: [ app_begin ] --END-- [ RunTime:0.000402s ]
INFO: [ view_parse ] --START--
INFO: [ template_filter ] --START--
INFO: Run Behavior\ContentReplaceBehavior [ RunTime:0.000089s ]
INFO: [ template_filter ] --END-- [ RunTime:0.000126s ]
INFO: Run Behavior\ParseTemplateBehavior [ RunTime:0.016030s ]
INFO: [ view_parse ] --END-- [ RunTime:0.016069s ]
INFO: [ view_filter ] --START--
INFO: Run Behavior\WriteHtmlCacheBehavior [ RunTime:0.000390s ]
INFO: [ view_filter ] --END-- [ RunTime:0.000418s ]
INFO: [ app_end ] --START--
INFO: Run Behavior\ShowPageTraceBehavior [ RunTime:0.000568s ]
INFO: [ app_end ] --END-- [ RunTime:0.000613s ]

[ 2016-07-14T14:51:40+08:00 ] 192.168.91.216 /project/Backend/Personnel/index.html
INFO: [ app_init ] --START--
INFO: Run Behavior\BuildLiteBehavior [ RunTime:0.000010s ]
INFO: [ app_init ] --END-- [ RunTime:0.000427s ]
INFO: [ app_begin ] --START--
INFO: Run Behavior\ReadHtmlCacheBehavior [ RunTime:0.000479s ]
INFO: [ app_begin ] --END-- [ RunTime:0.000514s ]
INFO: [ view_parse ] --START--
INFO: [ template_filter ] --START--
INFO: Run Behavior\ContentReplaceBehavior [ RunTime:0.000095s ]
INFO: [ template_filter ] --END-- [ RunTime:0.000140s ]
INFO: Run Behavior\ParseTemplateBehavior [ RunTime:0.006774s ]
INFO: [ view_parse ] --END-- [ RunTime:0.006820s ]
INFO: [ view_filter ] --START--
INFO: Run Behavior\WriteHtmlCacheBehavior [ RunTime:0.000806s ]
INFO: [ view_filter ] --END-- [ RunTime:0.000860s ]
INFO: [ app_end ] --START--
INFO: Run Behavior\ShowPageTraceBehavior [ RunTime:0.003462s ]
INFO: [ app_end ] --END-- [ RunTime:0.003510s ]

[ 2016-07-14T15:59:34+08:00 ] 192.168.91.216 /project/Backend/Personnel/myStudent_etp.html
INFO: [ app_init ] --START--
INFO: Run Behavior\BuildLiteBehavior [ RunTime:0.000017s ]
INFO: [ app_init ] --END-- [ RunTime:0.001594s ]
INFO: [ app_begin ] --START--
INFO: Run Behavior\ReadHtmlCacheBehavior [ RunTime:0.006419s ]
INFO: [ app_begin ] --END-- [ RunTime:0.006483s ]
ERR: 非法操作:myStudent_etp

[ 2016-07-14T15:59:38+08:00 ] 192.168.91.216 /project/Backend/Personnel/index.html
INFO: [ app_init ] --START--
INFO: Run Behavior\BuildLiteBehavior [ RunTime:0.000024s ]
INFO: [ app_init ] --END-- [ RunTime:0.000671s ]
INFO: [ app_begin ] --START--
INFO: Run Behavior\ReadHtmlCacheBehavior [ RunTime:0.000456s ]
INFO: [ app_begin ] --END-- [ RunTime:0.000507s ]
INFO: [ view_parse ] --START--
INFO: [ template_filter ] --START--
INFO: Run Behavior\ContentReplaceBehavior [ RunTime:0.000056s ]
INFO: [ template_filter ] --END-- [ RunTime:0.000094s ]

[ 2016-07-14T16:16:46+08:00 ] 192.168.91.216 /project/Backend/Index/myStudent_etp.html
INFO: [ app_init ] --START--
INFO: Run Behavior\BuildLiteBehavior [ RunTime:0.000010s ]
INFO: [ app_init ] --END-- [ RunTime:0.000433s ]
INFO: [ app_begin ] --START--
INFO: Run Behavior\ReadHtmlCacheBehavior [ RunTime:0.000559s ]
INFO: [ app_begin ] --END-- [ RunTime:0.000598s ]
ERR: 非法操作:myStudent_etp

[ 2016-07-14T16:16:49+08:00 ] 192.168.91.216 /project/Backend/Personnel/index.html
INFO: [ app_init ] --START--
INFO: Run Behavior\BuildLiteBehavior [ RunTime:0.000010s ]
INFO: [ app_init ] --END-- [ RunTime:0.000422s ]
INFO: [ app_begin ] --START--
INFO: Run Behavior\ReadHtmlCacheBehavior [ RunTime:0.000387s ]
INFO: [ app_begin ] --END-- [ RunTime:0.000424s ]
INFO: [ view_parse ] --START--
INFO: [ template_filter ] --START--
INFO: Run Behavior\ContentReplaceBehavior [ RunTime:0.000055s ]
INFO: [ template_filter ] --END-- [ RunTime:0.000090s ]

[ 2016-07-14T17:46:41+08:00 ] 192.168.91.216 /project/Backend/Personnel/index.html
INFO: [ app_init ] --START--
INFO: Run Behavior\BuildLiteBehavior [ RunTime:0.000010s ]
INFO: [ app_init ] --END-- [ RunTime:0.000755s ]
INFO: [ app_begin ] --START--
INFO: Run Behavior\ReadHtmlCacheBehavior [ RunTime:0.009070s ]
INFO: [ app_begin ] --END-- [ RunTime:0.009123s ]
SQL: SHOW COLUMNS FROM `users` [ RunTime:0.0015s ]
NOTIC: [2] Missing argument 2 for Backend\Model\UsersModel::getList(), called in D:\web\project\Application\Backend\Controller\PersonnelController.class.php on line 16 and defined D:\web\project\Application\Backend\Model\UsersModel.class.php 第 17 行.
NOTIC: [8] Undefined variable: order D:\web\project\Application\Backend\Model\UsersModel.class.php 第 18 行.
ERR: 1064:
 [ SQL语句 ] : SELECT * FROM `users` WHERE (  is_check = 1 and resume!= '' status = 1 ) 
ERR: 1064:
 [ SQL语句 ] : SELECT * FROM `users` WHERE (  is_check = 1 and resume!= '' status = 1 ) 

[ 2016-07-14T17:46:55+08:00 ] 192.168.91.216 /project/Backend/Personnel/index.html
INFO: [ app_init ] --START--
INFO: Run Behavior\BuildLiteBehavior [ RunTime:0.000009s ]
INFO: [ app_init ] --END-- [ RunTime:0.000388s ]
INFO: [ app_begin ] --START--
INFO: Run Behavior\ReadHtmlCacheBehavior [ RunTime:0.002317s ]
INFO: [ app_begin ] --END-- [ RunTime:0.002472s ]
SQL: SHOW COLUMNS FROM `users` [ RunTime:0.0010s ]
NOTIC: [2] Missing argument 2 for Backend\Model\UsersModel::getList(), called in D:\web\project\Application\Backend\Controller\PersonnelController.class.php on line 16 and defined D:\web\project\Application\Backend\Model\UsersModel.class.php 第 17 行.
NOTIC: [8] Undefined variable: order D:\web\project\Application\Backend\Model\UsersModel.class.php 第 18 行.
SQL: SELECT * FROM `users` WHERE (  is_check = 1 and resume!= '' and status = 1 )  [ RunTime:0.0220s ]
INFO: [ view_parse ] --START--
INFO: [ template_filter ] --START--
INFO: Run Behavior\ContentReplaceBehavior [ RunTime:0.000058s ]
INFO: [ template_filter ] --END-- [ RunTime:0.000108s ]
NOTIC: [8] Undefined variable: data D:\web\project\Application\Runtime\Cache\Backend\f4370f633309cfdbcab2b2a0b3e12c00.php 第 43 行.
INFO: Run Behavior\ParseTemplateBehavior [ RunTime:0.031624s ]
INFO: [ view_parse ] --END-- [ RunTime:0.031684s ]
INFO: [ view_filter ] --START--
INFO: Run Behavior\WriteHtmlCacheBehavior [ RunTime:0.015137s ]
INFO: [ view_filter ] --END-- [ RunTime:0.015175s ]
INFO: [ app_end ] --START--
INFO: Run Behavior\ShowPageTraceBehavior [ RunTime:0.007830s ]
INFO: [ app_end ] --END-- [ RunTime:0.007873s ]

[ 2016-07-14T17:47:04+08:00 ] 192.168.91.216 /project/Backend/Personnel/index.html
INFO: [ app_init ] --START--
INFO: Run Behavior\BuildLiteBehavior [ RunTime:0.000011s ]
INFO: [ app_init ] --END-- [ RunTime:0.000367s ]
INFO: [ app_begin ] --START--
INFO: Run Behavior\ReadHtmlCacheBehavior [ RunTime:0.001091s ]
INFO: [ app_begin ] --END-- [ RunTime:0.001154s ]
SQL: SHOW COLUMNS FROM `users` [ RunTime:0.0009s ]
NOTIC: [2] Missing argument 2 for Backend\Model\UsersModel::getList(), called in D:\web\project\Application\Backend\Controller\PersonnelController.class.php on line 16 and defined D:\web\project\Application\Backend\Model\UsersModel.class.php 第 17 行.
NOTIC: [8] Undefined variable: order D:\web\project\Application\Backend\Model\UsersModel.class.php 第 18 行.
SQL: SELECT * FROM `users` WHERE (  is_check = 1 and resume!= '' and status = 1 )  [ RunTime:0.0004s ]
INFO: [ view_parse ] --START--
INFO: [ template_filter ] --START--
INFO: Run Behavior\ContentReplaceBehavior [ RunTime:0.000063s ]
INFO: [ template_filter ] --END-- [ RunTime:0.000125s ]
INFO: Run Behavior\ParseTemplateBehavior [ RunTime:0.006891s ]
INFO: [ view_parse ] --END-- [ RunTime:0.006944s ]
INFO: [ view_filter ] --START--
INFO: Run Behavior\WriteHtmlCacheBehavior [ RunTime:0.000408s ]
INFO: [ view_filter ] --END-- [ RunTime:0.000438s ]
INFO: [ app_end ] --START--
INFO: Run Behavior\ShowPageTraceBehavior [ RunTime:0.000529s ]
INFO: [ app_end ] --END-- [ RunTime:0.000560s ]

[ 2016-07-14T17:47:06+08:00 ] 192.168.91.216 /project/Backend/Personnel/index.html
INFO: [ app_init ] --START--
INFO: Run Behavior\BuildLiteBehavior [ RunTime:0.000010s ]
INFO: [ app_init ] --END-- [ RunTime:0.000334s ]
INFO: [ app_begin ] --START--
INFO: Run Behavior\ReadHtmlCacheBehavior [ RunTime:0.000874s ]
INFO: [ app_begin ] --END-- [ RunTime:0.000996s ]
SQL: SHOW COLUMNS FROM `users` [ RunTime:0.0010s ]
NOTIC: [2] Missing argument 2 for Backend\Model\UsersModel::getList(), called in D:\web\project\Application\Backend\Controller\PersonnelController.class.php on line 16 and defined D:\web\project\Application\Backend\Model\UsersModel.class.php 第 17 行.
NOTIC: [8] Undefined variable: order D:\web\project\Application\Backend\Model\UsersModel.class.php 第 18 行.
SQL: SELECT * FROM `users` WHERE (  is_check = 1 and resume!= '' and status = 1 )  [ RunTime:0.0004s ]
INFO: [ view_parse ] --START--
INFO: [ template_filter ] --START--
INFO: Run Behavior\ContentReplaceBehavior [ RunTime:0.000056s ]
INFO: [ template_filter ] --END-- [ RunTime:0.000098s ]
INFO: Run Behavior\ParseTemplateBehavior [ RunTime:0.006307s ]
INFO: [ view_parse ] --END-- [ RunTime:0.006356s ]
INFO: [ view_filter ] --START--
INFO: Run Behavior\WriteHtmlCacheBehavior [ RunTime:0.000446s ]
INFO: [ view_filter ] --END-- [ RunTime:0.000474s ]
INFO: [ app_end ] --START--
INFO: Run Behavior\ShowPageTraceBehavior [ RunTime:0.000587s ]
INFO: [ app_end ] --END-- [ RunTime:0.000653s ]

[ 2016-07-14T17:47:17+08:00 ] 192.168.91.216 /project/Backend/Personnel/index.html
INFO: [ app_init ] --START--
INFO: Run Behavior\BuildLiteBehavior [ RunTime:0.000014s ]
INFO: [ app_init ] --END-- [ RunTime:0.000481s ]
INFO: [ app_begin ] --START--
INFO: Run Behavior\ReadHtmlCacheBehavior [ RunTime:0.000801s ]
INFO: [ app_begin ] --END-- [ RunTime:0.000856s ]
SQL: SHOW COLUMNS FROM `users` [ RunTime:0.0009s ]
NOTIC: [2] Missing argument 2 for Backend\Model\UsersModel::getList(), called in D:\web\project\Application\Backend\Controller\PersonnelController.class.php on line 16 and defined D:\web\project\Application\Backend\Model\UsersModel.class.php 第 17 行.
NOTIC: [8] Undefined variable: order D:\web\project\Application\Backend\Model\UsersModel.class.php 第 18 行.
SQL: SELECT * FROM `users` WHERE (  is_check = 1 and resume!= '' and status = 1 )  [ RunTime:0.0003s ]
INFO: [ view_parse ] --START--
INFO: [ template_filter ] --START--
INFO: Run Behavior\ContentReplaceBehavior [ RunTime:0.000069s ]
INFO: [ template_filter ] --END-- [ RunTime:0.000110s ]
INFO: Run Behavior\ParseTemplateBehavior [ RunTime:0.011729s ]
INFO: [ view_parse ] --END-- [ RunTime:0.011782s ]
INFO: [ view_filter ] --START--
INFO: Run Behavior\WriteHtmlCacheBehavior [ RunTime:0.000501s ]
INFO: [ view_filter ] --END-- [ RunTime:0.000532s ]
INFO: [ app_end ] --START--
INFO: Run Behavior\ShowPageTraceBehavior [ RunTime:0.000643s ]
INFO: [ app_end ] --END-- [ RunTime:0.000669s ]

[ 2016-07-14T17:47:18+08:00 ] 192.168.91.216 /project/Backend/Personnel/img/btn-collect.png
INFO: [ app_init ] --START--
INFO: Run Behavior\BuildLiteBehavior [ RunTime:0.000010s ]
INFO: [ app_init ] --END-- [ RunTime:0.000422s ]

[ 2016-07-14T17:47:19+08:00 ] 192.168.91.216 /project/Backend/Personnel/img/btn-uncollect.png
INFO: [ app_init ] --START--
INFO: Run Behavior\BuildLiteBehavior [ RunTime:0.000009s ]
INFO: [ app_init ] --END-- [ RunTime:0.000371s ]

[ 2016-07-14T17:47:19+08:00 ] 192.168.91.216 /project/Backend/Personnel/img/btn-collect.png
INFO: [ app_init ] --START--
INFO: Run Behavior\BuildLiteBehavior [ RunTime:0.000009s ]
INFO: [ app_init ] --END-- [ RunTime:0.000331s ]

[ 2016-07-14T17:47:20+08:00 ] 192.168.91.216 /project/Backend/Personnel/img/btn-uncollect.png
INFO: [ app_init ] --START--
INFO: Run Behavior\BuildLiteBehavior [ RunTime:0.000010s ]
INFO: [ app_init ] --END-- [ RunTime:0.000430s ]

[ 2016-07-14T17:48:11+08:00 ] 192.168.91.216 /project/Backend/Personnel/index.html
INFO: [ app_init ] --START--
INFO: Run Behavior\BuildLiteBehavior [ RunTime:0.000009s ]
INFO: [ app_init ] --END-- [ RunTime:0.000389s ]
INFO: [ app_begin ] --START--
INFO: Run Behavior\ReadHtmlCacheBehavior [ RunTime:0.000569s ]
INFO: [ app_begin ] --END-- [ RunTime:0.000607s ]
SQL: SHOW COLUMNS FROM `users` [ RunTime:0.0009s ]
NOTIC: [2] Missing argument 2 for Backend\Model\UsersModel::getList(), called in D:\web\project\Application\Backend\Controller\PersonnelController.class.php on line 16 and defined D:\web\project\Application\Backend\Model\UsersModel.class.php 第 17 行.
NOTIC: [8] Undefined variable: order D:\web\project\Application\Backend\Model\UsersModel.class.php 第 18 行.
SQL: SELECT * FROM `users` WHERE (  is_check = 1 and resume!= '' and status = 1 )  [ RunTime:0.0004s ]
INFO: [ view_parse ] --START--
INFO: [ template_filter ] --START--
INFO: Run Behavior\ContentReplaceBehavior [ RunTime:0.000058s ]
INFO: [ template_filter ] --END-- [ RunTime:0.000098s ]
INFO: Run Behavior\ParseTemplateBehavior [ RunTime:0.007109s ]
INFO: [ view_parse ] --END-- [ RunTime:0.007164s ]
INFO: [ view_filter ] --START--
INFO: Run Behavior\WriteHtmlCacheBehavior [ RunTime:0.000441s ]
INFO: [ view_filter ] --END-- [ RunTime:0.000476s ]
INFO: [ app_end ] --START--
INFO: Run Behavior\ShowPageTraceBehavior [ RunTime:0.003387s ]
INFO: [ app_end ] --END-- [ RunTime:0.003441s ]

[ 2016-07-14T17:48:25+08:00 ] 192.168.91.216 /project/Backend/Personnel/index.html
INFO: [ app_init ] --START--
INFO: Run Behavior\BuildLiteBehavior [ RunTime:0.000013s ]
INFO: [ app_init ] --END-- [ RunTime:0.001070s ]
INFO: [ app_begin ] --START--
INFO: Run Behavior\ReadHtmlCacheBehavior [ RunTime:0.000570s ]
INFO: [ app_begin ] --END-- [ RunTime:0.000641s ]
SQL: SHOW COLUMNS FROM `users` [ RunTime:0.0011s ]
NOTIC: [2] Missing argument 2 for Backend\Model\UsersModel::getList(), called in D:\web\project\Application\Backend\Controller\PersonnelController.class.php on line 16 and defined D:\web\project\Application\Backend\Model\UsersModel.class.php 第 17 行.
NOTIC: [8] Undefined variable: order D:\web\project\Application\Backend\Model\UsersModel.class.php 第 18 行.
SQL: SELECT * FROM `users` WHERE (  is_check = 1 and resume!= '' and status = 1 )  [ RunTime:0.0004s ]
INFO: [ view_parse ] --START--
INFO: [ template_filter ] --START--
INFO: Run Behavior\ContentReplaceBehavior [ RunTime:0.000062s ]
INFO: [ template_filter ] --END-- [ RunTime:0.000106s ]
INFO: Run Behavior\ParseTemplateBehavior [ RunTime:0.006162s ]
INFO: [ view_parse ] --END-- [ RunTime:0.006220s ]
INFO: [ view_filter ] --START--
INFO: Run Behavior\WriteHtmlCacheBehavior [ RunTime:0.001857s ]
INFO: [ view_filter ] --END-- [ RunTime:0.001931s ]
INFO: [ app_end ] --START--
INFO: Run Behavior\ShowPageTraceBehavior [ RunTime:0.001127s ]
INFO: [ app_end ] --END-- [ RunTime:0.001215s ]

[ 2016-07-14T17:49:03+08:00 ] 192.168.91.216 /project/Backend/Personnel/index.html
INFO: [ app_init ] --START--
INFO: Run Behavior\BuildLiteBehavior [ RunTime:0.000010s ]
INFO: [ app_init ] --END-- [ RunTime:0.000326s ]
INFO: [ app_begin ] --START--
INFO: Run Behavior\ReadHtmlCacheBehavior [ RunTime:0.000516s ]
INFO: [ app_begin ] --END-- [ RunTime:0.000554s ]
SQL: SHOW COLUMNS FROM `users` [ RunTime:0.0010s ]
NOTIC: [2] Missing argument 2 for Backend\Model\UsersModel::getList(), called in D:\web\project\Application\Backend\Controller\PersonnelController.class.php on line 16 and defined D:\web\project\Application\Backend\Model\UsersModel.class.php 第 17 行.
NOTIC: [8] Undefined variable: order D:\web\project\Application\Backend\Model\UsersModel.class.php 第 18 行.
SQL: SELECT * FROM `users` WHERE (  is_check = 1 and resume!= '' and status = 1 )  [ RunTime:0.0004s ]
INFO: [ view_parse ] --START--
INFO: [ template_filter ] --START--
INFO: Run Behavior\ContentReplaceBehavior [ RunTime:0.000057s ]
INFO: [ template_filter ] --END-- [ RunTime:0.000097s ]
INFO: Run Behavior\ParseTemplateBehavior [ RunTime:0.007065s ]
INFO: [ view_parse ] --END-- [ RunTime:0.007153s ]
INFO: [ view_filter ] --START--
INFO: Run Behavior\WriteHtmlCacheBehavior [ RunTime:0.002698s ]
INFO: [ view_filter ] --END-- [ RunTime:0.002769s ]
INFO: [ app_end ] --START--
INFO: Run Behavior\ShowPageTraceBehavior [ RunTime:0.000712s ]
INFO: [ app_end ] --END-- [ RunTime:0.000747s ]

[ 2016-07-14T17:49:16+08:00 ] 192.168.91.216 /project/Backend/Personnel/index.html
INFO: [ app_init ] --START--
INFO: Run Behavior\BuildLiteBehavior [ RunTime:0.000010s ]
INFO: [ app_init ] --END-- [ RunTime:0.000416s ]
INFO: [ app_begin ] --START--
INFO: Run Behavior\ReadHtmlCacheBehavior [ RunTime:0.000628s ]
INFO: [ app_begin ] --END-- [ RunTime:0.000665s ]
SQL: SHOW COLUMNS FROM `users` [ RunTime:0.0016s ]
NOTIC: [2] Missing argument 2 for Backend\Model\UsersModel::getList(), called in D:\web\project\Application\Backend\Controller\PersonnelController.class.php on line 16 and defined D:\web\project\Application\Backend\Model\UsersModel.class.php 第 17 行.
NOTIC: [8] Undefined variable: order D:\web\project\Application\Backend\Model\UsersModel.class.php 第 18 行.
SQL: SELECT * FROM `users` WHERE (  is_check = 1 and resume!= '' and status = 1 )  [ RunTime:0.0004s ]
INFO: [ view_parse ] --START--
INFO: [ template_filter ] --START--
INFO: Run Behavior\ContentReplaceBehavior [ RunTime:0.000128s ]
INFO: [ template_filter ] --END-- [ RunTime:0.000200s ]
INFO: Run Behavior\ParseTemplateBehavior [ RunTime:0.006811s ]
INFO: [ view_parse ] --END-- [ RunTime:0.006860s ]
INFO: [ view_filter ] --START--
INFO: Run Behavior\WriteHtmlCacheBehavior [ RunTime:0.000467s ]
INFO: [ view_filter ] --END-- [ RunTime:0.000497s ]
INFO: [ app_end ] --START--
INFO: Run Behavior\ShowPageTraceBehavior [ RunTime:0.000647s ]
INFO: [ app_end ] --END-- [ RunTime:0.000675s ]

[ 2016-07-14T17:52:18+08:00 ] 192.168.91.216 /project/Backend/Personnel/index.html
INFO: [ app_init ] --START--
INFO: Run Behavior\BuildLiteBehavior [ RunTime:0.000014s ]
INFO: [ app_init ] --END-- [ RunTime:0.000548s ]
INFO: [ app_begin ] --START--
INFO: Run Behavior\ReadHtmlCacheBehavior [ RunTime:0.000850s ]
INFO: [ app_begin ] --END-- [ RunTime:0.000940s ]
SQL: SHOW COLUMNS FROM `users` [ RunTime:0.0008s ]
NOTIC: [2] Missing argument 2 for Backend\Model\UsersModel::getList(), called in D:\web\project\Application\Backend\Controller\PersonnelController.class.php on line 16 and defined D:\web\project\Application\Backend\Model\UsersModel.class.php 第 17 行.
NOTIC: [8] Undefined variable: order D:\web\project\Application\Backend\Model\UsersModel.class.php 第 18 行.
SQL: SELECT * FROM `users` WHERE (  is_check = 1 and resume!= '' and status = 1 )  [ RunTime:0.0036s ]
INFO: [ view_parse ] --START--
INFO: [ template_filter ] --START--
INFO: Run Behavior\ContentReplaceBehavior [ RunTime:0.000071s ]
INFO: [ template_filter ] --END-- [ RunTime:0.000116s ]
SQL: SHOW COLUMNS FROM `pushs` [ RunTime:0.0015s ]
NOTIC: [8] Undefined property: Think\Storage\Driver\File::$user_id D:\web\project\Application\Runtime\Cache\Backend\f4370f633309cfdbcab2b2a0b3e12c00.php 第 56 行.
SQL: SELECT * FROM `pushs` WHERE `company_id` = null AND `user_id` = 1 LIMIT 1   [ RunTime:0.0216s ]
INFO: Run Behavior\ParseTemplateBehavior [ RunTime:0.059924s ]
INFO: [ view_parse ] --END-- [ RunTime:0.059989s ]
INFO: [ view_filter ] --START--
INFO: Run Behavior\WriteHtmlCacheBehavior [ RunTime:0.000493s ]
INFO: [ view_filter ] --END-- [ RunTime:0.000522s ]
INFO: [ app_end ] --START--
INFO: Run Behavior\ShowPageTraceBehavior [ RunTime:0.000512s ]
INFO: [ app_end ] --END-- [ RunTime:0.000540s ]

[ 2016-07-14T17:52:22+08:00 ] 192.168.91.216 /project/Backend/Personnel/index.html
INFO: [ app_init ] --START--
INFO: Run Behavior\BuildLiteBehavior [ RunTime:0.000010s ]
INFO: [ app_init ] --END-- [ RunTime:0.000329s ]
INFO: [ app_begin ] --START--
INFO: Run Behavior\ReadHtmlCacheBehavior [ RunTime:0.000738s ]
INFO: [ app_begin ] --END-- [ RunTime:0.000783s ]
SQL: SHOW COLUMNS FROM `users` [ RunTime:0.0006s ]
NOTIC: [2] Missing argument 2 for Backend\Model\UsersModel::getList(), called in D:\web\project\Application\Backend\Controller\PersonnelController.class.php on line 16 and defined D:\web\project\Application\Backend\Model\UsersModel.class.php 第 17 行.
NOTIC: [8] Undefined variable: order D:\web\project\Application\Backend\Model\UsersModel.class.php 第 18 行.
SQL: SELECT * FROM `users` WHERE (  is_check = 1 and resume!= '' and status = 1 )  [ RunTime:0.0008s ]
INFO: [ view_parse ] --START--
INFO: [ template_filter ] --START--
INFO: Run Behavior\ContentReplaceBehavior [ RunTime:0.000056s ]
INFO: [ template_filter ] --END-- [ RunTime:0.000090s ]
SQL: SHOW COLUMNS FROM `pushs` [ RunTime:0.0009s ]
NOTIC: [8] Undefined property: Think\Storage\Driver\File::$user_id D:\web\project\Application\Runtime\Cache\Backend\f4370f633309cfdbcab2b2a0b3e12c00.php 第 56 行.
SQL: SELECT * FROM `pushs` WHERE `company_id` = null AND `user_id` = 1 LIMIT 1   [ RunTime:0.0003s ]
INFO: Run Behavior\ParseTemplateBehavior [ RunTime:0.011143s ]
INFO: [ view_parse ] --END-- [ RunTime:0.011704s ]
INFO: [ view_filter ] --START--
INFO: Run Behavior\WriteHtmlCacheBehavior [ RunTime:0.000511s ]
INFO: [ view_filter ] --END-- [ RunTime:0.000541s ]
INFO: [ app_end ] --START--
INFO: Run Behavior\ShowPageTraceBehavior [ RunTime:0.000643s ]
INFO: [ app_end ] --END-- [ RunTime:0.000673s ]

[ 2016-07-14T17:52:33+08:00 ] 192.168.91.216 /project/Backend/Personnel/index.html
INFO: [ app_init ] --START--
INFO: Run Behavior\BuildLiteBehavior [ RunTime:0.000012s ]
INFO: [ app_init ] --END-- [ RunTime:0.000347s ]
INFO: [ app_begin ] --START--
INFO: Run Behavior\ReadHtmlCacheBehavior [ RunTime:0.000823s ]
INFO: [ app_begin ] --END-- [ RunTime:0.001063s ]
SQL: SHOW COLUMNS FROM `users` [ RunTime:0.0006s ]
NOTIC: [2] Missing argument 2 for Backend\Model\UsersModel::getList(), called in D:\web\project\Application\Backend\Controller\PersonnelController.class.php on line 16 and defined D:\web\project\Application\Backend\Model\UsersModel.class.php 第 17 行.
NOTIC: [8] Undefined variable: order D:\web\project\Application\Backend\Model\UsersModel.class.php 第 18 行.
SQL: SELECT * FROM `users` WHERE (  is_check = 1 and resume!= '' and status = 1 )  [ RunTime:0.0003s ]
INFO: [ view_parse ] --START--
INFO: [ template_filter ] --START--
INFO: Run Behavior\ContentReplaceBehavior [ RunTime:0.000064s ]
INFO: [ template_filter ] --END-- [ RunTime:0.000106s ]
SQL: SHOW COLUMNS FROM `pushs` [ RunTime:0.0012s ]
NOTIC: [8] Undefined property: Think\Storage\Driver\File::$user_id D:\web\project\Application\Runtime\Cache\Backend\f4370f633309cfdbcab2b2a0b3e12c00.php 第 56 行.
SQL: SELECT * FROM `pushs` WHERE `company_id` = null AND `user_id` = 1 LIMIT 1   [ RunTime:0.0002s ]
INFO: Run Behavior\ParseTemplateBehavior [ RunTime:0.009231s ]
INFO: [ view_parse ] --END-- [ RunTime:0.009270s ]
INFO: [ view_filter ] --START--
INFO: Run Behavior\WriteHtmlCacheBehavior [ RunTime:0.000529s ]
INFO: [ view_filter ] --END-- [ RunTime:0.000562s ]
INFO: [ app_end ] --START--
INFO: Run Behavior\ShowPageTraceBehavior [ RunTime:0.000531s ]
INFO: [ app_end ] --END-- [ RunTime:0.000563s ]

[ 2016-07-14T17:53:14+08:00 ] 192.168.91.216 /project/Backend/Personnel/index.html
INFO: [ app_init ] --START--
INFO: Run Behavior\BuildLiteBehavior [ RunTime:0.000010s ]
INFO: [ app_init ] --END-- [ RunTime:0.000338s ]
INFO: [ app_begin ] --START--
INFO: Run Behavior\ReadHtmlCacheBehavior [ RunTime:0.000554s ]
INFO: [ app_begin ] --END-- [ RunTime:0.000600s ]
SQL: SHOW COLUMNS FROM `users` [ RunTime:0.0014s ]
NOTIC: [2] Missing argument 2 for Backend\Model\UsersModel::getList(), called in D:\web\project\Application\Backend\Controller\PersonnelController.class.php on line 16 and defined D:\web\project\Application\Backend\Model\UsersModel.class.php 第 17 行.
NOTIC: [8] Undefined variable: order D:\web\project\Application\Backend\Model\UsersModel.class.php 第 18 行.
SQL: SELECT * FROM `users` WHERE (  is_check = 1 and resume!= '' and status = 1 )  [ RunTime:0.0003s ]
INFO: [ view_parse ] --START--
INFO: [ template_filter ] --START--
INFO: Run Behavior\ContentReplaceBehavior [ RunTime:0.000063s ]
INFO: [ template_filter ] --END-- [ RunTime:0.000099s ]
SQL: SHOW COLUMNS FROM `pushs` [ RunTime:0.0009s ]
SQL: SELECT * FROM `pushs` WHERE `company_id` = 1 AND `user_id` = 1 LIMIT 1   [ RunTime:0.0002s ]
INFO: Run Behavior\ParseTemplateBehavior [ RunTime:0.007623s ]
INFO: [ view_parse ] --END-- [ RunTime:0.007669s ]
INFO: [ view_filter ] --START--
INFO: Run Behavior\WriteHtmlCacheBehavior [ RunTime:0.000452s ]
INFO: [ view_filter ] --END-- [ RunTime:0.000481s ]
INFO: [ app_end ] --START--
INFO: Run Behavior\ShowPageTraceBehavior [ RunTime:0.000517s ]
INFO: [ app_end ] --END-- [ RunTime:0.000545s ]

[ 2016-07-14T17:54:33+08:00 ] 192.168.91.216 /project/Backend/Personnel/index.html
INFO: [ app_init ] --START--
INFO: Run Behavior\BuildLiteBehavior [ RunTime:0.000010s ]
INFO: [ app_init ] --END-- [ RunTime:0.000360s ]
INFO: [ app_begin ] --START--
INFO: Run Behavior\ReadHtmlCacheBehavior [ RunTime:0.001839s ]
INFO: [ app_begin ] --END-- [ RunTime:0.001915s ]
SQL: SHOW COLUMNS FROM `users` [ RunTime:0.0047s ]
NOTIC: [2] Missing argument 2 for Backend\Model\UsersModel::getList(), called in D:\web\project\Application\Backend\Controller\PersonnelController.class.php on line 16 and defined D:\web\project\Application\Backend\Model\UsersModel.class.php 第 17 行.
NOTIC: [8] Undefined variable: order D:\web\project\Application\Backend\Model\UsersModel.class.php 第 18 行.
SQL: SELECT * FROM `users` WHERE (  is_check = 1 and resume!= '' and status = 1 )  [ RunTime:0.0004s ]
INFO: [ view_parse ] --START--
INFO: [ template_filter ] --START--
INFO: Run Behavior\ContentReplaceBehavior [ RunTime:0.000065s ]
INFO: [ template_filter ] --END-- [ RunTime:0.000109s ]
SQL: SHOW COLUMNS FROM `pushs` [ RunTime:0.0009s ]
SQL: SELECT * FROM `pushs` WHERE `company_id` = 1 AND `user_id` = 1 LIMIT 1   [ RunTime:0.0002s ]
INFO: Run Behavior\ParseTemplateBehavior [ RunTime:0.009255s ]
INFO: [ view_parse ] --END-- [ RunTime:0.009296s ]
INFO: [ view_filter ] --START--
INFO: Run Behavior\WriteHtmlCacheBehavior [ RunTime:0.000507s ]
INFO: [ view_filter ] --END-- [ RunTime:0.000534s ]
INFO: [ app_end ] --START--
INFO: Run Behavior\ShowPageTraceBehavior [ RunTime:0.000520s ]
INFO: [ app_end ] --END-- [ RunTime:0.000549s ]

[ 2016-07-14T17:55:02+08:00 ] 192.168.91.216 /project/Backend/Personnel/index.html
INFO: [ app_init ] --START--
INFO: Run Behavior\BuildLiteBehavior [ RunTime:0.000011s ]
INFO: [ app_init ] --END-- [ RunTime:0.000384s ]
INFO: [ app_begin ] --START--
INFO: Run Behavior\ReadHtmlCacheBehavior [ RunTime:0.000704s ]
INFO: [ app_begin ] --END-- [ RunTime:0.000754s ]
SQL: SHOW COLUMNS FROM `users` [ RunTime:0.0008s ]
NOTIC: [2] Missing argument 2 for Backend\Model\UsersModel::getList(), called in D:\web\project\Application\Backend\Controller\PersonnelController.class.php on line 16 and defined D:\web\project\Application\Backend\Model\UsersModel.class.php 第 17 行.
NOTIC: [8] Undefined variable: order D:\web\project\Application\Backend\Model\UsersModel.class.php 第 18 行.
SQL: SELECT * FROM `users` WHERE (  is_check = 1 and resume!= '' and status = 1 )  [ RunTime:0.0004s ]
INFO: [ view_parse ] --START--
INFO: [ template_filter ] --START--
INFO: Run Behavior\ContentReplaceBehavior [ RunTime:0.000058s ]
INFO: [ template_filter ] --END-- [ RunTime:0.000093s ]
SQL: SHOW COLUMNS FROM `pushs` [ RunTime:0.0010s ]
SQL: SELECT * FROM `pushs` WHERE `company_id` = 1 AND `user_id` = 1 LIMIT 1   [ RunTime:0.0004s ]
INFO: Run Behavior\ParseTemplateBehavior [ RunTime:0.009124s ]
INFO: [ view_parse ] --END-- [ RunTime:0.009165s ]
INFO: [ view_filter ] --START--
INFO: Run Behavior\WriteHtmlCacheBehavior [ RunTime:0.000538s ]
INFO: [ view_filter ] --END-- [ RunTime:0.000570s ]
INFO: [ app_end ] --START--
INFO: Run Behavior\ShowPageTraceBehavior [ RunTime:0.000527s ]
INFO: [ app_end ] --END-- [ RunTime:0.000559s ]

[ 2016-07-14T17:55:14+08:00 ] 192.168.91.216 /project/Backend/Personnel/index.html
INFO: [ app_init ] --START--
INFO: Run Behavior\BuildLiteBehavior [ RunTime:0.000016s ]
INFO: [ app_init ] --END-- [ RunTime:0.000467s ]
INFO: [ app_begin ] --START--
INFO: Run Behavior\ReadHtmlCacheBehavior [ RunTime:0.000599s ]
INFO: [ app_begin ] --END-- [ RunTime:0.000640s ]
SQL: SHOW COLUMNS FROM `users` [ RunTime:0.0007s ]
NOTIC: [2] Missing argument 2 for Backend\Model\UsersModel::getList(), called in D:\web\project\Application\Backend\Controller\PersonnelController.class.php on line 16 and defined D:\web\project\Application\Backend\Model\UsersModel.class.php 第 17 行.
NOTIC: [8] Undefined variable: order D:\web\project\Application\Backend\Model\UsersModel.class.php 第 18 行.
SQL: SELECT * FROM `users` WHERE (  is_check = 1 and resume!= '' and status = 1 )  [ RunTime:0.0005s ]
INFO: [ view_parse ] --START--
INFO: [ template_filter ] --START--
INFO: Run Behavior\ContentReplaceBehavior [ RunTime:0.000100s ]
INFO: [ template_filter ] --END-- [ RunTime:0.000169s ]
SQL: SHOW COLUMNS FROM `pushs` [ RunTime:0.0012s ]
SQL: SELECT * FROM `pushs` WHERE `company_id` = 1 AND `user_id` = 1 LIMIT 1   [ RunTime:0.0004s ]
INFO: Run Behavior\ParseTemplateBehavior [ RunTime:0.011249s ]
INFO: [ view_parse ] --END-- [ RunTime:0.011295s ]
INFO: [ view_filter ] --START--
INFO: Run Behavior\WriteHtmlCacheBehavior [ RunTime:0.000812s ]
INFO: [ view_filter ] --END-- [ RunTime:0.000850s ]
INFO: [ app_end ] --START--
INFO: Run Behavior\ShowPageTraceBehavior [ RunTime:0.000852s ]
INFO: [ app_end ] --END-- [ RunTime:0.000892s ]

[ 2016-07-14T18:04:41+08:00 ] 192.168.91.216 /project/Backend/Personnel/index.html
INFO: [ app_init ] --START--
INFO: Run Behavior\BuildLiteBehavior [ RunTime:0.000009s ]
INFO: [ app_init ] --END-- [ RunTime:0.000452s ]
INFO: [ app_begin ] --START--
INFO: Run Behavior\ReadHtmlCacheBehavior [ RunTime:0.000653s ]
INFO: [ app_begin ] --END-- [ RunTime:0.000762s ]
SQL: SHOW COLUMNS FROM `users` [ RunTime:0.0013s ]
NOTIC: [2] Missing argument 2 for Backend\Model\UsersModel::getList(), called in D:\web\project\Application\Backend\Controller\PersonnelController.class.php on line 16 and defined D:\web\project\Application\Backend\Model\UsersModel.class.php 第 17 行.
NOTIC: [8] Undefined variable: order D:\web\project\Application\Backend\Model\UsersModel.class.php 第 18 行.
SQL: SELECT * FROM `users` WHERE (  is_check = 1 and resume!= '' and status = 1 )  [ RunTime:0.0004s ]
INFO: [ view_parse ] --START--
INFO: [ template_filter ] --START--
INFO: Run Behavior\ContentReplaceBehavior [ RunTime:0.000064s ]
INFO: [ template_filter ] --END-- [ RunTime:0.000103s ]
SQL: SHOW COLUMNS FROM `pushs` [ RunTime:0.0007s ]
SQL: SELECT * FROM `pushs` WHERE `company_id` = 1 AND `user_id` = 1 LIMIT 1   [ RunTime:0.0003s ]
INFO: Run Behavior\ParseTemplateBehavior [ RunTime:0.011879s ]
INFO: [ view_parse ] --END-- [ RunTime:0.011912s ]
INFO: [ view_filter ] --START--
INFO: Run Behavior\WriteHtmlCacheBehavior [ RunTime:0.000528s ]
INFO: [ view_filter ] --END-- [ RunTime:0.000557s ]
INFO: [ app_end ] --START--
INFO: Run Behavior\ShowPageTraceBehavior [ RunTime:0.000570s ]
INFO: [ app_end ] --END-- [ RunTime:0.000598s ]

[ 2016-07-14T18:04:44+08:00 ] 192.168.91.216 /project/Backend/Personnel/img/btn-collect.png
INFO: [ app_init ] --START--
INFO: Run Behavior\BuildLiteBehavior [ RunTime:0.000010s ]
INFO: [ app_init ] --END-- [ RunTime:0.000481s ]

[ 2016-07-14T18:04:47+08:00 ] 192.168.91.216 /project/Backend/Personnel/img/btn-collect.png
INFO: [ app_init ] --START--
INFO: Run Behavior\BuildLiteBehavior [ RunTime:0.000012s ]
INFO: [ app_init ] --END-- [ RunTime:0.000610s ]

[ 2016-07-14T18:04:59+08:00 ] 192.168.91.216 /project/Backend/Personnel/index.html
INFO: [ app_init ] --START--
INFO: Run Behavior\BuildLiteBehavior [ RunTime:0.000011s ]
INFO: [ app_init ] --END-- [ RunTime:0.000436s ]
INFO: [ app_begin ] --START--
INFO: Run Behavior\ReadHtmlCacheBehavior [ RunTime:0.000574s ]
INFO: [ app_begin ] --END-- [ RunTime:0.000623s ]
SQL: SHOW COLUMNS FROM `users` [ RunTime:0.0007s ]
NOTIC: [2] Missing argument 2 for Backend\Model\UsersModel::getList(), called in D:\web\project\Application\Backend\Controller\PersonnelController.class.php on line 16 and defined D:\web\project\Application\Backend\Model\UsersModel.class.php 第 17 行.
NOTIC: [8] Undefined variable: order D:\web\project\Application\Backend\Model\UsersModel.class.php 第 18 行.
SQL: SELECT * FROM `users` WHERE (  is_check = 1 and resume!= '' and status = 1 )  [ RunTime:0.0004s ]
INFO: [ view_parse ] --START--
INFO: [ template_filter ] --START--
INFO: Run Behavior\ContentReplaceBehavior [ RunTime:0.000058s ]
INFO: [ template_filter ] --END-- [ RunTime:0.000098s ]
SQL: SHOW COLUMNS FROM `pushs` [ RunTime:0.0007s ]
SQL: SELECT * FROM `pushs` WHERE `company_id` = 1 AND `user_id` = 1 LIMIT 1   [ RunTime:0.0004s ]
INFO: Run Behavior\ParseTemplateBehavior [ RunTime:0.008814s ]
INFO: [ view_parse ] --END-- [ RunTime:0.008844s ]
INFO: [ view_filter ] --START--
INFO: Run Behavior\WriteHtmlCacheBehavior [ RunTime:0.000484s ]
INFO: [ view_filter ] --END-- [ RunTime:0.000514s ]
INFO: [ app_end ] --START--
INFO: Run Behavior\ShowPageTraceBehavior [ RunTime:0.000821s ]
INFO: [ app_end ] --END-- [ RunTime:0.000858s ]

[ 2016-07-14T18:06:35+08:00 ] 192.168.91.216 /project/Backend/Personnel/index.html
INFO: [ app_init ] --START--
INFO: Run Behavior\BuildLiteBehavior [ RunTime:0.000010s ]
INFO: [ app_init ] --END-- [ RunTime:0.000361s ]
INFO: [ app_begin ] --START--
INFO: Run Behavior\ReadHtmlCacheBehavior [ RunTime:0.000847s ]
INFO: [ app_begin ] --END-- [ RunTime:0.000902s ]
SQL: SHOW COLUMNS FROM `users` [ RunTime:0.0008s ]
NOTIC: [2] Missing argument 2 for Backend\Model\UsersModel::getList(), called in D:\web\project\Application\Backend\Controller\PersonnelController.class.php on line 16 and defined D:\web\project\Application\Backend\Model\UsersModel.class.php 第 17 行.
NOTIC: [8] Undefined variable: order D:\web\project\Application\Backend\Model\UsersModel.class.php 第 18 行.
SQL: SELECT * FROM `users` WHERE (  is_check = 1 and resume!= '' and status = 1 )  [ RunTime:0.0004s ]
INFO: [ view_parse ] --START--
INFO: [ template_filter ] --START--
INFO: Run Behavior\ContentReplaceBehavior [ RunTime:0.000097s ]
INFO: [ template_filter ] --END-- [ RunTime:0.000147s ]
SQL: SHOW COLUMNS FROM `pushs` [ RunTime:0.0010s ]
SQL: SELECT * FROM `pushs` WHERE `company_id` = 1 AND `user_id` = 1 LIMIT 1   [ RunTime:0.0003s ]
INFO: Run Behavior\ParseTemplateBehavior [ RunTime:0.011904s ]
INFO: [ view_parse ] --END-- [ RunTime:0.011954s ]
INFO: [ view_filter ] --START--
INFO: Run Behavior\WriteHtmlCacheBehavior [ RunTime:0.000603s ]
INFO: [ view_filter ] --END-- [ RunTime:0.000635s ]
INFO: [ app_end ] --START--
INFO: Run Behavior\ShowPageTraceBehavior [ RunTime:0.000642s ]
INFO: [ app_end ] --END-- [ RunTime:0.000671s ]

[ 2016-07-14T18:06:36+08:00 ] 192.168.91.216 /project/Backend/Personnel/index.html
INFO: [ app_init ] --START--
INFO: Run Behavior\BuildLiteBehavior [ RunTime:0.000016s ]
INFO: [ app_init ] --END-- [ RunTime:0.000748s ]
INFO: [ app_begin ] --START--
INFO: Run Behavior\ReadHtmlCacheBehavior [ RunTime:0.000637s ]
INFO: [ app_begin ] --END-- [ RunTime:0.000714s ]
SQL: SHOW COLUMNS FROM `users` [ RunTime:0.0010s ]
NOTIC: [2] Missing argument 2 for Backend\Model\UsersModel::getList(), called in D:\web\project\Application\Backend\Controller\PersonnelController.class.php on line 16 and defined D:\web\project\Application\Backend\Model\UsersModel.class.php 第 17 行.
NOTIC: [8] Undefined variable: order D:\web\project\Application\Backend\Model\UsersModel.class.php 第 18 行.
SQL: SELECT * FROM `users` WHERE (  is_check = 1 and resume!= '' and status = 1 )  [ RunTime:0.0003s ]
INFO: [ view_parse ] --START--
INFO: [ template_filter ] --START--
INFO: Run Behavior\ContentReplaceBehavior [ RunTime:0.000060s ]
INFO: [ template_filter ] --END-- [ RunTime:0.000096s ]
SQL: SHOW COLUMNS FROM `pushs` [ RunTime:0.0010s ]
SQL: SELECT * FROM `pushs` WHERE `company_id` = 1 AND `user_id` = 1 LIMIT 1   [ RunTime:0.0003s ]
INFO: Run Behavior\ParseTemplateBehavior [ RunTime:0.009101s ]
INFO: [ view_parse ] --END-- [ RunTime:0.009130s ]
INFO: [ view_filter ] --START--
INFO: Run Behavior\WriteHtmlCacheBehavior [ RunTime:0.000608s ]
INFO: [ view_filter ] --END-- [ RunTime:0.000639s ]
INFO: [ app_end ] --START--
INFO: Run Behavior\ShowPageTraceBehavior [ RunTime:0.001089s ]
INFO: [ app_end ] --END-- [ RunTime:0.001127s ]

[ 2016-07-14T18:06:38+08:00 ] 192.168.91.216 /project/Backend/Personnel/house.html
INFO: [ app_init ] --START--
INFO: Run Behavior\BuildLiteBehavior [ RunTime:0.000012s ]
INFO: [ app_init ] --END-- [ RunTime:0.000416s ]
INFO: [ app_begin ] --START--
INFO: Run Behavior\ReadHtmlCacheBehavior [ RunTime:0.000593s ]
INFO: [ app_begin ] --END-- [ RunTime:0.000649s ]
SQL: SHOW COLUMNS FROM `house` [ RunTime:0.0008s ]
SQL: SELECT * FROM `house` WHERE `id` = 1 AND `company_id` = 1 LIMIT 1   [ RunTime:0.0002s ]
ERR: 1364:
 [ SQL语句 ] : INSERT INTO `house` (`company_id`,`user_id`) VALUES ('1','1')
ERR: 1364:
 [ SQL语句 ] : INSERT INTO `house` (`company_id`,`user_id`) VALUES ('1','1')

[ 2016-07-14T18:07:31+08:00 ] 192.168.91.216 /project/Backend/Personnel/index.html
INFO: [ app_init ] --START--
INFO: Run Behavior\BuildLiteBehavior [ RunTime:0.000013s ]
INFO: [ app_init ] --END-- [ RunTime:0.000621s ]
INFO: [ app_begin ] --START--
INFO: Run Behavior\ReadHtmlCacheBehavior [ RunTime:0.000884s ]
INFO: [ app_begin ] --END-- [ RunTime:0.000930s ]
SQL: SHOW COLUMNS FROM `users` [ RunTime:0.0008s ]
NOTIC: [2] Missing argument 2 for Backend\Model\UsersModel::getList(), called in D:\web\project\Application\Backend\Controller\PersonnelController.class.php on line 16 and defined D:\web\project\Application\Backend\Model\UsersModel.class.php 第 17 行.
NOTIC: [8] Undefined variable: order D:\web\project\Application\Backend\Model\UsersModel.class.php 第 18 行.
SQL: SELECT * FROM `users` WHERE (  is_check = 1 and resume!= '' and status = 1 )  [ RunTime:0.0004s ]
INFO: [ view_parse ] --START--
INFO: [ template_filter ] --START--
INFO: Run Behavior\ContentReplaceBehavior [ RunTime:0.000069s ]
INFO: [ template_filter ] --END-- [ RunTime:0.000112s ]
SQL: SHOW COLUMNS FROM `pushs` [ RunTime:0.0009s ]
SQL: SELECT * FROM `pushs` WHERE `company_id` = 1 AND `user_id` = 1 LIMIT 1   [ RunTime:0.0005s ]
INFO: Run Behavior\ParseTemplateBehavior [ RunTime:0.010424s ]
INFO: [ view_parse ] --END-- [ RunTime:0.010462s ]
INFO: [ view_filter ] --START--
INFO: Run Behavior\WriteHtmlCacheBehavior [ RunTime:0.000688s ]
INFO: [ view_filter ] --END-- [ RunTime:0.000728s ]
INFO: [ app_end ] --START--
INFO: Run Behavior\ShowPageTraceBehavior [ RunTime:0.000634s ]
INFO: [ app_end ] --END-- [ RunTime:0.000673s ]

[ 2016-07-14T18:07:33+08:00 ] 192.168.91.216 /project/Backend/Personnel/house.html
INFO: [ app_init ] --START--
INFO: Run Behavior\BuildLiteBehavior [ RunTime:0.000010s ]
INFO: [ app_init ] --END-- [ RunTime:0.000356s ]
INFO: [ app_begin ] --START--
INFO: Run Behavior\ReadHtmlCacheBehavior [ RunTime:0.000597s ]
INFO: [ app_begin ] --END-- [ RunTime:0.000646s ]
SQL: SHOW COLUMNS FROM `house` [ RunTime:0.0009s ]
SQL: SELECT * FROM `house` WHERE `id` = 1 AND `company_id` = 1 LIMIT 1   [ RunTime:0.0002s ]
SQL: INSERT INTO `house` (`company_id`,`user_id`,`at_time`) VALUES ('1','1','1468490853') [ RunTime:0.0168s ]

[ 2016-07-14T18:16:07+08:00 ] 192.168.91.216 /project/Backend/Personnel/index.html
INFO: [ app_init ] --START--
INFO: Run Behavior\BuildLiteBehavior [ RunTime:0.000012s ]
INFO: [ app_init ] --END-- [ RunTime:0.000484s ]
INFO: [ app_begin ] --START--
INFO: Run Behavior\ReadHtmlCacheBehavior [ RunTime:0.000637s ]
INFO: [ app_begin ] --END-- [ RunTime:0.000683s ]
SQL: SHOW COLUMNS FROM `users` [ RunTime:0.0008s ]
NOTIC: [2] Missing argument 2 for Backend\Model\UsersModel::getList(), called in D:\web\project\Application\Backend\Controller\PersonnelController.class.php on line 16 and defined D:\web\project\Application\Backend\Model\UsersModel.class.php 第 17 行.
NOTIC: [8] Undefined variable: order D:\web\project\Application\Backend\Model\UsersModel.class.php 第 18 行.
SQL: SELECT * FROM `users` WHERE (  is_check = 1 and resume!= '' and status = 1 )  [ RunTime:0.0011s ]
INFO: [ view_parse ] --START--
INFO: [ template_filter ] --START--
INFO: Run Behavior\ContentReplaceBehavior [ RunTime:0.000087s ]
INFO: [ template_filter ] --END-- [ RunTime:0.000167s ]

[ 2016-07-14T18:16:27+08:00 ] 192.168.91.216 /project/Backend/Personnel/index.html
INFO: [ app_init ] --START--
INFO: Run Behavior\BuildLiteBehavior [ RunTime:0.000010s ]
INFO: [ app_init ] --END-- [ RunTime:0.000359s ]
INFO: [ app_begin ] --START--
INFO: Run Behavior\ReadHtmlCacheBehavior [ RunTime:0.000540s ]
INFO: [ app_begin ] --END-- [ RunTime:0.000581s ]
SQL: SHOW COLUMNS FROM `users` [ RunTime:0.0007s ]
NOTIC: [2] Missing argument 2 for Backend\Model\UsersModel::getList(), called in D:\web\project\Application\Backend\Controller\PersonnelController.class.php on line 16 and defined D:\web\project\Application\Backend\Model\UsersModel.class.php 第 17 行.
NOTIC: [8] Undefined variable: order D:\web\project\Application\Backend\Model\UsersModel.class.php 第 18 行.
SQL: SELECT * FROM `users` WHERE (  is_check = 1 and resume!= '' and status = 1 )  [ RunTime:0.0004s ]
INFO: [ view_parse ] --START--
INFO: [ template_filter ] --START--
INFO: Run Behavior\ContentReplaceBehavior [ RunTime:0.000061s ]
INFO: [ template_filter ] --END-- [ RunTime:0.000095s ]
SQL: SHOW COLUMNS FROM `house` [ RunTime:0.0008s ]
NOTIC: [8] Undefined variable: model D:\web\project\Application\Runtime\Cache\Backend\f4370f633309cfdbcab2b2a0b3e12c00.php 第 48 行.

[ 2016-07-14T18:16:36+08:00 ] 192.168.91.216 /project/Backend/Personnel/index.html
INFO: [ app_init ] --START--
INFO: Run Behavior\BuildLiteBehavior [ RunTime:0.000010s ]
INFO: [ app_init ] --END-- [ RunTime:0.000401s ]
INFO: [ app_begin ] --START--
INFO: Run Behavior\ReadHtmlCacheBehavior [ RunTime:0.000607s ]
INFO: [ app_begin ] --END-- [ RunTime:0.000646s ]
SQL: SHOW COLUMNS FROM `users` [ RunTime:0.0006s ]
NOTIC: [2] Missing argument 2 for Backend\Model\UsersModel::getList(), called in D:\web\project\Application\Backend\Controller\PersonnelController.class.php on line 16 and defined D:\web\project\Application\Backend\Model\UsersModel.class.php 第 17 行.
NOTIC: [8] Undefined variable: order D:\web\project\Application\Backend\Model\UsersModel.class.php 第 18 行.
SQL: SELECT * FROM `users` WHERE (  is_check = 1 and resume!= '' and status = 1 )  [ RunTime:0.0003s ]
INFO: [ view_parse ] --START--
INFO: [ template_filter ] --START--
INFO: Run Behavior\ContentReplaceBehavior [ RunTime:0.000064s ]
INFO: [ template_filter ] --END-- [ RunTime:0.000101s ]
SQL: SHOW COLUMNS FROM `house` [ RunTime:0.0008s ]
NOTIC: [8] Undefined index: user_id D:\web\project\Application\Runtime\Cache\Backend\f4370f633309cfdbcab2b2a0b3e12c00.php 第 48 行.
SQL: SELECT * FROM `house` WHERE `company_id` = 1 AND `user_id` = null LIMIT 1   [ RunTime:0.0003s ]
SQL: SHOW COLUMNS FROM `pushs` [ RunTime:0.0006s ]
SQL: SELECT * FROM `pushs` WHERE `company_id` = 1 AND `user_id` = 1 LIMIT 1   [ RunTime:0.0003s ]
INFO: Run Behavior\ParseTemplateBehavior [ RunTime:0.013064s ]
INFO: [ view_parse ] --END-- [ RunTime:0.013113s ]
INFO: [ view_filter ] --START--
INFO: Run Behavior\WriteHtmlCacheBehavior [ RunTime:0.000513s ]
INFO: [ view_filter ] --END-- [ RunTime:0.000543s ]
INFO: [ app_end ] --START--
INFO: Run Behavior\ShowPageTraceBehavior [ RunTime:0.000571s ]
INFO: [ app_end ] --END-- [ RunTime:0.000601s ]

[ 2016-07-14T18:16:40+08:00 ] 192.168.91.216 /project/Backend/Personnel/index.html
INFO: [ app_init ] --START--
INFO: Run Behavior\BuildLiteBehavior [ RunTime:0.000016s ]
INFO: [ app_init ] --END-- [ RunTime:0.000579s ]
INFO: [ app_begin ] --START--
INFO: Run Behavior\ReadHtmlCacheBehavior [ RunTime:0.001182s ]
INFO: [ app_begin ] --END-- [ RunTime:0.001249s ]
SQL: SHOW COLUMNS FROM `users` [ RunTime:0.0006s ]
NOTIC: [2] Missing argument 2 for Backend\Model\UsersModel::getList(), called in D:\web\project\Application\Backend\Controller\PersonnelController.class.php on line 16 and defined D:\web\project\Application\Backend\Model\UsersModel.class.php 第 17 行.
NOTIC: [8] Undefined variable: order D:\web\project\Application\Backend\Model\UsersModel.class.php 第 18 行.
SQL: SELECT * FROM `users` WHERE (  is_check = 1 and resume!= '' and status = 1 )  [ RunTime:0.0003s ]
INFO: [ view_parse ] --START--
INFO: [ template_filter ] --START--
INFO: Run Behavior\ContentReplaceBehavior [ RunTime:0.000069s ]
INFO: [ template_filter ] --END-- [ RunTime:0.000112s ]
SQL: SHOW COLUMNS FROM `house` [ RunTime:0.0018s ]
NOTIC: [8] Undefined index: user_id D:\web\project\Application\Runtime\Cache\Backend\f4370f633309cfdbcab2b2a0b3e12c00.php 第 48 行.
SQL: SELECT * FROM `house` WHERE `company_id` = 1 AND `user_id` = null LIMIT 1   [ RunTime:0.0003s ]
SQL: SHOW COLUMNS FROM `pushs` [ RunTime:0.0005s ]
SQL: SELECT * FROM `pushs` WHERE `company_id` = 1 AND `user_id` = 1 LIMIT 1   [ RunTime:0.0003s ]
INFO: Run Behavior\ParseTemplateBehavior [ RunTime:0.016181s ]
INFO: [ view_parse ] --END-- [ RunTime:0.016212s ]
INFO: [ view_filter ] --START--
INFO: Run Behavior\WriteHtmlCacheBehavior [ RunTime:0.000534s ]
INFO: [ view_filter ] --END-- [ RunTime:0.000571s ]
INFO: [ app_end ] --START--
INFO: Run Behavior\ShowPageTraceBehavior [ RunTime:0.000547s ]
INFO: [ app_end ] --END-- [ RunTime:0.000576s ]

[ 2016-07-14T18:17:08+08:00 ] 192.168.91.216 /project/Backend/Personnel/index.html
INFO: [ app_init ] --START--
INFO: Run Behavior\BuildLiteBehavior [ RunTime:0.000009s ]
INFO: [ app_init ] --END-- [ RunTime:0.000450s ]
INFO: [ app_begin ] --START--
INFO: Run Behavior\ReadHtmlCacheBehavior [ RunTime:0.000561s ]
INFO: [ app_begin ] --END-- [ RunTime:0.000599s ]
SQL: SHOW COLUMNS FROM `users` [ RunTime:0.0007s ]
NOTIC: [2] Missing argument 2 for Backend\Model\UsersModel::getList(), called in D:\web\project\Application\Backend\Controller\PersonnelController.class.php on line 16 and defined D:\web\project\Application\Backend\Model\UsersModel.class.php 第 17 行.
NOTIC: [8] Undefined variable: order D:\web\project\Application\Backend\Model\UsersModel.class.php 第 18 行.
SQL: SELECT * FROM `users` WHERE (  is_check = 1 and resume!= '' and status = 1 )  [ RunTime:0.0004s ]
INFO: [ view_parse ] --START--
INFO: [ template_filter ] --START--
INFO: Run Behavior\ContentReplaceBehavior [ RunTime:0.000135s ]
INFO: [ template_filter ] --END-- [ RunTime:0.000196s ]
SQL: SHOW COLUMNS FROM `house` [ RunTime:0.0013s ]
NOTIC: [8] Undefined index: user_id D:\web\project\Application\Runtime\Cache\Backend\f4370f633309cfdbcab2b2a0b3e12c00.php 第 48 行.
SQL: SELECT * FROM `house` WHERE `company_id` = 1 AND `user_id` = null LIMIT 1   [ RunTime:0.0003s ]
SQL: SHOW COLUMNS FROM `pushs` [ RunTime:0.0006s ]
SQL: SELECT * FROM `pushs` WHERE `company_id` = 1 AND `user_id` = 1 LIMIT 1   [ RunTime:0.0003s ]
INFO: Run Behavior\ParseTemplateBehavior [ RunTime:0.014632s ]
INFO: [ view_parse ] --END-- [ RunTime:0.014672s ]
INFO: [ view_filter ] --START--
INFO: Run Behavior\WriteHtmlCacheBehavior [ RunTime:0.000485s ]
INFO: [ view_filter ] --END-- [ RunTime:0.000515s ]
INFO: [ app_end ] --START--
INFO: Run Behavior\ShowPageTraceBehavior [ RunTime:0.000587s ]
INFO: [ app_end ] --END-- [ RunTime:0.000616s ]

[ 2016-07-14T18:17:20+08:00 ] 192.168.91.216 /project/Backend/Personnel/index.html
INFO: [ app_init ] --START--
INFO: Run Behavior\BuildLiteBehavior [ RunTime:0.000010s ]
INFO: [ app_init ] --END-- [ RunTime:0.000391s ]
INFO: [ app_begin ] --START--
INFO: Run Behavior\ReadHtmlCacheBehavior [ RunTime:0.000759s ]
INFO: [ app_begin ] --END-- [ RunTime:0.000805s ]
SQL: SHOW COLUMNS FROM `users` [ RunTime:0.0007s ]
NOTIC: [2] Missing argument 2 for Backend\Model\UsersModel::getList(), called in D:\web\project\Application\Backend\Controller\PersonnelController.class.php on line 16 and defined D:\web\project\Application\Backend\Model\UsersModel.class.php 第 17 行.
NOTIC: [8] Undefined variable: order D:\web\project\Application\Backend\Model\UsersModel.class.php 第 18 行.
SQL: SELECT * FROM `users` WHERE (  is_check = 1 and resume!= '' and status = 1 )  [ RunTime:0.0003s ]
INFO: [ view_parse ] --START--
INFO: [ template_filter ] --START--
INFO: Run Behavior\ContentReplaceBehavior [ RunTime:0.000066s ]
INFO: [ template_filter ] --END-- [ RunTime:0.000102s ]
SQL: SHOW COLUMNS FROM `house` [ RunTime:0.0008s ]
SQL: SELECT * FROM `house` WHERE `company_id` = 1 AND `user_id` = 1 LIMIT 1   [ RunTime:0.0003s ]
SQL: SHOW COLUMNS FROM `pushs` [ RunTime:0.0006s ]
SQL: SELECT * FROM `pushs` WHERE `company_id` = 1 AND `user_id` = 1 LIMIT 1   [ RunTime:0.0003s ]
INFO: Run Behavior\ParseTemplateBehavior [ RunTime:0.010963s ]
INFO: [ view_parse ] --END-- [ RunTime:0.011025s ]
INFO: [ view_filter ] --START--
INFO: Run Behavior\WriteHtmlCacheBehavior [ RunTime:0.001414s ]
INFO: [ view_filter ] --END-- [ RunTime:0.001478s ]
INFO: [ app_end ] --START--
INFO: Run Behavior\ShowPageTraceBehavior [ RunTime:0.000639s ]
INFO: [ app_end ] --END-- [ RunTime:0.000673s ]

[ 2016-07-14T18:18:36+08:00 ] 192.168.91.216 /project/Backend/Personnel/index.html
INFO: [ app_init ] --START--
INFO: Run Behavior\BuildLiteBehavior [ RunTime:0.000011s ]
INFO: [ app_init ] --END-- [ RunTime:0.000497s ]
INFO: [ app_begin ] --START--
INFO: Run Behavior\ReadHtmlCacheBehavior [ RunTime:0.000635s ]
INFO: [ app_begin ] --END-- [ RunTime:0.000672s ]
SQL: SHOW COLUMNS FROM `users` [ RunTime:0.0007s ]
NOTIC: [2] Missing argument 2 for Backend\Model\UsersModel::getList(), called in D:\web\project\Application\Backend\Controller\PersonnelController.class.php on line 16 and defined D:\web\project\Application\Backend\Model\UsersModel.class.php 第 17 行.
NOTIC: [8] Undefined variable: order D:\web\project\Application\Backend\Model\UsersModel.class.php 第 18 行.
SQL: SELECT * FROM `users` WHERE (  is_check = 1 and resume!= '' and status = 1 )  [ RunTime:0.0004s ]
INFO: [ view_parse ] --START--
INFO: [ template_filter ] --START--
INFO: Run Behavior\ContentReplaceBehavior [ RunTime:0.000063s ]
INFO: [ template_filter ] --END-- [ RunTime:0.000096s ]
SQL: SHOW COLUMNS FROM `house` [ RunTime:0.0010s ]
SQL: SELECT * FROM `house` WHERE `company_id` = 1 AND `user_id` = 1 LIMIT 1   [ RunTime:0.0002s ]
SQL: SHOW COLUMNS FROM `pushs` [ RunTime:0.0009s ]
SQL: SELECT * FROM `pushs` WHERE `company_id` = 1 AND `user_id` = 1 LIMIT 1   [ RunTime:0.0003s ]
INFO: Run Behavior\ParseTemplateBehavior [ RunTime:0.011500s ]
INFO: [ view_parse ] --END-- [ RunTime:0.011531s ]
INFO: [ view_filter ] --START--
INFO: Run Behavior\WriteHtmlCacheBehavior [ RunTime:0.000597s ]
INFO: [ view_filter ] --END-- [ RunTime:0.000628s ]
INFO: [ app_end ] --START--
INFO: Run Behavior\ShowPageTraceBehavior [ RunTime:0.000643s ]
INFO: [ app_end ] --END-- [ RunTime:0.000670s ]

[ 2016-07-14T18:18:47+08:00 ] 192.168.91.216 /project/Backend/Personnel/index.html
INFO: [ app_init ] --START--
INFO: Run Behavior\BuildLiteBehavior [ RunTime:0.000013s ]
INFO: [ app_init ] --END-- [ RunTime:0.000454s ]
INFO: [ app_begin ] --START--
INFO: Run Behavior\ReadHtmlCacheBehavior [ RunTime:0.000813s ]
INFO: [ app_begin ] --END-- [ RunTime:0.000873s ]
SQL: SHOW COLUMNS FROM `users` [ RunTime:0.0006s ]
NOTIC: [2] Missing argument 2 for Backend\Model\UsersModel::getList(), called in D:\web\project\Application\Backend\Controller\PersonnelController.class.php on line 16 and defined D:\web\project\Application\Backend\Model\UsersModel.class.php 第 17 行.
NOTIC: [8] Undefined variable: order D:\web\project\Application\Backend\Model\UsersModel.class.php 第 18 行.
SQL: SELECT * FROM `users` WHERE (  is_check = 1 and resume!= '' and status = 1 )  [ RunTime:0.0004s ]
INFO: [ view_parse ] --START--
INFO: [ template_filter ] --START--
INFO: Run Behavior\ContentReplaceBehavior [ RunTime:0.000062s ]
INFO: [ template_filter ] --END-- [ RunTime:0.000096s ]
SQL: SHOW COLUMNS FROM `house` [ RunTime:0.0017s ]
SQL: SELECT * FROM `house` WHERE `company_id` = 1 AND `user_id` = 1 LIMIT 1   [ RunTime:0.0012s ]
SQL: SHOW COLUMNS FROM `pushs` [ RunTime:0.0007s ]
SQL: SELECT * FROM `pushs` WHERE `company_id` = 1 AND `user_id` = 1 LIMIT 1   [ RunTime:0.0002s ]
INFO: Run Behavior\ParseTemplateBehavior [ RunTime:0.013435s ]
INFO: [ view_parse ] --END-- [ RunTime:0.013465s ]
INFO: [ view_filter ] --START--
INFO: Run Behavior\WriteHtmlCacheBehavior [ RunTime:0.000547s ]
INFO: [ view_filter ] --END-- [ RunTime:0.000580s ]
INFO: [ app_end ] --START--
INFO: Run Behavior\ShowPageTraceBehavior [ RunTime:0.000543s ]
INFO: [ app_end ] --END-- [ RunTime:0.000573s ]

[ 2016-07-14T18:19:07+08:00 ] 192.168.91.216 /project/Backend/Personnel/index.html
INFO: [ app_init ] --START--
INFO: Run Behavior\BuildLiteBehavior [ RunTime:0.000012s ]
INFO: [ app_init ] --END-- [ RunTime:0.000506s ]
INFO: [ app_begin ] --START--
INFO: Run Behavior\ReadHtmlCacheBehavior [ RunTime:0.000648s ]
INFO: [ app_begin ] --END-- [ RunTime:0.000693s ]
SQL: SHOW COLUMNS FROM `users` [ RunTime:0.0007s ]
NOTIC: [2] Missing argument 2 for Backend\Model\UsersModel::getList(), called in D:\web\project\Application\Backend\Controller\PersonnelController.class.php on line 16 and defined D:\web\project\Application\Backend\Model\UsersModel.class.php 第 17 行.
NOTIC: [8] Undefined variable: order D:\web\project\Application\Backend\Model\UsersModel.class.php 第 18 行.
SQL: SELECT * FROM `users` WHERE (  is_check = 1 and resume!= '' and status = 1 )  [ RunTime:0.0004s ]
INFO: [ view_parse ] --START--
INFO: [ template_filter ] --START--
INFO: Run Behavior\ContentReplaceBehavior [ RunTime:0.000068s ]
INFO: [ template_filter ] --END-- [ RunTime:0.000108s ]
SQL: SHOW COLUMNS FROM `house` [ RunTime:0.0006s ]
SQL: SELECT * FROM `house` WHERE `company_id` = 1 AND `user_id` = 1 LIMIT 1   [ RunTime:0.0003s ]
SQL: SHOW COLUMNS FROM `pushs` [ RunTime:0.0009s ]
SQL: SELECT * FROM `pushs` WHERE `user_id` = 1 LIMIT 1   [ RunTime:0.0002s ]
INFO: Run Behavior\ParseTemplateBehavior [ RunTime:0.010990s ]
INFO: [ view_parse ] --END-- [ RunTime:0.011020s ]
INFO: [ view_filter ] --START--
INFO: Run Behavior\WriteHtmlCacheBehavior [ RunTime:0.000572s ]
INFO: [ view_filter ] --END-- [ RunTime:0.000601s ]
INFO: [ app_end ] --START--
INFO: Run Behavior\ShowPageTraceBehavior [ RunTime:0.000654s ]
INFO: [ app_end ] --END-- [ RunTime:0.000682s ]

[ 2016-07-14T18:19:15+08:00 ] 192.168.91.216 /project/Backend/Personnel/index.html
INFO: [ app_init ] --START--
INFO: Run Behavior\BuildLiteBehavior [ RunTime:0.000011s ]
INFO: [ app_init ] --END-- [ RunTime:0.000394s ]
INFO: [ app_begin ] --START--
INFO: Run Behavior\ReadHtmlCacheBehavior [ RunTime:0.002130s ]
INFO: [ app_begin ] --END-- [ RunTime:0.002209s ]
SQL: SHOW COLUMNS FROM `users` [ RunTime:0.0008s ]
NOTIC: [2] Missing argument 2 for Backend\Model\UsersModel::getList(), called in D:\web\project\Application\Backend\Controller\PersonnelController.class.php on line 16 and defined D:\web\project\Application\Backend\Model\UsersModel.class.php 第 17 行.
NOTIC: [8] Undefined variable: order D:\web\project\Application\Backend\Model\UsersModel.class.php 第 18 行.
SQL: SELECT * FROM `users` WHERE (  is_check = 1 and resume!= '' and status = 1 )  [ RunTime:0.0004s ]
INFO: [ view_parse ] --START--
INFO: [ template_filter ] --START--
INFO: Run Behavior\ContentReplaceBehavior [ RunTime:0.000079s ]
INFO: [ template_filter ] --END-- [ RunTime:0.000151s ]
SQL: SHOW COLUMNS FROM `house` [ RunTime:0.0006s ]
SQL: SELECT * FROM `house` WHERE `company_id` = 1 AND `user_id` = 1 LIMIT 1   [ RunTime:0.0003s ]
SQL: SHOW COLUMNS FROM `pushs` [ RunTime:0.0011s ]
SQL: SELECT * FROM `pushs` WHERE `user_id` = 1 LIMIT 1   [ RunTime:0.0003s ]
INFO: Run Behavior\ParseTemplateBehavior [ RunTime:0.016378s ]
INFO: [ view_parse ] --END-- [ RunTime:0.016411s ]
INFO: [ view_filter ] --START--
INFO: Run Behavior\WriteHtmlCacheBehavior [ RunTime:0.000489s ]
INFO: [ view_filter ] --END-- [ RunTime:0.000523s ]
INFO: [ app_end ] --START--
INFO: Run Behavior\ShowPageTraceBehavior [ RunTime:0.000553s ]
INFO: [ app_end ] --END-- [ RunTime:0.000583s ]

[ 2016-07-14T18:19:21+08:00 ] 192.168.91.216 /project/Backend/Personnel/studentDetailEnroll_etp.html
INFO: [ app_init ] --START--
INFO: Run Behavior\BuildLiteBehavior [ RunTime:0.000012s ]
INFO: [ app_init ] --END-- [ RunTime:0.000638s ]
INFO: [ app_begin ] --START--
INFO: Run Behavior\ReadHtmlCacheBehavior [ RunTime:0.000750s ]
INFO: [ app_begin ] --END-- [ RunTime:0.000824s ]
ERR: 非法操作:studentDetailEnroll_etp

[ 2016-07-14T18:19:25+08:00 ] 192.168.91.216 /project/Backend/Personnel/studentDetailEnroll_etp.html
INFO: [ app_init ] --START--
INFO: Run Behavior\BuildLiteBehavior [ RunTime:0.000012s ]
INFO: [ app_init ] --END-- [ RunTime:0.000592s ]
INFO: [ app_begin ] --START--
INFO: Run Behavior\ReadHtmlCacheBehavior [ RunTime:0.000711s ]
INFO: [ app_begin ] --END-- [ RunTime:0.000784s ]
ERR: 非法操作:studentDetailEnroll_etp

[ 2016-07-14T18:20:02+08:00 ] 192.168.91.216 /project/Backend/Personnel/index.html
INFO: [ app_init ] --START--
INFO: Run Behavior\BuildLiteBehavior [ RunTime:0.000009s ]
INFO: [ app_init ] --END-- [ RunTime:0.000431s ]
INFO: [ app_begin ] --START--
INFO: Run Behavior\ReadHtmlCacheBehavior [ RunTime:0.000895s ]
INFO: [ app_begin ] --END-- [ RunTime:0.000990s ]
SQL: SHOW COLUMNS FROM `users` [ RunTime:0.0007s ]
NOTIC: [2] Missing argument 2 for Backend\Model\UsersModel::getList(), called in D:\web\project\Application\Backend\Controller\PersonnelController.class.php on line 16 and defined D:\web\project\Application\Backend\Model\UsersModel.class.php 第 17 行.
NOTIC: [8] Undefined variable: order D:\web\project\Application\Backend\Model\UsersModel.class.php 第 18 行.
SQL: SELECT * FROM `users` WHERE (  is_check = 1 and resume!= '' and status = 1 )  [ RunTime:0.0004s ]
INFO: [ view_parse ] --START--
INFO: [ template_filter ] --START--
INFO: Run Behavior\ContentReplaceBehavior [ RunTime:0.000063s ]
INFO: [ template_filter ] --END-- [ RunTime:0.000098s ]
SQL: SHOW COLUMNS FROM `house` [ RunTime:0.0009s ]
SQL: SELECT * FROM `house` WHERE `company_id` = 1 AND `user_id` = 1 LIMIT 1   [ RunTime:0.0003s ]
SQL: SHOW COLUMNS FROM `pushs` [ RunTime:0.0006s ]
SQL: SELECT * FROM `pushs` WHERE `user_id` = 1 LIMIT 1   [ RunTime:0.0003s ]
INFO: Run Behavior\ParseTemplateBehavior [ RunTime:0.011875s ]
INFO: [ view_parse ] --END-- [ RunTime:0.011905s ]
INFO: [ view_filter ] --START--
INFO: Run Behavior\WriteHtmlCacheBehavior [ RunTime:0.000502s ]
INFO: [ view_filter ] --END-- [ RunTime:0.000532s ]
INFO: [ app_end ] --START--
INFO: Run Behavior\ShowPageTraceBehavior [ RunTime:0.000560s ]
INFO: [ app_end ] --END-- [ RunTime:0.000590s ]

[ 2016-07-14T18:20:58+08:00 ] 192.168.91.216 /project/Backend/Personnel/index.html
INFO: [ app_init ] --START--
INFO: Run Behavior\BuildLiteBehavior [ RunTime:0.000010s ]
INFO: [ app_init ] --END-- [ RunTime:0.000495s ]
INFO: [ app_begin ] --START--
INFO: Run Behavior\ReadHtmlCacheBehavior [ RunTime:0.000715s ]
INFO: [ app_begin ] --END-- [ RunTime:0.000760s ]
SQL: SHOW COLUMNS FROM `users` [ RunTime:0.0007s ]
NOTIC: [2] Missing argument 2 for Backend\Model\UsersModel::getList(), called in D:\web\project\Application\Backend\Controller\PersonnelController.class.php on line 16 and defined D:\web\project\Application\Backend\Model\UsersModel.class.php 第 17 行.
NOTIC: [8] Undefined variable: order D:\web\project\Application\Backend\Model\UsersModel.class.php 第 18 行.
SQL: SELECT * FROM `users` WHERE (  is_check = 1 and resume!= '' and status = 1 )  [ RunTime:0.0004s ]
INFO: [ view_parse ] --START--
INFO: [ template_filter ] --START--
INFO: Run Behavior\ContentReplaceBehavior [ RunTime:0.000068s ]
INFO: [ template_filter ] --END-- [ RunTime:0.000106s ]
SQL: SHOW COLUMNS FROM `house` [ RunTime:0.0011s ]
SQL: SELECT * FROM `house` WHERE `company_id` = 1 AND `user_id` = 1 LIMIT 1   [ RunTime:0.0004s ]
SQL: SHOW COLUMNS FROM `pushs` [ RunTime:0.0011s ]
SQL: SELECT * FROM `pushs` WHERE `user_id` = 1 LIMIT 1   [ RunTime:0.0201s ]
INFO: Run Behavior\ParseTemplateBehavior [ RunTime:0.033933s ]
INFO: [ view_parse ] --END-- [ RunTime:0.034084s ]
INFO: [ view_filter ] --START--
INFO: Run Behavior\WriteHtmlCacheBehavior [ RunTime:0.000497s ]
INFO: [ view_filter ] --END-- [ RunTime:0.000528s ]
INFO: [ app_end ] --START--
INFO: Run Behavior\ShowPageTraceBehavior [ RunTime:0.000661s ]
INFO: [ app_end ] --END-- [ RunTime:0.000759s ]

[ 2016-07-14T18:21:00+08:00 ] 192.168.91.216 /project/Backend/Personnel/detail/id/1.html
INFO: [ app_init ] --START--
INFO: Run Behavior\BuildLiteBehavior [ RunTime:0.000015s ]
INFO: [ app_init ] --END-- [ RunTime:0.000358s ]
INFO: [ app_begin ] --START--
INFO: Run Behavior\ReadHtmlCacheBehavior [ RunTime:0.000639s ]
INFO: [ app_begin ] --END-- [ RunTime:0.000702s ]
INFO: [ app_end ] --START--
INFO: Run Behavior\ShowPageTraceBehavior [ RunTime:0.000825s ]
INFO: [ app_end ] --END-- [ RunTime:0.000880s ]

[ 2016-07-14T18:21:11+08:00 ] 192.168.91.216 /project/Backend/Personnel/detail/id/1.html
INFO: [ app_init ] --START--
INFO: Run Behavior\BuildLiteBehavior [ RunTime:0.000011s ]
INFO: [ app_init ] --END-- [ RunTime:0.000528s ]
INFO: [ app_begin ] --START--
INFO: Run Behavior\ReadHtmlCacheBehavior [ RunTime:0.000629s ]
INFO: [ app_begin ] --END-- [ RunTime:0.000689s ]
INFO: [ app_end ] --START--
INFO: Run Behavior\ShowPageTraceBehavior [ RunTime:0.000783s ]
INFO: [ app_end ] --END-- [ RunTime:0.000844s ]

[ 2016-07-14T18:23:28+08:00 ] 192.168.91.216 /project/Backend/Personnel/detail/id/1.html
INFO: [ app_init ] --START--
INFO: Run Behavior\BuildLiteBehavior [ RunTime:0.000010s ]
INFO: [ app_init ] --END-- [ RunTime:0.000491s ]
INFO: [ app_begin ] --START--
INFO: Run Behavior\ReadHtmlCacheBehavior [ RunTime:0.000579s ]
INFO: [ app_begin ] --END-- [ RunTime:0.000623s ]
SQL: SHOW COLUMNS FROM `users` [ RunTime:0.0007s ]
ERR: Think\Model:getInfo方法不存在！

[ 2016-07-14T18:24:08+08:00 ] 192.168.91.216 /project/Backend/Personnel/detail/id/1.html
INFO: [ app_init ] --START--
INFO: Run Behavior\BuildLiteBehavior [ RunTime:0.000013s ]
INFO: [ app_init ] --END-- [ RunTime:0.000577s ]
INFO: [ app_begin ] --START--
INFO: Run Behavior\ReadHtmlCacheBehavior [ RunTime:0.000620s ]
INFO: [ app_begin ] --END-- [ RunTime:0.000659s ]
SQL: SHOW COLUMNS FROM `users` [ RunTime:0.0007s ]
SQL: SELECT * FROM `users` WHERE `id` = 1 LIMIT 1   [ RunTime:0.0003s ]
INFO: [ view_parse ] --START--
INFO: [ template_filter ] --START--
INFO: Run Behavior\ContentReplaceBehavior [ RunTime:0.000070s ]
INFO: [ template_filter ] --END-- [ RunTime:0.000105s ]
INFO: Run Behavior\ParseTemplateBehavior [ RunTime:0.005978s ]
INFO: [ view_parse ] --END-- [ RunTime:0.006040s ]
INFO: [ view_filter ] --START--
INFO: Run Behavior\WriteHtmlCacheBehavior [ RunTime:0.000512s ]
INFO: [ view_filter ] --END-- [ RunTime:0.000541s ]
INFO: [ app_end ] --START--
INFO: Run Behavior\ShowPageTraceBehavior [ RunTime:0.001918s ]
INFO: [ app_end ] --END-- [ RunTime:0.001973s ]

[ 2016-07-14T18:24:08+08:00 ] 192.168.91.216 /project/Backend/Personnel/detail/id/img/icon-info-phone.png
INFO: [ app_init ] --START--
INFO: Run Behavior\BuildLiteBehavior [ RunTime:0.000009s ]
INFO: [ app_init ] --END-- [ RunTime:0.000306s ]

[ 2016-07-14T18:24:08+08:00 ] 192.168.91.216 /project/Backend/Personnel/detail/id/img/icon-head3.jpg
INFO: [ app_init ] --START--
INFO: Run Behavior\BuildLiteBehavior [ RunTime:0.000010s ]
INFO: [ app_init ] --END-- [ RunTime:0.000336s ]

[ 2016-07-14T18:24:08+08:00 ] 192.168.91.216 /project/Backend/Personnel/detail/id/img/icon-info-time.png
INFO: [ app_init ] --START--
INFO: Run Behavior\BuildLiteBehavior [ RunTime:0.000009s ]
INFO: [ app_init ] --END-- [ RunTime:0.000318s ]

[ 2016-07-14T18:24:08+08:00 ] 192.168.91.216 /project/Backend/Personnel/detail/id/img/icon-edit.png
INFO: [ app_init ] --START--
INFO: Run Behavior\BuildLiteBehavior [ RunTime:0.000012s ]
INFO: [ app_init ] --END-- [ RunTime:0.000486s ]

[ 2016-07-14T18:24:08+08:00 ] 192.168.91.216 /project/Backend/Personnel/detail/id/img/btn-close.png
INFO: [ app_init ] --START--
INFO: Run Behavior\BuildLiteBehavior [ RunTime:0.000014s ]
INFO: [ app_init ] --END-- [ RunTime:0.002380s ]

[ 2016-07-14T18:24:08+08:00 ] 192.168.91.216 /project/Backend/Personnel/detail/id/img/icon-dialog.png
INFO: [ app_init ] --START--
INFO: Run Behavior\BuildLiteBehavior [ RunTime:0.000011s ]
INFO: [ app_init ] --END-- [ RunTime:0.000354s ]

[ 2016-07-14T18:24:08+08:00 ] 192.168.91.216 /project/Backend/Personnel/detail/id/img/icon-ok.png
INFO: [ app_init ] --START--
INFO: Run Behavior\BuildLiteBehavior [ RunTime:0.000012s ]
INFO: [ app_init ] --END-- [ RunTime:0.000385s ]

[ 2016-07-14T18:24:08+08:00 ] 192.168.91.216 /project/Backend/Personnel/detail/id/img/icon-info-grade.png
INFO: [ app_init ] --START--
INFO: Run Behavior\BuildLiteBehavior [ RunTime:0.000010s ]
INFO: [ app_init ] --END-- [ RunTime:0.000304s ]

[ 2016-07-14T18:24:08+08:00 ] 192.168.91.216 /project/Backend/Personnel/detail/id/img/btn-uncollect.png
INFO: [ app_init ] --START--
INFO: Run Behavior\BuildLiteBehavior [ RunTime:0.000010s ]
INFO: [ app_init ] --END-- [ RunTime:0.000362s ]

[ 2016-07-14T18:24:08+08:00 ] 192.168.91.216 /project/Backend/Personnel/detail/id/img/icon-info-college.png
INFO: [ app_init ] --START--
INFO: Run Behavior\BuildLiteBehavior [ RunTime:0.000009s ]
INFO: [ app_init ] --END-- [ RunTime:0.000323s ]

[ 2016-07-14T18:24:08+08:00 ] 192.168.91.216 /project/Backend/Personnel/detail/id/img/icon-info-major.png
INFO: [ app_init ] --START--
INFO: Run Behavior\BuildLiteBehavior [ RunTime:0.000013s ]
INFO: [ app_init ] --END-- [ RunTime:0.003697s ]

[ 2016-07-14T18:24:51+08:00 ] 192.168.91.216 /project/Backend/Personnel/detail/id/1.html
INFO: [ app_init ] --START--
INFO: Run Behavior\BuildLiteBehavior [ RunTime:0.000010s ]
INFO: [ app_init ] --END-- [ RunTime:0.000453s ]
INFO: [ app_begin ] --START--
INFO: Run Behavior\ReadHtmlCacheBehavior [ RunTime:0.000628s ]
INFO: [ app_begin ] --END-- [ RunTime:0.000670s ]
SQL: SHOW COLUMNS FROM `users` [ RunTime:0.0026s ]
SQL: SELECT * FROM `users` WHERE `id` = 1 LIMIT 1   [ RunTime:0.0007s ]
INFO: [ view_parse ] --START--
INFO: [ template_filter ] --START--
INFO: Run Behavior\ContentReplaceBehavior [ RunTime:0.000081s ]
INFO: [ template_filter ] --END-- [ RunTime:0.000123s ]
INFO: Run Behavior\ParseTemplateBehavior [ RunTime:0.005539s ]
INFO: [ view_parse ] --END-- [ RunTime:0.005587s ]
INFO: [ view_filter ] --START--
INFO: Run Behavior\WriteHtmlCacheBehavior [ RunTime:0.000412s ]
INFO: [ view_filter ] --END-- [ RunTime:0.000443s ]
INFO: [ app_end ] --START--
INFO: Run Behavior\ShowPageTraceBehavior [ RunTime:0.000648s ]
INFO: [ app_end ] --END-- [ RunTime:0.000685s ]

[ 2016-07-14T18:25:05+08:00 ] 192.168.91.216 /project/Backend/Personnel/detail/id/1.html
INFO: [ app_init ] --START--
INFO: Run Behavior\BuildLiteBehavior [ RunTime:0.000024s ]
INFO: [ app_init ] --END-- [ RunTime:0.000576s ]
INFO: [ app_begin ] --START--
INFO: Run Behavior\ReadHtmlCacheBehavior [ RunTime:0.000645s ]
INFO: [ app_begin ] --END-- [ RunTime:0.000699s ]
SQL: SHOW COLUMNS FROM `users` [ RunTime:0.0005s ]
SQL: SELECT * FROM `users` WHERE `id` = 1 LIMIT 1   [ RunTime:0.0002s ]
INFO: [ view_parse ] --START--
INFO: [ template_filter ] --START--
INFO: Run Behavior\ContentReplaceBehavior [ RunTime:0.000074s ]
INFO: [ template_filter ] --END-- [ RunTime:0.000112s ]
INFO: Run Behavior\ParseTemplateBehavior [ RunTime:0.009636s ]
INFO: [ view_parse ] --END-- [ RunTime:0.009686s ]
INFO: [ view_filter ] --START--
INFO: Run Behavior\WriteHtmlCacheBehavior [ RunTime:0.000402s ]
INFO: [ view_filter ] --END-- [ RunTime:0.000433s ]
INFO: [ app_end ] --START--
INFO: Run Behavior\ShowPageTraceBehavior [ RunTime:0.000525s ]
INFO: [ app_end ] --END-- [ RunTime:0.000555s ]

[ 2016-07-14T18:27:11+08:00 ] 192.168.91.216 /project/Backend/Personnel/detail/id/1.html
INFO: [ app_init ] --START--
INFO: Run Behavior\BuildLiteBehavior [ RunTime:0.000009s ]
INFO: [ app_init ] --END-- [ RunTime:0.000447s ]
INFO: [ app_begin ] --START--
INFO: Run Behavior\ReadHtmlCacheBehavior [ RunTime:0.000757s ]
INFO: [ app_begin ] --END-- [ RunTime:0.000844s ]
SQL: SHOW COLUMNS FROM `users` [ RunTime:0.0007s ]
SQL: SELECT * FROM `users` WHERE `id` = 1 LIMIT 1   [ RunTime:0.0013s ]
INFO: [ view_parse ] --START--
INFO: [ template_filter ] --START--
INFO: Run Behavior\ContentReplaceBehavior [ RunTime:0.000074s ]
INFO: [ template_filter ] --END-- [ RunTime:0.000110s ]
INFO: Run Behavior\ParseTemplateBehavior [ RunTime:0.008277s ]
INFO: [ view_parse ] --END-- [ RunTime:0.008329s ]
INFO: [ view_filter ] --START--
INFO: Run Behavior\WriteHtmlCacheBehavior [ RunTime:0.000533s ]
INFO: [ view_filter ] --END-- [ RunTime:0.000567s ]
INFO: [ app_end ] --START--
INFO: Run Behavior\ShowPageTraceBehavior [ RunTime:0.000587s ]
INFO: [ app_end ] --END-- [ RunTime:0.000615s ]

[ 2016-07-14T18:27:39+08:00 ] 192.168.91.216 /project/Backend/Personnel/detail/id/1.html
INFO: [ app_init ] --START--
INFO: Run Behavior\BuildLiteBehavior [ RunTime:0.000031s ]
INFO: [ app_init ] --END-- [ RunTime:0.000751s ]
INFO: [ app_begin ] --START--
INFO: Run Behavior\ReadHtmlCacheBehavior [ RunTime:0.000617s ]
INFO: [ app_begin ] --END-- [ RunTime:0.000659s ]
SQL: SHOW COLUMNS FROM `users` [ RunTime:0.0007s ]
SQL: SELECT * FROM `users` WHERE `id` = 1 LIMIT 1   [ RunTime:0.0004s ]
INFO: [ view_parse ] --START--
INFO: [ template_filter ] --START--
INFO: Run Behavior\ContentReplaceBehavior [ RunTime:0.000076s ]
INFO: [ template_filter ] --END-- [ RunTime:0.000109s ]
INFO: Run Behavior\ParseTemplateBehavior [ RunTime:0.006510s ]
INFO: [ view_parse ] --END-- [ RunTime:0.006563s ]
INFO: [ view_filter ] --START--
INFO: Run Behavior\WriteHtmlCacheBehavior [ RunTime:0.000508s ]
INFO: [ view_filter ] --END-- [ RunTime:0.000536s ]
INFO: [ app_end ] --START--
INFO: Run Behavior\ShowPageTraceBehavior [ RunTime:0.000667s ]
INFO: [ app_end ] --END-- [ RunTime:0.000700s ]

[ 2016-07-14T18:27:48+08:00 ] 192.168.91.216 /project/Backend/Personnel/detail/id/1.html
INFO: [ app_init ] --START--
INFO: Run Behavior\BuildLiteBehavior [ RunTime:0.000010s ]
INFO: [ app_init ] --END-- [ RunTime:0.000376s ]
INFO: [ app_begin ] --START--
INFO: Run Behavior\ReadHtmlCacheBehavior [ RunTime:0.000556s ]
INFO: [ app_begin ] --END-- [ RunTime:0.000598s ]
SQL: SHOW COLUMNS FROM `users` [ RunTime:0.0006s ]
SQL: SELECT * FROM `users` WHERE `id` = 1 LIMIT 1   [ RunTime:0.0003s ]
INFO: [ view_parse ] --START--
INFO: [ template_filter ] --START--
INFO: Run Behavior\ContentReplaceBehavior [ RunTime:0.000076s ]
INFO: [ template_filter ] --END-- [ RunTime:0.000111s ]
INFO: Run Behavior\ParseTemplateBehavior [ RunTime:0.005718s ]
INFO: [ view_parse ] --END-- [ RunTime:0.005766s ]
INFO: [ view_filter ] --START--
INFO: Run Behavior\WriteHtmlCacheBehavior [ RunTime:0.000389s ]
INFO: [ view_filter ] --END-- [ RunTime:0.000418s ]
INFO: [ app_end ] --START--
INFO: Run Behavior\ShowPageTraceBehavior [ RunTime:0.000658s ]
INFO: [ app_end ] --END-- [ RunTime:0.000689s ]

[ 2016-07-14T18:29:30+08:00 ] 192.168.91.216 /project/Backend/Personnel/detail/id/img/btn-collect.png
INFO: [ app_init ] --START--
INFO: Run Behavior\BuildLiteBehavior [ RunTime:0.000010s ]
INFO: [ app_init ] --END-- [ RunTime:0.000447s ]

[ 2016-07-14T18:29:31+08:00 ] 192.168.91.216 /project/Backend/Personnel/detail/id/img/btn-uncollect.png
INFO: [ app_init ] --START--
INFO: Run Behavior\BuildLiteBehavior [ RunTime:0.000010s ]
INFO: [ app_init ] --END-- [ RunTime:0.000510s ]

[ 2016-07-14T18:29:32+08:00 ] 192.168.91.216 /project/Backend/Personnel/detail/id/img/btn-collect.png
INFO: [ app_init ] --START--
INFO: Run Behavior\BuildLiteBehavior [ RunTime:0.000013s ]
INFO: [ app_init ] --END-- [ RunTime:0.000482s ]

[ 2016-07-14T18:29:32+08:00 ] 192.168.91.216 /project/Backend/Personnel/detail/id/img/btn-uncollect.png
INFO: [ app_init ] --START--
INFO: Run Behavior\BuildLiteBehavior [ RunTime:0.000013s ]
INFO: [ app_init ] --END-- [ RunTime:0.000423s ]

[ 2016-07-14T18:29:32+08:00 ] 192.168.91.216 /project/Backend/Personnel/detail/id/img/btn-collect.png
INFO: [ app_init ] --START--
INFO: Run Behavior\BuildLiteBehavior [ RunTime:0.000010s ]
INFO: [ app_init ] --END-- [ RunTime:0.000439s ]

[ 2016-07-14T18:29:33+08:00 ] 192.168.91.216 /project/Backend/Personnel/detail/id/img/btn-uncollect.png
INFO: [ app_init ] --START--
INFO: Run Behavior\BuildLiteBehavior [ RunTime:0.000010s ]
INFO: [ app_init ] --END-- [ RunTime:0.000435s ]

[ 2016-07-14T18:29:36+08:00 ] 192.168.91.216 /project/Backend/Personnel/detail/id/img/btn-uncollect.png
INFO: [ app_init ] --START--
INFO: Run Behavior\BuildLiteBehavior [ RunTime:0.000011s ]
INFO: [ app_init ] --END-- [ RunTime:0.000373s ]

[ 2016-07-14T18:30:06+08:00 ] 192.168.91.216 /project/Backend/Personnel/index.html
INFO: [ app_init ] --START--
INFO: Run Behavior\BuildLiteBehavior [ RunTime:0.000011s ]
INFO: [ app_init ] --END-- [ RunTime:0.000366s ]
INFO: [ app_begin ] --START--
INFO: Run Behavior\ReadHtmlCacheBehavior [ RunTime:0.000605s ]
INFO: [ app_begin ] --END-- [ RunTime:0.000658s ]
SQL: SHOW COLUMNS FROM `users` [ RunTime:0.0008s ]
NOTIC: [2] Missing argument 2 for Backend\Model\UsersModel::getList(), called in D:\web\project\Application\Backend\Controller\PersonnelController.class.php on line 16 and defined D:\web\project\Application\Backend\Model\UsersModel.class.php 第 17 行.
NOTIC: [8] Undefined variable: order D:\web\project\Application\Backend\Model\UsersModel.class.php 第 18 行.
SQL: SELECT * FROM `users` WHERE (  is_check = 1 and resume!= '' and status = 1 )  [ RunTime:0.0004s ]
INFO: [ view_parse ] --START--
INFO: [ template_filter ] --START--
INFO: Run Behavior\ContentReplaceBehavior [ RunTime:0.000066s ]
INFO: [ template_filter ] --END-- [ RunTime:0.000099s ]
SQL: SHOW COLUMNS FROM `house` [ RunTime:0.0006s ]
SQL: SELECT * FROM `house` WHERE `company_id` = 1 AND `user_id` = 1 LIMIT 1   [ RunTime:0.0003s ]
SQL: SHOW COLUMNS FROM `pushs` [ RunTime:0.0030s ]
SQL: SELECT * FROM `pushs` WHERE `user_id` = 1 LIMIT 1   [ RunTime:0.0005s ]
INFO: Run Behavior\ParseTemplateBehavior [ RunTime:0.012954s ]
INFO: [ view_parse ] --END-- [ RunTime:0.012994s ]
INFO: [ view_filter ] --START--
INFO: Run Behavior\WriteHtmlCacheBehavior [ RunTime:0.000635s ]
INFO: [ view_filter ] --END-- [ RunTime:0.000687s ]
INFO: [ app_end ] --START--
INFO: Run Behavior\ShowPageTraceBehavior [ RunTime:0.000656s ]
INFO: [ app_end ] --END-- [ RunTime:0.000685s ]

[ 2016-07-14T18:30:07+08:00 ] 192.168.91.216 /project/Backend/Personnel/house.html
INFO: [ app_init ] --START--
INFO: Run Behavior\BuildLiteBehavior [ RunTime:0.000010s ]
INFO: [ app_init ] --END-- [ RunTime:0.000330s ]
INFO: [ app_begin ] --START--
INFO: Run Behavior\ReadHtmlCacheBehavior [ RunTime:0.000631s ]
INFO: [ app_begin ] --END-- [ RunTime:0.000669s ]
SQL: SHOW COLUMNS FROM `house` [ RunTime:0.0009s ]
SQL: SELECT * FROM `house` WHERE `id` = 1 AND `company_id` = 1 LIMIT 1   [ RunTime:0.0003s ]
SQL: DELETE FROM `house` WHERE `id` = 1 AND `company_id` = 1 [ RunTime:0.0384s ]

[ 2016-07-14T18:30:09+08:00 ] 192.168.91.216 /project/Backend/Personnel/house.html
INFO: [ app_init ] --START--
INFO: Run Behavior\BuildLiteBehavior [ RunTime:0.000012s ]
INFO: [ app_init ] --END-- [ RunTime:0.000374s ]
INFO: [ app_begin ] --START--
INFO: Run Behavior\ReadHtmlCacheBehavior [ RunTime:0.000557s ]
INFO: [ app_begin ] --END-- [ RunTime:0.000602s ]
SQL: SHOW COLUMNS FROM `house` [ RunTime:0.0006s ]
SQL: SELECT * FROM `house` WHERE `id` = 1 AND `company_id` = 1 LIMIT 1   [ RunTime:0.0003s ]
SQL: INSERT INTO `house` (`company_id`,`user_id`,`at_time`) VALUES ('1','1','1468492209') [ RunTime:0.0003s ]

[ 2016-07-14T18:30:10+08:00 ] 192.168.91.216 /project/Backend/Personnel/index.html
INFO: [ app_init ] --START--
INFO: Run Behavior\BuildLiteBehavior [ RunTime:0.000011s ]
INFO: [ app_init ] --END-- [ RunTime:0.000496s ]
INFO: [ app_begin ] --START--
INFO: Run Behavior\ReadHtmlCacheBehavior [ RunTime:0.000613s ]
INFO: [ app_begin ] --END-- [ RunTime:0.000653s ]
SQL: SHOW COLUMNS FROM `users` [ RunTime:0.0006s ]
NOTIC: [2] Missing argument 2 for Backend\Model\UsersModel::getList(), called in D:\web\project\Application\Backend\Controller\PersonnelController.class.php on line 16 and defined D:\web\project\Application\Backend\Model\UsersModel.class.php 第 17 行.
NOTIC: [8] Undefined variable: order D:\web\project\Application\Backend\Model\UsersModel.class.php 第 18 行.
SQL: SELECT * FROM `users` WHERE (  is_check = 1 and resume!= '' and status = 1 )  [ RunTime:0.0004s ]
INFO: [ view_parse ] --START--
INFO: [ template_filter ] --START--
INFO: Run Behavior\ContentReplaceBehavior [ RunTime:0.000064s ]
INFO: [ template_filter ] --END-- [ RunTime:0.000103s ]
SQL: SHOW COLUMNS FROM `house` [ RunTime:0.0005s ]
SQL: SELECT * FROM `house` WHERE `company_id` = 1 AND `user_id` = 1 LIMIT 1   [ RunTime:0.0003s ]
SQL: SHOW COLUMNS FROM `pushs` [ RunTime:0.0005s ]
SQL: SELECT * FROM `pushs` WHERE `user_id` = 1 LIMIT 1   [ RunTime:0.0003s ]
INFO: Run Behavior\ParseTemplateBehavior [ RunTime:0.010700s ]
INFO: [ view_parse ] --END-- [ RunTime:0.010740s ]
INFO: [ view_filter ] --START--
INFO: Run Behavior\WriteHtmlCacheBehavior [ RunTime:0.000499s ]
INFO: [ view_filter ] --END-- [ RunTime:0.000532s ]
INFO: [ app_end ] --START--
INFO: Run Behavior\ShowPageTraceBehavior [ RunTime:0.000610s ]
INFO: [ app_end ] --END-- [ RunTime:0.000642s ]

[ 2016-07-14T18:30:11+08:00 ] 192.168.91.216 /project/Backend/Personnel/house.html
INFO: [ app_init ] --START--
INFO: Run Behavior\BuildLiteBehavior [ RunTime:0.000012s ]
INFO: [ app_init ] --END-- [ RunTime:0.000481s ]
INFO: [ app_begin ] --START--
INFO: Run Behavior\ReadHtmlCacheBehavior [ RunTime:0.000672s ]
INFO: [ app_begin ] --END-- [ RunTime:0.000737s ]
SQL: SHOW COLUMNS FROM `house` [ RunTime:0.0005s ]
SQL: SELECT * FROM `house` WHERE `id` = 1 AND `company_id` = 1 LIMIT 1   [ RunTime:0.0003s ]
SQL: INSERT INTO `house` (`company_id`,`user_id`,`at_time`) VALUES ('1','1','1468492211') [ RunTime:0.0002s ]

[ 2016-07-14T18:30:13+08:00 ] 192.168.91.216 /project/Backend/Personnel/index.html
INFO: [ app_init ] --START--
INFO: Run Behavior\BuildLiteBehavior [ RunTime:0.000014s ]
INFO: [ app_init ] --END-- [ RunTime:0.000579s ]
INFO: [ app_begin ] --START--
INFO: Run Behavior\ReadHtmlCacheBehavior [ RunTime:0.000816s ]
INFO: [ app_begin ] --END-- [ RunTime:0.000876s ]
SQL: SHOW COLUMNS FROM `users` [ RunTime:0.0006s ]
NOTIC: [2] Missing argument 2 for Backend\Model\UsersModel::getList(), called in D:\web\project\Application\Backend\Controller\PersonnelController.class.php on line 16 and defined D:\web\project\Application\Backend\Model\UsersModel.class.php 第 17 行.
NOTIC: [8] Undefined variable: order D:\web\project\Application\Backend\Model\UsersModel.class.php 第 18 行.
SQL: SELECT * FROM `users` WHERE (  is_check = 1 and resume!= '' and status = 1 )  [ RunTime:0.0004s ]
INFO: [ view_parse ] --START--
INFO: [ template_filter ] --START--
INFO: Run Behavior\ContentReplaceBehavior [ RunTime:0.000063s ]
INFO: [ template_filter ] --END-- [ RunTime:0.000099s ]
SQL: SHOW COLUMNS FROM `house` [ RunTime:0.0028s ]
SQL: SELECT * FROM `house` WHERE `company_id` = 1 AND `user_id` = 1 LIMIT 1   [ RunTime:0.0004s ]
SQL: SHOW COLUMNS FROM `pushs` [ RunTime:0.0006s ]
SQL: SELECT * FROM `pushs` WHERE `user_id` = 1 LIMIT 1   [ RunTime:0.0003s ]
INFO: Run Behavior\ParseTemplateBehavior [ RunTime:0.012518s ]
INFO: [ view_parse ] --END-- [ RunTime:0.012554s ]
INFO: [ view_filter ] --START--
INFO: Run Behavior\WriteHtmlCacheBehavior [ RunTime:0.000583s ]
INFO: [ view_filter ] --END-- [ RunTime:0.000613s ]
INFO: [ app_end ] --START--
INFO: Run Behavior\ShowPageTraceBehavior [ RunTime:0.000596s ]
INFO: [ app_end ] --END-- [ RunTime:0.000625s ]

[ 2016-07-14T18:30:15+08:00 ] 192.168.91.216 /project/Backend/Personnel/house.html
INFO: [ app_init ] --START--
INFO: Run Behavior\BuildLiteBehavior [ RunTime:0.000029s ]
INFO: [ app_init ] --END-- [ RunTime:0.000420s ]
INFO: [ app_begin ] --START--
INFO: Run Behavior\ReadHtmlCacheBehavior [ RunTime:0.000542s ]
INFO: [ app_begin ] --END-- [ RunTime:0.000588s ]
SQL: SHOW COLUMNS FROM `house` [ RunTime:0.0005s ]
SQL: SELECT * FROM `house` WHERE `id` = 1 AND `company_id` = 1 LIMIT 1   [ RunTime:0.0002s ]
SQL: INSERT INTO `house` (`company_id`,`user_id`,`at_time`) VALUES ('1','1','1468492215') [ RunTime:0.0002s ]

[ 2016-07-14T18:30:17+08:00 ] 192.168.91.216 /project/Backend/Personnel/index.html
INFO: [ app_init ] --START--
INFO: Run Behavior\BuildLiteBehavior [ RunTime:0.000009s ]
INFO: [ app_init ] --END-- [ RunTime:0.000318s ]
INFO: [ app_begin ] --START--
INFO: Run Behavior\ReadHtmlCacheBehavior [ RunTime:0.000809s ]
INFO: [ app_begin ] --END-- [ RunTime:0.000887s ]
SQL: SHOW COLUMNS FROM `users` [ RunTime:0.0007s ]
NOTIC: [2] Missing argument 2 for Backend\Model\UsersModel::getList(), called in D:\web\project\Application\Backend\Controller\PersonnelController.class.php on line 16 and defined D:\web\project\Application\Backend\Model\UsersModel.class.php 第 17 行.
NOTIC: [8] Undefined variable: order D:\web\project\Application\Backend\Model\UsersModel.class.php 第 18 行.
SQL: SELECT * FROM `users` WHERE (  is_check = 1 and resume!= '' and status = 1 )  [ RunTime:0.0004s ]
INFO: [ view_parse ] --START--
INFO: [ template_filter ] --START--
INFO: Run Behavior\ContentReplaceBehavior [ RunTime:0.000065s ]
INFO: [ template_filter ] --END-- [ RunTime:0.000099s ]
SQL: SHOW COLUMNS FROM `house` [ RunTime:0.0005s ]
SQL: SELECT * FROM `house` WHERE `company_id` = 1 AND `user_id` = 1 LIMIT 1   [ RunTime:0.0003s ]
SQL: SHOW COLUMNS FROM `pushs` [ RunTime:0.0006s ]
SQL: SELECT * FROM `pushs` WHERE `user_id` = 1 LIMIT 1   [ RunTime:0.0003s ]
INFO: Run Behavior\ParseTemplateBehavior [ RunTime:0.011644s ]
INFO: [ view_parse ] --END-- [ RunTime:0.011689s ]
INFO: [ view_filter ] --START--
INFO: Run Behavior\WriteHtmlCacheBehavior [ RunTime:0.000569s ]
INFO: [ view_filter ] --END-- [ RunTime:0.000599s ]
INFO: [ app_end ] --START--
INFO: Run Behavior\ShowPageTraceBehavior [ RunTime:0.000637s ]
INFO: [ app_end ] --END-- [ RunTime:0.000666s ]

[ 2016-07-14T18:30:18+08:00 ] 192.168.91.216 /project/Backend/Personnel/index.html
INFO: [ app_init ] --START--
INFO: Run Behavior\BuildLiteBehavior [ RunTime:0.000012s ]
INFO: [ app_init ] --END-- [ RunTime:0.000398s ]
INFO: [ app_begin ] --START--
INFO: Run Behavior\ReadHtmlCacheBehavior [ RunTime:0.000616s ]
INFO: [ app_begin ] --END-- [ RunTime:0.000665s ]
SQL: SHOW COLUMNS FROM `users` [ RunTime:0.0006s ]
NOTIC: [2] Missing argument 2 for Backend\Model\UsersModel::getList(), called in D:\web\project\Application\Backend\Controller\PersonnelController.class.php on line 16 and defined D:\web\project\Application\Backend\Model\UsersModel.class.php 第 17 行.
NOTIC: [8] Undefined variable: order D:\web\project\Application\Backend\Model\UsersModel.class.php 第 18 行.
SQL: SELECT * FROM `users` WHERE (  is_check = 1 and resume!= '' and status = 1 )  [ RunTime:0.0004s ]
INFO: [ view_parse ] --START--
INFO: [ template_filter ] --START--
INFO: Run Behavior\ContentReplaceBehavior [ RunTime:0.000064s ]
INFO: [ template_filter ] --END-- [ RunTime:0.000121s ]
SQL: SHOW COLUMNS FROM `house` [ RunTime:0.0006s ]
SQL: SELECT * FROM `house` WHERE `company_id` = 1 AND `user_id` = 1 LIMIT 1   [ RunTime:0.0003s ]
SQL: SHOW COLUMNS FROM `pushs` [ RunTime:0.0006s ]
SQL: SELECT * FROM `pushs` WHERE `user_id` = 1 LIMIT 1   [ RunTime:0.0003s ]
INFO: Run Behavior\ParseTemplateBehavior [ RunTime:0.011914s ]
INFO: [ view_parse ] --END-- [ RunTime:0.011954s ]
INFO: [ view_filter ] --START--
INFO: Run Behavior\WriteHtmlCacheBehavior [ RunTime:0.000587s ]
INFO: [ view_filter ] --END-- [ RunTime:0.000617s ]
INFO: [ app_end ] --START--
INFO: Run Behavior\ShowPageTraceBehavior [ RunTime:0.000578s ]
INFO: [ app_end ] --END-- [ RunTime:0.000604s ]

[ 2016-07-14T18:30:22+08:00 ] 192.168.91.216 /project/Backend/Personnel/index.html
INFO: [ app_init ] --START--
INFO: Run Behavior\BuildLiteBehavior [ RunTime:0.000020s ]
INFO: [ app_init ] --END-- [ RunTime:0.000335s ]
INFO: [ app_begin ] --START--
INFO: Run Behavior\ReadHtmlCacheBehavior [ RunTime:0.000930s ]
INFO: [ app_begin ] --END-- [ RunTime:0.000982s ]
SQL: SHOW COLUMNS FROM `users` [ RunTime:0.0009s ]
NOTIC: [2] Missing argument 2 for Backend\Model\UsersModel::getList(), called in D:\web\project\Application\Backend\Controller\PersonnelController.class.php on line 16 and defined D:\web\project\Application\Backend\Model\UsersModel.class.php 第 17 行.
NOTIC: [8] Undefined variable: order D:\web\project\Application\Backend\Model\UsersModel.class.php 第 18 行.
SQL: SELECT * FROM `users` WHERE (  is_check = 1 and resume!= '' and status = 1 )  [ RunTime:0.0003s ]
INFO: [ view_parse ] --START--
INFO: [ template_filter ] --START--
INFO: Run Behavior\ContentReplaceBehavior [ RunTime:0.000066s ]
INFO: [ template_filter ] --END-- [ RunTime:0.000103s ]
SQL: SHOW COLUMNS FROM `house` [ RunTime:0.0029s ]
SQL: SELECT * FROM `house` WHERE `company_id` = 1 AND `user_id` = 1 LIMIT 1   [ RunTime:0.0003s ]
SQL: SHOW COLUMNS FROM `pushs` [ RunTime:0.0005s ]
SQL: SELECT * FROM `pushs` WHERE `user_id` = 1 LIMIT 1   [ RunTime:0.0003s ]
INFO: Run Behavior\ParseTemplateBehavior [ RunTime:0.012634s ]
INFO: [ view_parse ] --END-- [ RunTime:0.012673s ]
INFO: [ view_filter ] --START--
INFO: Run Behavior\WriteHtmlCacheBehavior [ RunTime:0.002636s ]
INFO: [ view_filter ] --END-- [ RunTime:0.002678s ]
INFO: [ app_end ] --START--
INFO: Run Behavior\ShowPageTraceBehavior [ RunTime:0.000602s ]
INFO: [ app_end ] --END-- [ RunTime:0.000634s ]

[ 2016-07-14T18:30:23+08:00 ] 192.168.91.216 /project/Backend/Personnel/house.html
INFO: [ app_init ] --START--
INFO: Run Behavior\BuildLiteBehavior [ RunTime:0.000010s ]
INFO: [ app_init ] --END-- [ RunTime:0.000332s ]
INFO: [ app_begin ] --START--
INFO: Run Behavior\ReadHtmlCacheBehavior [ RunTime:0.000529s ]
INFO: [ app_begin ] --END-- [ RunTime:0.000574s ]
SQL: SHOW COLUMNS FROM `house` [ RunTime:0.0012s ]
SQL: SELECT * FROM `house` WHERE `id` = 1 AND `company_id` = 1 LIMIT 1   [ RunTime:0.0004s ]
SQL: INSERT INTO `house` (`company_id`,`user_id`,`at_time`) VALUES ('1','1','1468492223') [ RunTime:0.0003s ]

[ 2016-07-14T18:30:25+08:00 ] 192.168.91.216 /project/Backend/Personnel/index.html
INFO: [ app_init ] --START--
INFO: Run Behavior\BuildLiteBehavior [ RunTime:0.000014s ]
INFO: [ app_init ] --END-- [ RunTime:0.000491s ]
INFO: [ app_begin ] --START--
INFO: Run Behavior\ReadHtmlCacheBehavior [ RunTime:0.002118s ]
INFO: [ app_begin ] --END-- [ RunTime:0.002187s ]
SQL: SHOW COLUMNS FROM `users` [ RunTime:0.0008s ]
NOTIC: [2] Missing argument 2 for Backend\Model\UsersModel::getList(), called in D:\web\project\Application\Backend\Controller\PersonnelController.class.php on line 16 and defined D:\web\project\Application\Backend\Model\UsersModel.class.php 第 17 行.
NOTIC: [8] Undefined variable: order D:\web\project\Application\Backend\Model\UsersModel.class.php 第 18 行.
SQL: SELECT * FROM `users` WHERE (  is_check = 1 and resume!= '' and status = 1 )  [ RunTime:0.0003s ]
INFO: [ view_parse ] --START--
INFO: [ template_filter ] --START--
INFO: Run Behavior\ContentReplaceBehavior [ RunTime:0.000098s ]
INFO: [ template_filter ] --END-- [ RunTime:0.000163s ]
SQL: SHOW COLUMNS FROM `house` [ RunTime:0.0010s ]
SQL: SELECT * FROM `house` WHERE `company_id` = 1 AND `user_id` = 1 LIMIT 1   [ RunTime:0.0002s ]
SQL: SHOW COLUMNS FROM `pushs` [ RunTime:0.0006s ]
SQL: SELECT * FROM `pushs` WHERE `user_id` = 1 LIMIT 1   [ RunTime:0.0002s ]
INFO: Run Behavior\ParseTemplateBehavior [ RunTime:0.011839s ]
INFO: [ view_parse ] --END-- [ RunTime:0.011879s ]
INFO: [ view_filter ] --START--
INFO: Run Behavior\WriteHtmlCacheBehavior [ RunTime:0.000609s ]
INFO: [ view_filter ] --END-- [ RunTime:0.000646s ]
INFO: [ app_end ] --START--
INFO: Run Behavior\ShowPageTraceBehavior [ RunTime:0.000507s ]
INFO: [ app_end ] --END-- [ RunTime:0.000536s ]

[ 2016-07-14T18:30:26+08:00 ] 192.168.91.216 /project/Backend/Personnel/index.html
INFO: [ app_init ] --START--
INFO: Run Behavior\BuildLiteBehavior [ RunTime:0.000012s ]
INFO: [ app_init ] --END-- [ RunTime:0.000478s ]
INFO: [ app_begin ] --START--
INFO: Run Behavior\ReadHtmlCacheBehavior [ RunTime:0.000750s ]
INFO: [ app_begin ] --END-- [ RunTime:0.000803s ]
SQL: SHOW COLUMNS FROM `users` [ RunTime:0.0007s ]
NOTIC: [2] Missing argument 2 for Backend\Model\UsersModel::getList(), called in D:\web\project\Application\Backend\Controller\PersonnelController.class.php on line 16 and defined D:\web\project\Application\Backend\Model\UsersModel.class.php 第 17 行.
NOTIC: [8] Undefined variable: order D:\web\project\Application\Backend\Model\UsersModel.class.php 第 18 行.
SQL: SELECT * FROM `users` WHERE (  is_check = 1 and resume!= '' and status = 1 )  [ RunTime:0.0004s ]
INFO: [ view_parse ] --START--
INFO: [ template_filter ] --START--
INFO: Run Behavior\ContentReplaceBehavior [ RunTime:0.000062s ]
INFO: [ template_filter ] --END-- [ RunTime:0.000097s ]
SQL: SHOW COLUMNS FROM `house` [ RunTime:0.0009s ]
SQL: SELECT * FROM `house` WHERE `company_id` = 1 AND `user_id` = 1 LIMIT 1   [ RunTime:0.0003s ]
SQL: SHOW COLUMNS FROM `pushs` [ RunTime:0.0006s ]
SQL: SELECT * FROM `pushs` WHERE `user_id` = 1 LIMIT 1   [ RunTime:0.0003s ]
INFO: Run Behavior\ParseTemplateBehavior [ RunTime:0.010260s ]
INFO: [ view_parse ] --END-- [ RunTime:0.010301s ]
INFO: [ view_filter ] --START--
INFO: Run Behavior\WriteHtmlCacheBehavior [ RunTime:0.000585s ]
INFO: [ view_filter ] --END-- [ RunTime:0.000614s ]
INFO: [ app_end ] --START--
INFO: Run Behavior\ShowPageTraceBehavior [ RunTime:0.000644s ]
INFO: [ app_end ] --END-- [ RunTime:0.000674s ]

[ 2016-07-14T18:30:28+08:00 ] 192.168.91.216 /project/Backend/Personnel/house.html
INFO: [ app_init ] --START--
INFO: Run Behavior\BuildLiteBehavior [ RunTime:0.000040s ]
INFO: [ app_init ] --END-- [ RunTime:0.000428s ]
INFO: [ app_begin ] --START--
INFO: Run Behavior\ReadHtmlCacheBehavior [ RunTime:0.000866s ]
INFO: [ app_begin ] --END-- [ RunTime:0.000917s ]
SQL: SHOW COLUMNS FROM `house` [ RunTime:0.0006s ]
SQL: SELECT * FROM `house` WHERE `id` = 1 AND `company_id` = 1 LIMIT 1   [ RunTime:0.0003s ]
SQL: INSERT INTO `house` (`company_id`,`user_id`,`at_time`) VALUES ('1','1','1468492228') [ RunTime:0.0003s ]

[ 2016-07-14T18:30:30+08:00 ] 192.168.91.216 /project/Backend/Personnel/house.html
INFO: [ app_init ] --START--
INFO: Run Behavior\BuildLiteBehavior [ RunTime:0.000009s ]
INFO: [ app_init ] --END-- [ RunTime:0.000322s ]
INFO: [ app_begin ] --START--
INFO: Run Behavior\ReadHtmlCacheBehavior [ RunTime:0.000565s ]
INFO: [ app_begin ] --END-- [ RunTime:0.000623s ]
SQL: SHOW COLUMNS FROM `house` [ RunTime:0.0008s ]
SQL: SELECT * FROM `house` WHERE `id` = 1 AND `company_id` = 1 LIMIT 1   [ RunTime:0.0003s ]
SQL: INSERT INTO `house` (`company_id`,`user_id`,`at_time`) VALUES ('1','1','1468492230') [ RunTime:0.0003s ]

[ 2016-07-14T18:30:31+08:00 ] 192.168.91.216 /project/Backend/Personnel/index.html
INFO: [ app_init ] --START--
INFO: Run Behavior\BuildLiteBehavior [ RunTime:0.000009s ]
INFO: [ app_init ] --END-- [ RunTime:0.000387s ]
INFO: [ app_begin ] --START--
INFO: Run Behavior\ReadHtmlCacheBehavior [ RunTime:0.000749s ]
INFO: [ app_begin ] --END-- [ RunTime:0.000794s ]
SQL: SHOW COLUMNS FROM `users` [ RunTime:0.0006s ]
NOTIC: [2] Missing argument 2 for Backend\Model\UsersModel::getList(), called in D:\web\project\Application\Backend\Controller\PersonnelController.class.php on line 16 and defined D:\web\project\Application\Backend\Model\UsersModel.class.php 第 17 行.
NOTIC: [8] Undefined variable: order D:\web\project\Application\Backend\Model\UsersModel.class.php 第 18 行.
SQL: SELECT * FROM `users` WHERE (  is_check = 1 and resume!= '' and status = 1 )  [ RunTime:0.0003s ]
INFO: [ view_parse ] --START--
INFO: [ template_filter ] --START--
INFO: Run Behavior\ContentReplaceBehavior [ RunTime:0.000101s ]
INFO: [ template_filter ] --END-- [ RunTime:0.000170s ]
SQL: SHOW COLUMNS FROM `house` [ RunTime:0.0006s ]
SQL: SELECT * FROM `house` WHERE `company_id` = 1 AND `user_id` = 1 LIMIT 1   [ RunTime:0.0003s ]
SQL: SHOW COLUMNS FROM `pushs` [ RunTime:0.0006s ]
SQL: SELECT * FROM `pushs` WHERE `user_id` = 1 LIMIT 1   [ RunTime:0.0002s ]
INFO: Run Behavior\ParseTemplateBehavior [ RunTime:0.011005s ]
INFO: [ view_parse ] --END-- [ RunTime:0.011044s ]
INFO: [ view_filter ] --START--
INFO: Run Behavior\WriteHtmlCacheBehavior [ RunTime:0.000567s ]
INFO: [ view_filter ] --END-- [ RunTime:0.000596s ]
INFO: [ app_end ] --START--
INFO: Run Behavior\ShowPageTraceBehavior [ RunTime:0.000622s ]
INFO: [ app_end ] --END-- [ RunTime:0.000650s ]

[ 2016-07-14T18:30:33+08:00 ] 192.168.91.216 /project/Backend/Personnel/house.html
INFO: [ app_init ] --START--
INFO: Run Behavior\BuildLiteBehavior [ RunTime:0.000010s ]
INFO: [ app_init ] --END-- [ RunTime:0.000435s ]
INFO: [ app_begin ] --START--
INFO: Run Behavior\ReadHtmlCacheBehavior [ RunTime:0.000526s ]
INFO: [ app_begin ] --END-- [ RunTime:0.000563s ]
SQL: SHOW COLUMNS FROM `house` [ RunTime:0.0005s ]
SQL: SELECT * FROM `house` WHERE `id` = 1 AND `company_id` = 1 LIMIT 1   [ RunTime:0.0003s ]
SQL: INSERT INTO `house` (`company_id`,`user_id`,`at_time`) VALUES ('1','1','1468492233') [ RunTime:0.0002s ]

