[ 2016-07-09T06:44:16+08:00 ] 42.156.251.187 /
INFO: [ app_init ] --START--
INFO: Run Behavior\BuildLiteBehavior [ RunTime:0.000013s ]
INFO: [ app_init ] --END-- [ RunTime:0.000093s ]
INFO: [ app_begin ] --START--
INFO: Run Behavior\ReadHtmlCacheBehavior [ RunTime:0.000042s ]
INFO: [ app_begin ] --END-- [ RunTime:0.000074s ]
INFO: [ view_parse ] --START--
INFO: [ template_filter ] --START--
INFO: Run Behavior\ContentReplaceBehavior [ RunTime:0.000074s ]
INFO: [ template_filter ] --END-- [ RunTime:0.000110s ]
NOTIC: [2] file_put_contents(./Application/Runtime/Cache/Home/39b332e5f8883cb2938d6d989e0f6c27.php): failed to open stream: Permission denied /alidata/www/project/ThinkPHP/Library/Think/Storage/Driver/File.class.php 第 47 行.
ERR: _STORAGE_WRITE_ERROR_:./Application/Runtime/Cache/Home/39b332e5f8883cb2938d6d989e0f6c27.php

[ 2016-07-09T20:25:52+08:00 ] 121.42.0.30 /
INFO: [ app_init ] --START--
INFO: Run Behavior\BuildLiteBehavior [ RunTime:0.000012s ]
INFO: [ app_init ] --END-- [ RunTime:0.000089s ]
INFO: [ app_begin ] --START--
INFO: Run Behavior\ReadHtmlCacheBehavior [ RunTime:0.000038s ]
INFO: [ app_begin ] --END-- [ RunTime:0.000071s ]
ERR: 非法操作:1${(#_memberAccess["allowStaticMethodAccess"]=true,#a=@org.apache.struts2.ServletActionContext@getResponse().getWriter(),#a.println(0x31323334),#a.close())}

[ 2016-07-09T20:26:00+08:00 ] 121.42.0.30 /login.jsp
INFO: [ app_init ] --START--
INFO: Run Behavior\BuildLiteBehavior [ RunTime:0.000013s ]
INFO: [ app_init ] --END-- [ RunTime:0.000102s ]
INFO: [ app_begin ] --START--
INFO: Run Behavior\ReadHtmlCacheBehavior [ RunTime:0.000041s ]
INFO: [ app_begin ] --END-- [ RunTime:0.000074s ]
ERR: 无法加载控制器:Login.jsp

[ 2016-07-09T20:26:14+08:00 ] 121.42.0.30 /index.html
INFO: [ app_init ] --START--
INFO: Run Behavior\BuildLiteBehavior [ RunTime:0.000013s ]
INFO: [ app_init ] --END-- [ RunTime:0.000108s ]
INFO: [ app_begin ] --START--
INFO: Run Behavior\ReadHtmlCacheBehavior [ RunTime:0.000042s ]
INFO: [ app_begin ] --END-- [ RunTime:0.000074s ]
INFO: [ view_parse ] --START--
INFO: [ template_filter ] --START--
INFO: Run Behavior\ContentReplaceBehavior [ RunTime:0.000075s ]
INFO: [ template_filter ] --END-- [ RunTime:0.000129s ]
NOTIC: [2] file_put_contents(./Application/Runtime/Cache/Home/39b332e5f8883cb2938d6d989e0f6c27.php): failed to open stream: Permission denied /alidata/www/project/ThinkPHP/Library/Think/Storage/Driver/File.class.php 第 47 行.
ERR: _STORAGE_WRITE_ERROR_:./Application/Runtime/Cache/Home/39b332e5f8883cb2938d6d989e0f6c27.php

[ 2016-07-09T20:26:21+08:00 ] 121.42.0.30 /server-status/
INFO: [ app_init ] --START--
INFO: Run Behavior\BuildLiteBehavior [ RunTime:0.000016s ]
INFO: [ app_init ] --END-- [ RunTime:0.000130s ]
INFO: [ app_begin ] --START--
INFO: Run Behavior\ReadHtmlCacheBehavior [ RunTime:0.000059s ]
INFO: [ app_begin ] --END-- [ RunTime:0.000104s ]
ERR: 无法加载控制器:Server-status

[ 2016-07-09T20:26:36+08:00 ] 121.42.0.30 /zabbix/
INFO: [ app_init ] --START--
INFO: Run Behavior\BuildLiteBehavior [ RunTime:0.000012s ]
INFO: [ app_init ] --END-- [ RunTime:0.000091s ]
INFO: [ app_begin ] --START--
INFO: Run Behavior\ReadHtmlCacheBehavior [ RunTime:0.000040s ]
INFO: [ app_begin ] --END-- [ RunTime:0.000073s ]
ERR: 无法加载控制器:Zabbix

[ 2016-07-09T20:26:50+08:00 ] 121.42.0.30 /
INFO: [ app_init ] --START--
INFO: Run Behavior\BuildLiteBehavior [ RunTime:0.000013s ]
INFO: [ app_init ] --END-- [ RunTime:0.000093s ]
INFO: [ app_begin ] --START--
INFO: Run Behavior\ReadHtmlCacheBehavior [ RunTime:0.000043s ]
INFO: [ app_begin ] --END-- [ RunTime:0.000074s ]
INFO: [ view_parse ] --START--
INFO: [ template_filter ] --START--
INFO: Run Behavior\ContentReplaceBehavior [ RunTime:0.000074s ]
INFO: [ template_filter ] --END-- [ RunTime:0.000112s ]
NOTIC: [2] file_put_contents(./Application/Runtime/Cache/Home/39b332e5f8883cb2938d6d989e0f6c27.php): failed to open stream: Permission denied /alidata/www/project/ThinkPHP/Library/Think/Storage/Driver/File.class.php 第 47 行.
ERR: _STORAGE_WRITE_ERROR_:./Application/Runtime/Cache/Home/39b332e5f8883cb2938d6d989e0f6c27.php

[ 2016-07-09T20:26:55+08:00 ] 121.42.0.30 /index.php
INFO: [ app_init ] --START--
INFO: Run Behavior\BuildLiteBehavior [ RunTime:0.000019s ]
INFO: [ app_init ] --END-- [ RunTime:0.000139s ]
INFO: [ app_begin ] --START--
INFO: Run Behavior\ReadHtmlCacheBehavior [ RunTime:0.000066s ]
INFO: [ app_begin ] --END-- [ RunTime:0.000132s ]
INFO: [ view_parse ] --START--
INFO: [ template_filter ] --START--
INFO: Run Behavior\ContentReplaceBehavior [ RunTime:0.000078s ]
INFO: [ template_filter ] --END-- [ RunTime:0.000119s ]
NOTIC: [2] file_put_contents(./Application/Runtime/Cache/Home/39b332e5f8883cb2938d6d989e0f6c27.php): failed to open stream: Permission denied /alidata/www/project/ThinkPHP/Library/Think/Storage/Driver/File.class.php 第 47 行.
ERR: _STORAGE_WRITE_ERROR_:./Application/Runtime/Cache/Home/39b332e5f8883cb2938d6d989e0f6c27.php

[ 2016-07-09T20:27:08+08:00 ] 121.42.0.30 /axis2/
INFO: [ app_init ] --START--
INFO: Run Behavior\BuildLiteBehavior [ RunTime:0.000013s ]
INFO: [ app_init ] --END-- [ RunTime:0.000093s ]
INFO: [ app_begin ] --START--
INFO: Run Behavior\ReadHtmlCacheBehavior [ RunTime:0.000053s ]
INFO: [ app_begin ] --END-- [ RunTime:0.000085s ]
ERR: 无法加载控制器:Axis2

[ 2016-07-09T20:27:12+08:00 ] 121.42.0.30 /solr/
INFO: [ app_init ] --START--
INFO: Run Behavior\BuildLiteBehavior [ RunTime:0.000020s ]
INFO: [ app_init ] --END-- [ RunTime:0.000146s ]
INFO: [ app_begin ] --START--
INFO: Run Behavior\ReadHtmlCacheBehavior [ RunTime:0.000047s ]
INFO: [ app_begin ] --END-- [ RunTime:0.000082s ]
ERR: 无法加载控制器:Solr

[ 2016-07-09T20:37:41+08:00 ] 121.42.0.17 /hudson/
INFO: [ app_init ] --START--
INFO: Run Behavior\BuildLiteBehavior [ RunTime:0.000020s ]
INFO: [ app_init ] --END-- [ RunTime:0.000150s ]
INFO: [ app_begin ] --START--
INFO: Run Behavior\ReadHtmlCacheBehavior [ RunTime:0.000075s ]
INFO: [ app_begin ] --END-- [ RunTime:0.000144s ]
ERR: 无法加载控制器:Hudson

[ 2016-07-09T20:37:48+08:00 ] 121.42.0.17 /phpRedisAdmin/?overview
INFO: [ app_init ] --START--
INFO: Run Behavior\BuildLiteBehavior [ RunTime:0.000013s ]
INFO: [ app_init ] --END-- [ RunTime:0.000095s ]
INFO: [ app_begin ] --START--
INFO: Run Behavior\ReadHtmlCacheBehavior [ RunTime:0.000040s ]
INFO: [ app_begin ] --END-- [ RunTime:0.000078s ]
ERR: 无法加载控制器:PhpRedisAdmin

[ 2016-07-09T20:37:49+08:00 ] 121.42.0.17 /.DS_Store
INFO: [ app_init ] --START--
INFO: Run Behavior\BuildLiteBehavior [ RunTime:0.000013s ]
INFO: [ app_init ] --END-- [ RunTime:0.000084s ]
INFO: [ app_begin ] --START--
INFO: Run Behavior\ReadHtmlCacheBehavior [ RunTime:0.000035s ]
INFO: [ app_begin ] --END-- [ RunTime:0.000077s ]
ERR: 无法加载控制器:.DS_Store

[ 2016-07-09T20:37:52+08:00 ] 121.42.0.17 /.svn/entries
INFO: [ app_init ] --START--
INFO: Run Behavior\BuildLiteBehavior [ RunTime:0.000012s ]
INFO: [ app_init ] --END-- [ RunTime:0.000092s ]
INFO: [ app_begin ] --START--
INFO: Run Behavior\ReadHtmlCacheBehavior [ RunTime:0.000042s ]
INFO: [ app_begin ] --END-- [ RunTime:0.000074s ]
ERR: 无法加载控制器:.svn

[ 2016-07-09T20:37:53+08:00 ] 121.42.0.17 /.svn/entries
INFO: [ app_init ] --START--
INFO: Run Behavior\BuildLiteBehavior [ RunTime:0.000019s ]
INFO: [ app_init ] --END-- [ RunTime:0.000144s ]
INFO: [ app_begin ] --START--
INFO: Run Behavior\ReadHtmlCacheBehavior [ RunTime:0.000065s ]
INFO: [ app_begin ] --END-- [ RunTime:0.000114s ]
ERR: 无法加载控制器:.svn

[ 2016-07-09T20:37:57+08:00 ] 121.42.0.17 /examples/servlets/index.html
INFO: [ app_init ] --START--
INFO: Run Behavior\BuildLiteBehavior [ RunTime:0.000019s ]
INFO: [ app_init ] --END-- [ RunTime:0.000138s ]
INFO: [ app_begin ] --START--
INFO: Run Behavior\ReadHtmlCacheBehavior [ RunTime:0.000061s ]
INFO: [ app_begin ] --END-- [ RunTime:0.000117s ]
ERR: 无法加载控制器:Examples

[ 2016-07-09T20:38:03+08:00 ] 121.42.0.17 /examples/jsp/index.html
INFO: [ app_init ] --START--
INFO: Run Behavior\BuildLiteBehavior [ RunTime:0.000014s ]
INFO: [ app_init ] --END-- [ RunTime:0.000122s ]
INFO: [ app_begin ] --START--
INFO: Run Behavior\ReadHtmlCacheBehavior [ RunTime:0.000041s ]
INFO: [ app_begin ] --END-- [ RunTime:0.000074s ]
ERR: 无法加载控制器:Examples

[ 2016-07-09T20:38:07+08:00 ] 121.42.0.17 /monitor/WEB-INF/web.xml
INFO: [ app_init ] --START--
INFO: Run Behavior\BuildLiteBehavior [ RunTime:0.000013s ]
INFO: [ app_init ] --END-- [ RunTime:0.000095s ]
INFO: [ app_begin ] --START--
INFO: Run Behavior\ReadHtmlCacheBehavior [ RunTime:0.000043s ]
INFO: [ app_begin ] --END-- [ RunTime:0.000076s ]
ERR: 无法加载控制器:Monitor

[ 2016-07-09T20:38:09+08:00 ] 121.42.0.17 /WEB-INF/web.xml
INFO: [ app_init ] --START--
INFO: Run Behavior\BuildLiteBehavior [ RunTime:0.000012s ]
INFO: [ app_init ] --END-- [ RunTime:0.000093s ]
INFO: [ app_begin ] --START--
INFO: Run Behavior\ReadHtmlCacheBehavior [ RunTime:0.000042s ]
INFO: [ app_begin ] --END-- [ RunTime:0.000074s ]
ERR: 无法加载控制器:WEB-INF

[ 2016-07-09T20:38:30+08:00 ] 121.42.0.17 /jenkins/
INFO: [ app_init ] --START--
INFO: Run Behavior\BuildLiteBehavior [ RunTime:0.000014s ]
INFO: [ app_init ] --END-- [ RunTime:0.000109s ]
INFO: [ app_begin ] --START--
INFO: Run Behavior\ReadHtmlCacheBehavior [ RunTime:0.000049s ]
INFO: [ app_begin ] --END-- [ RunTime:0.000090s ]
ERR: 无法加载控制器:Jenkins

[ 2016-07-09T20:38:34+08:00 ] 121.42.0.17 /bin/
INFO: [ app_init ] --START--
INFO: Run Behavior\BuildLiteBehavior [ RunTime:0.000013s ]
INFO: [ app_init ] --END-- [ RunTime:0.000098s ]
INFO: [ app_begin ] --START--
INFO: Run Behavior\ReadHtmlCacheBehavior [ RunTime:0.000040s ]
INFO: [ app_begin ] --END-- [ RunTime:0.000072s ]
ERR: 无法加载控制器:Bin

[ 2016-07-09T20:38:41+08:00 ] 121.42.0.17 /bin/
INFO: [ app_init ] --START--
INFO: Run Behavior\BuildLiteBehavior [ RunTime:0.000013s ]
INFO: [ app_init ] --END-- [ RunTime:0.000091s ]
INFO: [ app_begin ] --START--
INFO: Run Behavior\ReadHtmlCacheBehavior [ RunTime:0.000043s ]
INFO: [ app_begin ] --END-- [ RunTime:0.000075s ]
ERR: 无法加载控制器:Bin

[ 2016-07-09T20:38:42+08:00 ] 121.42.0.17 /?class.classLoader.jarPath=%28%23context%5B%22xwork.MethodAccessor.denyMethodExecution%22%5D%3d+new+java.lang.Boolean%28false%29%2c+%23_memberAccess%5B%22allowStaticMethodAccess%22%5D%3dtrue%2c%23a%3d%40org.apache.struts2.ServletActionContext%40getResponse%28%29.getWriter%28%29%2c%23a.println%280x31323334%29%2c%23a.close%28%29%29%28prpr%29&z%5B%28class.classLoader.jarPath%29%28%27prpr%27%29%5D
INFO: [ app_init ] --START--
INFO: Run Behavior\BuildLiteBehavior [ RunTime:0.000018s ]
INFO: [ app_init ] --END-- [ RunTime:0.000134s ]
INFO: [ app_begin ] --START--
INFO: Run Behavior\ReadHtmlCacheBehavior [ RunTime:0.000065s ]
INFO: [ app_begin ] --END-- [ RunTime:0.000119s ]
INFO: [ view_parse ] --START--
INFO: [ template_filter ] --START--
INFO: Run Behavior\ContentReplaceBehavior [ RunTime:0.000080s ]
INFO: [ template_filter ] --END-- [ RunTime:0.000116s ]
NOTIC: [2] file_put_contents(./Application/Runtime/Cache/Home/39b332e5f8883cb2938d6d989e0f6c27.php): failed to open stream: Permission denied /alidata/www/project/ThinkPHP/Library/Think/Storage/Driver/File.class.php 第 47 行.
ERR: _STORAGE_WRITE_ERROR_:./Application/Runtime/Cache/Home/39b332e5f8883cb2938d6d989e0f6c27.php

[ 2016-07-09T20:38:45+08:00 ] 121.42.0.17 /aa=com.opensymphony.xwork2.dispatcher.HttpServletResponse&method:(%23_memberAccess).setExcludedClasses(%40java.util.Collections%40EMPTY_SET),(%23_memberAccess).setExcludedPackageNamePatterns(%40java.util.Collections%40EMPTY_SET),%23a%3d%23context.get(%23parameters.aa%5B0%5D).getWriter(),%23a.print(0x31323334),%23a.close(),new%20java.lang.String
INFO: [ app_init ] --START--
INFO: Run Behavior\BuildLiteBehavior [ RunTime:0.000012s ]
INFO: [ app_init ] --END-- [ RunTime:0.000112s ]
INFO: [ app_begin ] --START--
INFO: Run Behavior\ReadHtmlCacheBehavior [ RunTime:0.000043s ]
INFO: [ app_begin ] --END-- [ RunTime:0.000075s ]
ERR: 无法加载控制器:Aa=com.opensymphony.xwork2.dispatcher.HttpServletResponse&method:(#_memberAccess).setExcludedClasses(@java.util.Collections@EMPTY_SET),(#_memberAccess).setExcludedPackageNamePatterns(@java.util.Collections@EMPTY_SET),#a=#context.get(#parameters.aa[0]).getWriter(),#a.print(0x31323334),#a.close(),new java.lang.String

[ 2016-07-09T20:38:46+08:00 ] 121.42.0.17 /index.php?disp=dynamic
INFO: [ app_init ] --START--
INFO: Run Behavior\BuildLiteBehavior [ RunTime:0.000013s ]
INFO: [ app_init ] --END-- [ RunTime:0.000095s ]
INFO: [ app_begin ] --START--
INFO: Run Behavior\ReadHtmlCacheBehavior [ RunTime:0.000038s ]
INFO: [ app_begin ] --END-- [ RunTime:0.000083s ]
INFO: [ view_parse ] --START--
INFO: [ template_filter ] --START--
INFO: Run Behavior\ContentReplaceBehavior [ RunTime:0.000076s ]
INFO: [ template_filter ] --END-- [ RunTime:0.000118s ]
NOTIC: [2] file_put_contents(./Application/Runtime/Cache/Home/39b332e5f8883cb2938d6d989e0f6c27.php): failed to open stream: Permission denied /alidata/www/project/ThinkPHP/Library/Think/Storage/Driver/File.class.php 第 47 行.
ERR: _STORAGE_WRITE_ERROR_:./Application/Runtime/Cache/Home/39b332e5f8883cb2938d6d989e0f6c27.php

[ 2016-07-09T20:38:51+08:00 ] 121.42.0.17 /index.php?disp=dynamic
INFO: [ app_init ] --START--
INFO: Run Behavior\BuildLiteBehavior [ RunTime:0.000013s ]
INFO: [ app_init ] --END-- [ RunTime:0.000091s ]
INFO: [ app_begin ] --START--
INFO: Run Behavior\ReadHtmlCacheBehavior [ RunTime:0.000039s ]
INFO: [ app_begin ] --END-- [ RunTime:0.000072s ]
INFO: [ view_parse ] --START--
INFO: [ template_filter ] --START--
INFO: Run Behavior\ContentReplaceBehavior [ RunTime:0.000075s ]
INFO: [ template_filter ] --END-- [ RunTime:0.000112s ]
NOTIC: [2] file_put_contents(./Application/Runtime/Cache/Home/39b332e5f8883cb2938d6d989e0f6c27.php): failed to open stream: Permission denied /alidata/www/project/ThinkPHP/Library/Think/Storage/Driver/File.class.php 第 47 行.
ERR: _STORAGE_WRITE_ERROR_:./Application/Runtime/Cache/Home/39b332e5f8883cb2938d6d989e0f6c27.php

[ 2016-07-09T20:38:55+08:00 ] 121.42.0.17 /.bzr/branch-format
INFO: [ app_init ] --START--
INFO: Run Behavior\BuildLiteBehavior [ RunTime:0.000013s ]
INFO: [ app_init ] --END-- [ RunTime:0.000095s ]
INFO: [ app_begin ] --START--
INFO: Run Behavior\ReadHtmlCacheBehavior [ RunTime:0.000045s ]
INFO: [ app_begin ] --END-- [ RunTime:0.000078s ]
ERR: 无法加载控制器:.bzr

[ 2016-07-09T20:38:56+08:00 ] 121.42.0.17 /.bzr/branch-format
INFO: [ app_init ] --START--
INFO: Run Behavior\BuildLiteBehavior [ RunTime:0.000012s ]
INFO: [ app_init ] --END-- [ RunTime:0.000081s ]
INFO: [ app_begin ] --START--
INFO: Run Behavior\ReadHtmlCacheBehavior [ RunTime:0.000041s ]
INFO: [ app_begin ] --END-- [ RunTime:0.000074s ]
ERR: 无法加载控制器:.bzr

[ 2016-07-09T20:38:58+08:00 ] 121.42.0.17 /.hg/requires
INFO: [ app_init ] --START--
INFO: Run Behavior\BuildLiteBehavior [ RunTime:0.000013s ]
INFO: [ app_init ] --END-- [ RunTime:0.000093s ]
INFO: [ app_begin ] --START--
INFO: Run Behavior\ReadHtmlCacheBehavior [ RunTime:0.000042s ]
INFO: [ app_begin ] --END-- [ RunTime:0.000074s ]
ERR: 无法加载控制器:.hg

[ 2016-07-09T20:39:00+08:00 ] 121.42.0.17 /.hg/requires
INFO: [ app_init ] --START--
INFO: Run Behavior\BuildLiteBehavior [ RunTime:0.000013s ]
INFO: [ app_init ] --END-- [ RunTime:0.000119s ]
INFO: [ app_begin ] --START--
INFO: Run Behavior\ReadHtmlCacheBehavior [ RunTime:0.000043s ]
INFO: [ app_begin ] --END-- [ RunTime:0.000077s ]
ERR: 无法加载控制器:.hg

[ 2016-07-09T20:39:05+08:00 ] 121.42.0.17 /CVS/Root
INFO: [ app_init ] --START--
INFO: Run Behavior\BuildLiteBehavior [ RunTime:0.000017s ]
INFO: [ app_init ] --END-- [ RunTime:0.000138s ]
INFO: [ app_begin ] --START--
INFO: Run Behavior\ReadHtmlCacheBehavior [ RunTime:0.000057s ]
INFO: [ app_begin ] --END-- [ RunTime:0.000101s ]
ERR: 无法加载控制器:CVS

[ 2016-07-09T20:39:07+08:00 ] 121.42.0.17 /CVS/Root
INFO: [ app_init ] --START--
INFO: Run Behavior\BuildLiteBehavior [ RunTime:0.000012s ]
INFO: [ app_init ] --END-- [ RunTime:0.000090s ]
INFO: [ app_begin ] --START--
INFO: Run Behavior\ReadHtmlCacheBehavior [ RunTime:0.000041s ]
INFO: [ app_begin ] --END-- [ RunTime:0.000075s ]
ERR: 无法加载控制器:CVS

[ 2016-07-09T20:39:19+08:00 ] 121.42.0.17 /download/
INFO: [ app_init ] --START--
INFO: Run Behavior\BuildLiteBehavior [ RunTime:0.000013s ]
INFO: [ app_init ] --END-- [ RunTime:0.000092s ]
INFO: [ app_begin ] --START--
INFO: Run Behavior\ReadHtmlCacheBehavior [ RunTime:0.000042s ]
INFO: [ app_begin ] --END-- [ RunTime:0.000074s ]
ERR: 无法加载控制器:Download

[ 2016-07-09T20:39:21+08:00 ] 121.42.0.17 /download/
INFO: [ app_init ] --START--
INFO: Run Behavior\BuildLiteBehavior [ RunTime:0.000013s ]
INFO: [ app_init ] --END-- [ RunTime:0.000102s ]
INFO: [ app_begin ] --START--
INFO: Run Behavior\ReadHtmlCacheBehavior [ RunTime:0.000039s ]
INFO: [ app_begin ] --END-- [ RunTime:0.000072s ]
ERR: 无法加载控制器:Download

[ 2016-07-09T20:39:24+08:00 ] 121.42.0.17 /downloads/
INFO: [ app_init ] --START--
INFO: Run Behavior\BuildLiteBehavior [ RunTime:0.000013s ]
INFO: [ app_init ] --END-- [ RunTime:0.000093s ]
INFO: [ app_begin ] --START--
INFO: Run Behavior\ReadHtmlCacheBehavior [ RunTime:0.000043s ]
INFO: [ app_begin ] --END-- [ RunTime:0.000077s ]
ERR: 无法加载控制器:Downloads

[ 2016-07-09T20:39:26+08:00 ] 121.42.0.17 /downloads/
INFO: [ app_init ] --START--
INFO: Run Behavior\BuildLiteBehavior [ RunTime:0.000012s ]
INFO: [ app_init ] --END-- [ RunTime:0.000082s ]
INFO: [ app_begin ] --START--
INFO: Run Behavior\ReadHtmlCacheBehavior [ RunTime:0.000033s ]
INFO: [ app_begin ] --END-- [ RunTime:0.000065s ]
ERR: 无法加载控制器:Downloads

[ 2016-07-09T20:39:27+08:00 ] 121.42.0.17 /index.php
INFO: [ app_init ] --START--
INFO: Run Behavior\BuildLiteBehavior [ RunTime:0.000016s ]
INFO: [ app_init ] --END-- [ RunTime:0.000116s ]
INFO: [ app_begin ] --START--
INFO: Run Behavior\ReadHtmlCacheBehavior [ RunTime:0.000043s ]
INFO: [ app_begin ] --END-- [ RunTime:0.000080s ]
INFO: [ view_parse ] --START--
INFO: [ template_filter ] --START--
INFO: Run Behavior\ContentReplaceBehavior [ RunTime:0.000074s ]
INFO: [ template_filter ] --END-- [ RunTime:0.000109s ]
NOTIC: [2] file_put_contents(./Application/Runtime/Cache/Home/39b332e5f8883cb2938d6d989e0f6c27.php): failed to open stream: Permission denied /alidata/www/project/ThinkPHP/Library/Think/Storage/Driver/File.class.php 第 47 行.
ERR: _STORAGE_WRITE_ERROR_:./Application/Runtime/Cache/Home/39b332e5f8883cb2938d6d989e0f6c27.php

[ 2016-07-09T20:39:27+08:00 ] 121.42.0.17 /upfile/
INFO: [ app_init ] --START--
INFO: Run Behavior\BuildLiteBehavior [ RunTime:0.000013s ]
INFO: [ app_init ] --END-- [ RunTime:0.000081s ]
INFO: [ app_begin ] --START--
INFO: Run Behavior\ReadHtmlCacheBehavior [ RunTime:0.000034s ]
INFO: [ app_begin ] --END-- [ RunTime:0.000067s ]
ERR: 无法加载控制器:Upfile

[ 2016-07-09T20:39:30+08:00 ] 121.42.0.17 /upfile/
INFO: [ app_init ] --START--
INFO: Run Behavior\BuildLiteBehavior [ RunTime:0.000014s ]
INFO: [ app_init ] --END-- [ RunTime:0.000111s ]
INFO: [ app_begin ] --START--
INFO: Run Behavior\ReadHtmlCacheBehavior [ RunTime:0.000042s ]
INFO: [ app_begin ] --END-- [ RunTime:0.000077s ]
ERR: 无法加载控制器:Upfile

[ 2016-07-09T20:39:32+08:00 ] 121.42.0.17 /uploadfile/
INFO: [ app_init ] --START--
INFO: Run Behavior\BuildLiteBehavior [ RunTime:0.000011s ]
INFO: [ app_init ] --END-- [ RunTime:0.000081s ]
INFO: [ app_begin ] --START--
INFO: Run Behavior\ReadHtmlCacheBehavior [ RunTime:0.000035s ]
INFO: [ app_begin ] --END-- [ RunTime:0.000077s ]
ERR: 无法加载控制器:Uploadfile

[ 2016-07-09T20:39:34+08:00 ] 121.42.0.17 /uploadfile/
INFO: [ app_init ] --START--
INFO: Run Behavior\BuildLiteBehavior [ RunTime:0.000014s ]
INFO: [ app_init ] --END-- [ RunTime:0.000092s ]
INFO: [ app_begin ] --START--
INFO: Run Behavior\ReadHtmlCacheBehavior [ RunTime:0.000042s ]
INFO: [ app_begin ] --END-- [ RunTime:0.000077s ]
ERR: 无法加载控制器:Uploadfile

[ 2016-07-09T20:39:36+08:00 ] 121.42.0.17 /uploadfiles/
INFO: [ app_init ] --START--
INFO: Run Behavior\BuildLiteBehavior [ RunTime:0.000013s ]
INFO: [ app_init ] --END-- [ RunTime:0.000082s ]
INFO: [ app_begin ] --START--
INFO: Run Behavior\ReadHtmlCacheBehavior [ RunTime:0.000032s ]
INFO: [ app_begin ] --END-- [ RunTime:0.000065s ]
ERR: 无法加载控制器:Uploadfiles

[ 2016-07-09T20:39:40+08:00 ] 121.42.0.17 /uploadfiles/
INFO: [ app_init ] --START--
INFO: Run Behavior\BuildLiteBehavior [ RunTime:0.000012s ]
INFO: [ app_init ] --END-- [ RunTime:0.000095s ]
INFO: [ app_begin ] --START--
INFO: Run Behavior\ReadHtmlCacheBehavior [ RunTime:0.000063s ]
INFO: [ app_begin ] --END-- [ RunTime:0.000107s ]
ERR: 无法加载控制器:Uploadfiles

[ 2016-07-09T20:39:42+08:00 ] 121.42.0.17 /web/
INFO: [ app_init ] --START--
INFO: Run Behavior\BuildLiteBehavior [ RunTime:0.000013s ]
INFO: [ app_init ] --END-- [ RunTime:0.000102s ]
INFO: [ app_begin ] --START--
INFO: Run Behavior\ReadHtmlCacheBehavior [ RunTime:0.000042s ]
INFO: [ app_begin ] --END-- [ RunTime:0.000076s ]
ERR: 无法加载控制器:Web

[ 2016-07-09T20:39:48+08:00 ] 121.42.0.17 /web/
INFO: [ app_init ] --START--
INFO: Run Behavior\BuildLiteBehavior [ RunTime:0.000013s ]
INFO: [ app_init ] --END-- [ RunTime:0.000091s ]
INFO: [ app_begin ] --START--
INFO: Run Behavior\ReadHtmlCacheBehavior [ RunTime:0.000042s ]
INFO: [ app_begin ] --END-- [ RunTime:0.000075s ]
ERR: 无法加载控制器:Web

[ 2016-07-09T20:39:49+08:00 ] 121.42.0.17 /data/
INFO: [ app_init ] --START--
INFO: Run Behavior\BuildLiteBehavior [ RunTime:0.000018s ]
INFO: [ app_init ] --END-- [ RunTime:0.000123s ]
INFO: [ app_begin ] --START--
INFO: Run Behavior\ReadHtmlCacheBehavior [ RunTime:0.000051s ]
INFO: [ app_begin ] --END-- [ RunTime:0.000104s ]
ERR: 无法加载控制器:Data

[ 2016-07-09T20:39:50+08:00 ] 121.42.0.17 /data/
INFO: [ app_init ] --START--
INFO: Run Behavior\BuildLiteBehavior [ RunTime:0.000014s ]
INFO: [ app_init ] --END-- [ RunTime:0.000090s ]
INFO: [ app_begin ] --START--
INFO: Run Behavior\ReadHtmlCacheBehavior [ RunTime:0.000036s ]
INFO: [ app_begin ] --END-- [ RunTime:0.000073s ]
ERR: 无法加载控制器:Data

[ 2016-07-09T20:39:50+08:00 ] 121.42.0.17 /backup/
INFO: [ app_init ] --START--
INFO: Run Behavior\BuildLiteBehavior [ RunTime:0.000012s ]
INFO: [ app_init ] --END-- [ RunTime:0.000082s ]
INFO: [ app_begin ] --START--
INFO: Run Behavior\ReadHtmlCacheBehavior [ RunTime:0.000034s ]
INFO: [ app_begin ] --END-- [ RunTime:0.000065s ]
ERR: 无法加载控制器:Backup

[ 2016-07-09T20:39:52+08:00 ] 121.42.0.17 /backup/
INFO: [ app_init ] --START--
INFO: Run Behavior\BuildLiteBehavior [ RunTime:0.000013s ]
INFO: [ app_init ] --END-- [ RunTime:0.000091s ]
INFO: [ app_begin ] --START--
INFO: Run Behavior\ReadHtmlCacheBehavior [ RunTime:0.000039s ]
INFO: [ app_begin ] --END-- [ RunTime:0.000072s ]
ERR: 无法加载控制器:Backup

[ 2016-07-09T20:39:54+08:00 ] 121.42.0.17 /uploads/
INFO: [ app_init ] --START--
INFO: Run Behavior\BuildLiteBehavior [ RunTime:0.000017s ]
INFO: [ app_init ] --END-- [ RunTime:0.000111s ]
INFO: [ app_begin ] --START--
INFO: Run Behavior\ReadHtmlCacheBehavior [ RunTime:0.000033s ]
INFO: [ app_begin ] --END-- [ RunTime:0.000068s ]
ERR: 无法加载控制器:Uploads

[ 2016-07-09T20:39:55+08:00 ] 121.42.0.17 /uploads/
INFO: [ app_init ] --START--
INFO: Run Behavior\BuildLiteBehavior [ RunTime:0.000013s ]
INFO: [ app_init ] --END-- [ RunTime:0.000092s ]
INFO: [ app_begin ] --START--
INFO: Run Behavior\ReadHtmlCacheBehavior [ RunTime:0.000042s ]
INFO: [ app_begin ] --END-- [ RunTime:0.000075s ]
ERR: 无法加载控制器:Uploads

[ 2016-07-09T20:40:02+08:00 ] 121.42.0.17 /db/
INFO: [ app_init ] --START--
INFO: Run Behavior\BuildLiteBehavior [ RunTime:0.000012s ]
INFO: [ app_init ] --END-- [ RunTime:0.000101s ]
INFO: [ app_begin ] --START--
INFO: Run Behavior\ReadHtmlCacheBehavior [ RunTime:0.000042s ]
INFO: [ app_begin ] --END-- [ RunTime:0.000075s ]
ERR: 无法加载控制器:Db

[ 2016-07-09T20:40:04+08:00 ] 121.42.0.17 /db/
INFO: [ app_init ] --START--
INFO: Run Behavior\BuildLiteBehavior [ RunTime:0.000013s ]
INFO: [ app_init ] --END-- [ RunTime:0.000082s ]
INFO: [ app_begin ] --START--
INFO: Run Behavior\ReadHtmlCacheBehavior [ RunTime:0.000035s ]
INFO: [ app_begin ] --END-- [ RunTime:0.000070s ]
ERR: 无法加载控制器:Db

[ 2016-07-09T20:40:06+08:00 ] 121.42.0.17 /config/
INFO: [ app_init ] --START--
INFO: Run Behavior\BuildLiteBehavior [ RunTime:0.000013s ]
INFO: [ app_init ] --END-- [ RunTime:0.000096s ]
INFO: [ app_begin ] --START--
INFO: Run Behavior\ReadHtmlCacheBehavior [ RunTime:0.000050s ]
INFO: [ app_begin ] --END-- [ RunTime:0.000093s ]
ERR: 无法加载控制器:Config

[ 2016-07-09T20:40:09+08:00 ] 121.42.0.17 /config/
INFO: [ app_init ] --START--
INFO: Run Behavior\BuildLiteBehavior [ RunTime:0.000013s ]
INFO: [ app_init ] --END-- [ RunTime:0.000116s ]
INFO: [ app_begin ] --START--
INFO: Run Behavior\ReadHtmlCacheBehavior [ RunTime:0.000043s ]
INFO: [ app_begin ] --END-- [ RunTime:0.000075s ]
ERR: 无法加载控制器:Config

[ 2016-07-09T20:40:11+08:00 ] 121.42.0.17 /logs/
INFO: [ app_init ] --START--
INFO: Run Behavior\BuildLiteBehavior [ RunTime:0.000013s ]
INFO: [ app_init ] --END-- [ RunTime:0.000089s ]
INFO: [ app_begin ] --START--
INFO: Run Behavior\ReadHtmlCacheBehavior [ RunTime:0.000033s ]
INFO: [ app_begin ] --END-- [ RunTime:0.000067s ]
ERR: 无法加载控制器:Logs

[ 2016-07-09T20:40:13+08:00 ] 121.42.0.17 /logs/
INFO: [ app_init ] --START--
INFO: Run Behavior\BuildLiteBehavior [ RunTime:0.000012s ]
INFO: [ app_init ] --END-- [ RunTime:0.000090s ]
INFO: [ app_begin ] --START--
INFO: Run Behavior\ReadHtmlCacheBehavior [ RunTime:0.000043s ]
INFO: [ app_begin ] --END-- [ RunTime:0.000076s ]
ERR: 无法加载控制器:Logs

[ 2016-07-09T20:40:14+08:00 ] 121.42.0.17 /log/
INFO: [ app_init ] --START--
INFO: Run Behavior\BuildLiteBehavior [ RunTime:0.000013s ]
INFO: [ app_init ] --END-- [ RunTime:0.000084s ]
INFO: [ app_begin ] --START--
INFO: Run Behavior\ReadHtmlCacheBehavior [ RunTime:0.000031s ]
INFO: [ app_begin ] --END-- [ RunTime:0.000065s ]
ERR: 无法加载控制器:Log

[ 2016-07-09T20:40:25+08:00 ] 121.42.0.17 /log/
INFO: [ app_init ] --START--
INFO: Run Behavior\BuildLiteBehavior [ RunTime:0.000013s ]
INFO: [ app_init ] --END-- [ RunTime:0.000093s ]
INFO: [ app_begin ] --START--
INFO: Run Behavior\ReadHtmlCacheBehavior [ RunTime:0.000047s ]
INFO: [ app_begin ] --END-- [ RunTime:0.000080s ]
ERR: 无法加载控制器:Log

[ 2016-07-09T20:40:30+08:00 ] 121.42.0.17 /?redirect%3A%25%7Bnew+java.lang.String%28%27http%3A%2F%2Fxxxxxxxxxxxxx%27%29%7D
INFO: [ app_init ] --START--
INFO: Run Behavior\BuildLiteBehavior [ RunTime:0.000013s ]
INFO: [ app_init ] --END-- [ RunTime:0.000095s ]
INFO: [ app_begin ] --START--
INFO: Run Behavior\ReadHtmlCacheBehavior [ RunTime:0.000043s ]
INFO: [ app_begin ] --END-- [ RunTime:0.000075s ]
INFO: [ view_parse ] --START--
INFO: [ template_filter ] --START--
INFO: Run Behavior\ContentReplaceBehavior [ RunTime:0.000084s ]
INFO: [ template_filter ] --END-- [ RunTime:0.000121s ]
NOTIC: [2] file_put_contents(./Application/Runtime/Cache/Home/39b332e5f8883cb2938d6d989e0f6c27.php): failed to open stream: Permission denied /alidata/www/project/ThinkPHP/Library/Think/Storage/Driver/File.class.php 第 47 行.
ERR: _STORAGE_WRITE_ERROR_:./Application/Runtime/Cache/Home/39b332e5f8883cb2938d6d989e0f6c27.php

[ 2016-07-09T20:40:32+08:00 ] 121.42.0.17 /?redirect%3Ahttp%3A%2F%2Fxxxxxxxxxxxxx
INFO: [ app_init ] --START--
INFO: Run Behavior\BuildLiteBehavior [ RunTime:0.000013s ]
INFO: [ app_init ] --END-- [ RunTime:0.000084s ]
INFO: [ app_begin ] --START--
INFO: Run Behavior\ReadHtmlCacheBehavior [ RunTime:0.000034s ]
INFO: [ app_begin ] --END-- [ RunTime:0.000075s ]
INFO: [ view_parse ] --START--
INFO: [ template_filter ] --START--
INFO: Run Behavior\ContentReplaceBehavior [ RunTime:0.000075s ]
INFO: [ template_filter ] --END-- [ RunTime:0.000112s ]
NOTIC: [2] file_put_contents(./Application/Runtime/Cache/Home/39b332e5f8883cb2938d6d989e0f6c27.php): failed to open stream: Permission denied /alidata/www/project/ThinkPHP/Library/Think/Storage/Driver/File.class.php 第 47 行.
ERR: _STORAGE_WRITE_ERROR_:./Application/Runtime/Cache/Home/39b332e5f8883cb2938d6d989e0f6c27.php

[ 2016-07-09T20:40:48+08:00 ] 121.42.0.17 /index.action?redirect%3A%25%7Bnew+java.lang.String%28%27http%3A%2F%2Fxxxxxxxxxxxxx%27%29%7D
INFO: [ app_init ] --START--
INFO: Run Behavior\BuildLiteBehavior [ RunTime:0.000012s ]
INFO: [ app_init ] --END-- [ RunTime:0.000092s ]
INFO: [ app_begin ] --START--
INFO: Run Behavior\ReadHtmlCacheBehavior [ RunTime:0.000042s ]
INFO: [ app_begin ] --END-- [ RunTime:0.000076s ]
ERR: 无法加载控制器:Index.action

[ 2016-07-09T20:40:50+08:00 ] 121.42.0.17 /login.action?redirect%3A%25%7Bnew+java.lang.String%28%27http%3A%2F%2Fxxxxxxxxxxxxx%27%29%7D
INFO: [ app_init ] --START--
INFO: Run Behavior\BuildLiteBehavior [ RunTime:0.000019s ]
INFO: [ app_init ] --END-- [ RunTime:0.000149s ]
INFO: [ app_begin ] --START--
INFO: Run Behavior\ReadHtmlCacheBehavior [ RunTime:0.000068s ]
INFO: [ app_begin ] --END-- [ RunTime:0.000124s ]
ERR: 无法加载控制器:Login.action

[ 2016-07-09T20:40:58+08:00 ] 121.42.0.17 /index.action
INFO: [ app_init ] --START--
INFO: Run Behavior\BuildLiteBehavior [ RunTime:0.000013s ]
INFO: [ app_init ] --END-- [ RunTime:0.000090s ]
INFO: [ app_begin ] --START--
INFO: Run Behavior\ReadHtmlCacheBehavior [ RunTime:0.000064s ]
INFO: [ app_begin ] --END-- [ RunTime:0.000112s ]
ERR: 无法加载控制器:Index.action

[ 2016-07-09T20:41:03+08:00 ] 121.42.0.17 /login.action
INFO: [ app_init ] --START--
INFO: Run Behavior\BuildLiteBehavior [ RunTime:0.000012s ]
INFO: [ app_init ] --END-- [ RunTime:0.000101s ]
INFO: [ app_begin ] --START--
INFO: Run Behavior\ReadHtmlCacheBehavior [ RunTime:0.000038s ]
INFO: [ app_begin ] --END-- [ RunTime:0.000072s ]
ERR: 无法加载控制器:Login.action

[ 2016-07-09T20:41:08+08:00 ] 121.42.0.17 /
INFO: [ app_init ] --START--
INFO: Run Behavior\BuildLiteBehavior [ RunTime:0.000013s ]
INFO: [ app_init ] --END-- [ RunTime:0.000092s ]
INFO: [ app_begin ] --START--
INFO: Run Behavior\ReadHtmlCacheBehavior [ RunTime:0.000048s ]
INFO: [ app_begin ] --END-- [ RunTime:0.000088s ]
INFO: [ view_parse ] --START--
INFO: [ template_filter ] --START--
INFO: Run Behavior\ContentReplaceBehavior [ RunTime:0.000075s ]
INFO: [ template_filter ] --END-- [ RunTime:0.000111s ]
NOTIC: [2] file_put_contents(./Application/Runtime/Cache/Home/39b332e5f8883cb2938d6d989e0f6c27.php): failed to open stream: Permission denied /alidata/www/project/ThinkPHP/Library/Think/Storage/Driver/File.class.php 第 47 行.
ERR: _STORAGE_WRITE_ERROR_:./Application/Runtime/Cache/Home/39b332e5f8883cb2938d6d989e0f6c27.php

[ 2016-07-09T20:41:11+08:00 ] 121.42.0.17 /upfiles/
INFO: [ app_init ] --START--
INFO: Run Behavior\BuildLiteBehavior [ RunTime:0.000013s ]
INFO: [ app_init ] --END-- [ RunTime:0.000103s ]
INFO: [ app_begin ] --START--
INFO: Run Behavior\ReadHtmlCacheBehavior [ RunTime:0.000045s ]
INFO: [ app_begin ] --END-- [ RunTime:0.000078s ]
ERR: 无法加载控制器:Upfiles

[ 2016-07-09T20:41:12+08:00 ] 121.42.0.17 /upfiles/
INFO: [ app_init ] --START--
INFO: Run Behavior\BuildLiteBehavior [ RunTime:0.000013s ]
INFO: [ app_init ] --END-- [ RunTime:0.000082s ]
INFO: [ app_begin ] --START--
INFO: Run Behavior\ReadHtmlCacheBehavior [ RunTime:0.000033s ]
INFO: [ app_begin ] --END-- [ RunTime:0.000073s ]
ERR: 无法加载控制器:Upfiles

[ 2016-07-09T20:41:37+08:00 ] 121.42.0.17 /cgi-bin/authlogin.cgi
INFO: [ app_init ] --START--
INFO: Run Behavior\BuildLiteBehavior [ RunTime:0.000013s ]
INFO: [ app_init ] --END-- [ RunTime:0.000095s ]
INFO: [ app_begin ] --START--
INFO: Run Behavior\ReadHtmlCacheBehavior [ RunTime:0.000042s ]
INFO: [ app_begin ] --END-- [ RunTime:0.000074s ]
ERR: 无法加载控制器:Cgi-bin

[ 2016-07-09T20:41:38+08:00 ] 121.42.0.17 /cgi-bin/it.cgi
INFO: [ app_init ] --START--
INFO: Run Behavior\BuildLiteBehavior [ RunTime:0.000013s ]
INFO: [ app_init ] --END-- [ RunTime:0.000095s ]
INFO: [ app_begin ] --START--
INFO: Run Behavior\ReadHtmlCacheBehavior [ RunTime:0.000033s ]
INFO: [ app_begin ] --END-- [ RunTime:0.000065s ]
ERR: 无法加载控制器:Cgi-bin

[ 2016-07-09T20:41:42+08:00 ] 121.42.0.17 /cgi-bin/test-cgi
INFO: [ app_init ] --START--
INFO: Run Behavior\BuildLiteBehavior [ RunTime:0.000013s ]
INFO: [ app_init ] --END-- [ RunTime:0.000092s ]
INFO: [ app_begin ] --START--
INFO: Run Behavior\ReadHtmlCacheBehavior [ RunTime:0.000039s ]
INFO: [ app_begin ] --END-- [ RunTime:0.000073s ]
ERR: 无法加载控制器:Cgi-bin

[ 2016-07-09T20:41:44+08:00 ] 121.42.0.17 /cgi-sys/defaultwebpage.cgi
INFO: [ app_init ] --START--
INFO: Run Behavior\BuildLiteBehavior [ RunTime:0.000014s ]
INFO: [ app_init ] --END-- [ RunTime:0.000084s ]
INFO: [ app_begin ] --START--
INFO: Run Behavior\ReadHtmlCacheBehavior [ RunTime:0.000033s ]
INFO: [ app_begin ] --END-- [ RunTime:0.000065s ]
ERR: 无法加载控制器:Cgi-sys

[ 2016-07-09T20:41:49+08:00 ] 121.42.0.17 /cgi-sys/FormMail-clone.cgi
INFO: [ app_init ] --START--
INFO: Run Behavior\BuildLiteBehavior [ RunTime:0.000019s ]
INFO: [ app_init ] --END-- [ RunTime:0.000142s ]
INFO: [ app_begin ] --START--
INFO: Run Behavior\ReadHtmlCacheBehavior [ RunTime:0.000066s ]
INFO: [ app_begin ] --END-- [ RunTime:0.000121s ]
ERR: 无法加载控制器:Cgi-sys

[ 2016-07-09T20:42:15+08:00 ] 121.42.0.17 /xampp/cgi.cgi
INFO: [ app_init ] --START--
INFO: Run Behavior\BuildLiteBehavior [ RunTime:0.000018s ]
INFO: [ app_init ] --END-- [ RunTime:0.000126s ]
INFO: [ app_begin ] --START--
INFO: Run Behavior\ReadHtmlCacheBehavior [ RunTime:0.000065s ]
INFO: [ app_begin ] --END-- [ RunTime:0.000115s ]
ERR: 无法加载控制器:Xampp

[ 2016-07-09T20:42:52+08:00 ] 121.42.0.17 /index.php
INFO: [ app_init ] --START--
INFO: Run Behavior\BuildLiteBehavior [ RunTime:0.000013s ]
INFO: [ app_init ] --END-- [ RunTime:0.000100s ]
INFO: [ app_begin ] --START--
INFO: Run Behavior\ReadHtmlCacheBehavior [ RunTime:0.000041s ]
INFO: [ app_begin ] --END-- [ RunTime:0.000073s ]
INFO: [ view_parse ] --START--
INFO: [ template_filter ] --START--
INFO: Run Behavior\ContentReplaceBehavior [ RunTime:0.000076s ]
INFO: [ template_filter ] --END-- [ RunTime:0.000112s ]
NOTIC: [2] file_put_contents(./Application/Runtime/Cache/Home/39b332e5f8883cb2938d6d989e0f6c27.php): failed to open stream: Permission denied /alidata/www/project/ThinkPHP/Library/Think/Storage/Driver/File.class.php 第 47 行.
ERR: _STORAGE_WRITE_ERROR_:./Application/Runtime/Cache/Home/39b332e5f8883cb2938d6d989e0f6c27.php

[ 2016-07-09T20:49:39+08:00 ] 121.42.0.30 /htdocs/
INFO: [ app_init ] --START--
INFO: Run Behavior\BuildLiteBehavior [ RunTime:0.000012s ]
INFO: [ app_init ] --END-- [ RunTime:0.000092s ]
INFO: [ app_begin ] --START--
INFO: Run Behavior\ReadHtmlCacheBehavior [ RunTime:0.000042s ]
INFO: [ app_begin ] --END-- [ RunTime:0.000074s ]
ERR: 无法加载控制器:Htdocs

[ 2016-07-09T20:49:41+08:00 ] 121.42.0.30 /htdocs/
INFO: [ app_init ] --START--
INFO: Run Behavior\BuildLiteBehavior [ RunTime:0.000013s ]
INFO: [ app_init ] --END-- [ RunTime:0.000093s ]
INFO: [ app_begin ] --START--
INFO: Run Behavior\ReadHtmlCacheBehavior [ RunTime:0.000033s ]
INFO: [ app_begin ] --END-- [ RunTime:0.000067s ]
ERR: 无法加载控制器:Htdocs

[ 2016-07-09T20:49:45+08:00 ] 121.42.0.30 /
INFO: [ app_init ] --START--
INFO: Run Behavior\BuildLiteBehavior [ RunTime:0.000012s ]
INFO: [ app_init ] --END-- [ RunTime:0.000094s ]
INFO: [ app_begin ] --START--
INFO: Run Behavior\ReadHtmlCacheBehavior [ RunTime:0.000041s ]
INFO: [ app_begin ] --END-- [ RunTime:0.000074s ]
INFO: [ view_parse ] --START--
INFO: [ template_filter ] --START--
INFO: Run Behavior\ContentReplaceBehavior [ RunTime:0.000071s ]
INFO: [ template_filter ] --END-- [ RunTime:0.000108s ]
NOTIC: [2] file_put_contents(./Application/Runtime/Cache/Home/39b332e5f8883cb2938d6d989e0f6c27.php): failed to open stream: Permission denied /alidata/www/project/ThinkPHP/Library/Think/Storage/Driver/File.class.php 第 47 行.
ERR: _STORAGE_WRITE_ERROR_:./Application/Runtime/Cache/Home/39b332e5f8883cb2938d6d989e0f6c27.php

[ 2016-07-09T20:49:49+08:00 ] 121.42.0.30 /WebResource.axd
INFO: [ app_init ] --START--
INFO: Run Behavior\BuildLiteBehavior [ RunTime:0.000014s ]
INFO: [ app_init ] --END-- [ RunTime:0.000096s ]
INFO: [ app_begin ] --START--
INFO: Run Behavior\ReadHtmlCacheBehavior [ RunTime:0.000046s ]
INFO: [ app_begin ] --END-- [ RunTime:0.000084s ]
ERR: 无法加载控制器:WebResource.axd

[ 2016-07-09T20:49:51+08:00 ] 121.42.0.30 /WebResource.axd?d=LENSTEST&t=LENSTEST
INFO: [ app_init ] --START--
INFO: Run Behavior\BuildLiteBehavior [ RunTime:0.000012s ]
INFO: [ app_init ] --END-- [ RunTime:0.000083s ]
INFO: [ app_begin ] --START--
INFO: Run Behavior\ReadHtmlCacheBehavior [ RunTime:0.000048s ]
INFO: [ app_begin ] --END-- [ RunTime:0.000080s ]
ERR: 无法加载控制器:WebResource.axd

[ 2016-07-09T20:49:59+08:00 ] 121.42.0.30 /jmx-console/
INFO: [ app_init ] --START--
INFO: Run Behavior\BuildLiteBehavior [ RunTime:0.000010s ]
INFO: [ app_init ] --END-- [ RunTime:0.000071s ]
INFO: [ app_begin ] --START--
INFO: Run Behavior\ReadHtmlCacheBehavior [ RunTime:0.000040s ]
INFO: [ app_begin ] --END-- [ RunTime:0.000072s ]
ERR: 无法加载控制器:Jmx-console

[ 2016-07-09T20:50:00+08:00 ] 121.42.0.30 /web-console/
INFO: [ app_init ] --START--
INFO: Run Behavior\BuildLiteBehavior [ RunTime:0.000010s ]
INFO: [ app_init ] --END-- [ RunTime:0.000071s ]
INFO: [ app_begin ] --START--
INFO: Run Behavior\ReadHtmlCacheBehavior [ RunTime:0.000032s ]
INFO: [ app_begin ] --END-- [ RunTime:0.000064s ]
ERR: 无法加载控制器:Web-console

[ 2016-07-09T20:50:04+08:00 ] 121.42.0.30 /robots.txt
INFO: [ app_init ] --START--
INFO: Run Behavior\BuildLiteBehavior [ RunTime:0.000014s ]
INFO: [ app_init ] --END-- [ RunTime:0.000100s ]
INFO: [ app_begin ] --START--
INFO: Run Behavior\ReadHtmlCacheBehavior [ RunTime:0.000045s ]
INFO: [ app_begin ] --END-- [ RunTime:0.000083s ]
ERR: 无法加载控制器:Robots.txt

[ 2016-07-09T20:50:07+08:00 ] 121.42.0.30 /favicon.ico
INFO: [ app_init ] --START--
INFO: Run Behavior\BuildLiteBehavior [ RunTime:0.000012s ]
INFO: [ app_init ] --END-- [ RunTime:0.000091s ]

[ 2016-07-09T20:50:10+08:00 ] 121.42.0.30 /'%22/%3E%3C/script%3E%3Cscript%3Ealert()%3C/script%3E
INFO: [ app_init ] --START--
INFO: Run Behavior\BuildLiteBehavior [ RunTime:0.000013s ]
INFO: [ app_init ] --END-- [ RunTime:0.000093s ]
INFO: [ app_begin ] --START--
INFO: Run Behavior\ReadHtmlCacheBehavior [ RunTime:0.000041s ]
INFO: [ app_begin ] --END-- [ RunTime:0.000076s ]
ERR: 无法加载控制器:'"

[ 2016-07-09T20:50:12+08:00 ] 121.42.0.30 /%27%22%2f%3E%3C%2fscript%3E%3Cscript%3Ealert%28%29%3C%2fscript%3E
INFO: [ app_init ] --START--
INFO: Run Behavior\BuildLiteBehavior [ RunTime:0.000012s ]
INFO: [ app_init ] --END-- [ RunTime:0.000091s ]
INFO: [ app_begin ] --START--
INFO: Run Behavior\ReadHtmlCacheBehavior [ RunTime:0.000043s ]
INFO: [ app_begin ] --END-- [ RunTime:0.000079s ]
ERR: 无法加载控制器:'"

[ 2016-07-09T20:50:15+08:00 ] 121.42.0.30 /%2527%2522%252f%253E%253C%252fscript%253E%253Cscript%253Ealert%2528%2529%253C%252fscript%253E
INFO: [ app_init ] --START--
INFO: Run Behavior\BuildLiteBehavior [ RunTime:0.000012s ]
INFO: [ app_init ] --END-- [ RunTime:0.000091s ]
INFO: [ app_begin ] --START--
INFO: Run Behavior\ReadHtmlCacheBehavior [ RunTime:0.000041s ]
INFO: [ app_begin ] --END-- [ RunTime:0.000073s ]
ERR: 无法加载控制器:%27%22%2f%3E%3C%2fscript%3E%3Cscript%3Ealert%28%29%3C%2fscript%3E

[ 2016-07-09T20:50:15+08:00 ] 121.42.0.30 /'%22/%3E%3C/script%3E%3Cscript%3Ealert()%3C/script%3E/?.tmp=t
INFO: [ app_init ] --START--
INFO: Run Behavior\BuildLiteBehavior [ RunTime:0.000013s ]
INFO: [ app_init ] --END-- [ RunTime:0.000081s ]
INFO: [ app_begin ] --START--
INFO: Run Behavior\ReadHtmlCacheBehavior [ RunTime:0.000036s ]
INFO: [ app_begin ] --END-- [ RunTime:0.000068s ]
ERR: 无法加载控制器:'"

[ 2016-07-09T20:50:17+08:00 ] 121.42.0.30 /%27%22%2f%3E%3C%2fscript%3E%3Cscript%3Ealert%28%29%3C%2fscript%3E/?.tmp=t
INFO: [ app_init ] --START--
INFO: Run Behavior\BuildLiteBehavior [ RunTime:0.000012s ]
INFO: [ app_init ] --END-- [ RunTime:0.000099s ]
INFO: [ app_begin ] --START--
INFO: Run Behavior\ReadHtmlCacheBehavior [ RunTime:0.000034s ]
INFO: [ app_begin ] --END-- [ RunTime:0.000067s ]
ERR: 无法加载控制器:'"

[ 2016-07-09T20:50:19+08:00 ] 121.42.0.30 /%2527%2522%252f%253E%253C%252fscript%253E%253Cscript%253Ealert%2528%2529%253C%252fscript%253E/?.tmp=t
INFO: [ app_init ] --START--
INFO: Run Behavior\BuildLiteBehavior [ RunTime:0.000013s ]
INFO: [ app_init ] --END-- [ RunTime:0.000092s ]
INFO: [ app_begin ] --START--
INFO: Run Behavior\ReadHtmlCacheBehavior [ RunTime:0.000042s ]
INFO: [ app_begin ] --END-- [ RunTime:0.000083s ]
ERR: 无法加载控制器:%27%22%2f%3E%3C%2fscript%3E%3Cscript%3Ealert%28%29%3C%2fscript%3E

[ 2016-07-09T20:50:22+08:00 ] 121.42.0.54 /?.tmp=t
INFO: [ app_init ] --START--
INFO: Run Behavior\BuildLiteBehavior [ RunTime:0.000013s ]
INFO: [ app_init ] --END-- [ RunTime:0.000095s ]
INFO: [ app_begin ] --START--
INFO: Run Behavior\ReadHtmlCacheBehavior [ RunTime:0.000040s ]
INFO: [ app_begin ] --END-- [ RunTime:0.000074s ]
INFO: [ view_parse ] --START--
INFO: [ template_filter ] --START--
INFO: Run Behavior\ContentReplaceBehavior [ RunTime:0.000083s ]
INFO: [ template_filter ] --END-- [ RunTime:0.000121s ]
NOTIC: [2] file_put_contents(./Application/Runtime/Cache/Home/39b332e5f8883cb2938d6d989e0f6c27.php): failed to open stream: Permission denied /alidata/www/project/ThinkPHP/Library/Think/Storage/Driver/File.class.php 第 47 行.
ERR: _STORAGE_WRITE_ERROR_:./Application/Runtime/Cache/Home/39b332e5f8883cb2938d6d989e0f6c27.php

[ 2016-07-09T20:50:27+08:00 ] 121.42.0.30 /'%22+onmouseover=alert()+d='%22
INFO: [ app_init ] --START--
INFO: Run Behavior\BuildLiteBehavior [ RunTime:0.000012s ]
INFO: [ app_init ] --END-- [ RunTime:0.000090s ]
INFO: [ app_begin ] --START--
INFO: Run Behavior\ReadHtmlCacheBehavior [ RunTime:0.000042s ]
INFO: [ app_begin ] --END-- [ RunTime:0.000074s ]
ERR: 无法加载控制器:'"+onmouseover=alert()+d='"

[ 2016-07-09T20:50:29+08:00 ] 121.42.0.30 /%27%22%20onmouseover%3Dalert%28%29%20d%3D%27%22
INFO: [ app_init ] --START--
INFO: Run Behavior\BuildLiteBehavior [ RunTime:0.000012s ]
INFO: [ app_init ] --END-- [ RunTime:0.000092s ]
INFO: [ app_begin ] --START--
INFO: Run Behavior\ReadHtmlCacheBehavior [ RunTime:0.000067s ]
INFO: [ app_begin ] --END-- [ RunTime:0.000121s ]
ERR: 无法加载控制器:'" onmouseover=alert() d='"

[ 2016-07-09T20:50:32+08:00 ] 121.42.0.30 /%2527%2522%2520onmouseover%253Dalert%2528%2529%2520d%253D%2527%2522
INFO: [ app_init ] --START--
INFO: Run Behavior\BuildLiteBehavior [ RunTime:0.000012s ]
INFO: [ app_init ] --END-- [ RunTime:0.000090s ]
INFO: [ app_begin ] --START--
INFO: Run Behavior\ReadHtmlCacheBehavior [ RunTime:0.000041s ]
INFO: [ app_begin ] --END-- [ RunTime:0.000074s ]
ERR: 无法加载控制器:%27%22%20onmouseover%3Dalert%28%29%20d%3D%27%22

[ 2016-07-09T20:50:34+08:00 ] 121.42.0.30 /'%22+onmouseover=alert()+d='%22/?.tmp=t
INFO: [ app_init ] --START--
INFO: Run Behavior\BuildLiteBehavior [ RunTime:0.000016s ]
INFO: [ app_init ] --END-- [ RunTime:0.000104s ]
INFO: [ app_begin ] --START--
INFO: Run Behavior\ReadHtmlCacheBehavior [ RunTime:0.000044s ]
INFO: [ app_begin ] --END-- [ RunTime:0.000090s ]
ERR: 无法加载控制器:'"+onmouseover=alert()+d='"

[ 2016-07-09T20:50:36+08:00 ] 121.42.0.30 /%27%22%20onmouseover%3Dalert%28%29%20d%3D%27%22/?.tmp=t
INFO: [ app_init ] --START--
INFO: Run Behavior\BuildLiteBehavior [ RunTime:0.000012s ]
INFO: [ app_init ] --END-- [ RunTime:0.000091s ]
INFO: [ app_begin ] --START--
INFO: Run Behavior\ReadHtmlCacheBehavior [ RunTime:0.000040s ]
INFO: [ app_begin ] --END-- [ RunTime:0.000073s ]
ERR: 无法加载控制器:'" onmouseover=alert() d='"

[ 2016-07-09T20:50:40+08:00 ] 121.42.0.30 /%2527%2522%2520onmouseover%253Dalert%2528%2529%2520d%253D%2527%2522/?.tmp=t
INFO: [ app_init ] --START--
INFO: Run Behavior\BuildLiteBehavior [ RunTime:0.000013s ]
INFO: [ app_init ] --END-- [ RunTime:0.000094s ]
INFO: [ app_begin ] --START--
INFO: Run Behavior\ReadHtmlCacheBehavior [ RunTime:0.000044s ]
INFO: [ app_begin ] --END-- [ RunTime:0.000077s ]
ERR: 无法加载控制器:%27%22%20onmouseover%3Dalert%28%29%20d%3D%27%22

[ 2016-07-09T20:50:42+08:00 ] 121.42.0.30 /0.zip
INFO: [ app_init ] --START--
INFO: Run Behavior\BuildLiteBehavior [ RunTime:0.000018s ]
INFO: [ app_init ] --END-- [ RunTime:0.000123s ]
INFO: [ app_begin ] --START--
INFO: Run Behavior\ReadHtmlCacheBehavior [ RunTime:0.000046s ]
INFO: [ app_begin ] --END-- [ RunTime:0.000102s ]
ERR: 无法加载控制器:0.zip

[ 2016-07-09T20:50:44+08:00 ] 121.42.0.30 /0.rar
INFO: [ app_init ] --START--
INFO: Run Behavior\BuildLiteBehavior [ RunTime:0.000013s ]
INFO: [ app_init ] --END-- [ RunTime:0.000099s ]
INFO: [ app_begin ] --START--
INFO: Run Behavior\ReadHtmlCacheBehavior [ RunTime:0.000038s ]
INFO: [ app_begin ] --END-- [ RunTime:0.000071s ]
ERR: 无法加载控制器:0.rar

[ 2016-07-09T20:50:46+08:00 ] 121.42.0.30 /0.tar.gz
INFO: [ app_init ] --START--
INFO: Run Behavior\BuildLiteBehavior [ RunTime:0.000013s ]
INFO: [ app_init ] --END-- [ RunTime:0.000102s ]
INFO: [ app_begin ] --START--
INFO: Run Behavior\ReadHtmlCacheBehavior [ RunTime:0.000038s ]
INFO: [ app_begin ] --END-- [ RunTime:0.000072s ]
ERR: 无法加载控制器:0.tar.gz

[ 2016-07-09T20:50:48+08:00 ] 121.42.0.30 /0.tgz
INFO: [ app_init ] --START--
INFO: Run Behavior\BuildLiteBehavior [ RunTime:0.000013s ]
INFO: [ app_init ] --END-- [ RunTime:0.000082s ]
INFO: [ app_begin ] --START--
INFO: Run Behavior\ReadHtmlCacheBehavior [ RunTime:0.000032s ]
INFO: [ app_begin ] --END-- [ RunTime:0.000066s ]
ERR: 无法加载控制器:0.tgz

[ 2016-07-09T20:50:50+08:00 ] 121.42.0.30 /0.7z
INFO: [ app_init ] --START--
INFO: Run Behavior\BuildLiteBehavior [ RunTime:0.000013s ]
INFO: [ app_init ] --END-- [ RunTime:0.000091s ]
INFO: [ app_begin ] --START--
INFO: Run Behavior\ReadHtmlCacheBehavior [ RunTime:0.000037s ]
INFO: [ app_begin ] --END-- [ RunTime:0.000070s ]
ERR: 无法加载控制器:0.7z

[ 2016-07-09T20:50:54+08:00 ] 121.42.0.30 /1.zip
INFO: [ app_init ] --START--
INFO: Run Behavior\BuildLiteBehavior [ RunTime:0.000013s ]
INFO: [ app_init ] --END-- [ RunTime:0.000093s ]
INFO: [ app_begin ] --START--
INFO: Run Behavior\ReadHtmlCacheBehavior [ RunTime:0.000041s ]
INFO: [ app_begin ] --END-- [ RunTime:0.000074s ]
ERR: 无法加载控制器:1.zip

[ 2016-07-09T20:50:58+08:00 ] 121.42.0.30 /1.rar
INFO: [ app_init ] --START--
INFO: Run Behavior\BuildLiteBehavior [ RunTime:0.000016s ]
INFO: [ app_init ] --END-- [ RunTime:0.000106s ]
INFO: [ app_begin ] --START--
INFO: Run Behavior\ReadHtmlCacheBehavior [ RunTime:0.000051s ]
INFO: [ app_begin ] --END-- [ RunTime:0.000085s ]
ERR: 无法加载控制器:1.rar

[ 2016-07-09T20:51:00+08:00 ] 121.42.0.30 /1.tar.gz
INFO: [ app_init ] --START--
INFO: Run Behavior\BuildLiteBehavior [ RunTime:0.000013s ]
INFO: [ app_init ] --END-- [ RunTime:0.000085s ]
INFO: [ app_begin ] --START--
INFO: Run Behavior\ReadHtmlCacheBehavior [ RunTime:0.000031s ]
INFO: [ app_begin ] --END-- [ RunTime:0.000063s ]
ERR: 无法加载控制器:1.tar.gz

[ 2016-07-09T20:51:03+08:00 ] 121.42.0.30 /1.tgz
INFO: [ app_init ] --START--
INFO: Run Behavior\BuildLiteBehavior [ RunTime:0.000013s ]
INFO: [ app_init ] --END-- [ RunTime:0.000095s ]
INFO: [ app_begin ] --START--
INFO: Run Behavior\ReadHtmlCacheBehavior [ RunTime:0.000040s ]
INFO: [ app_begin ] --END-- [ RunTime:0.000078s ]
ERR: 无法加载控制器:1.tgz

[ 2016-07-09T20:51:05+08:00 ] 121.42.0.30 /1.7z
INFO: [ app_init ] --START--
INFO: Run Behavior\BuildLiteBehavior [ RunTime:0.000013s ]
INFO: [ app_init ] --END-- [ RunTime:0.000093s ]
INFO: [ app_begin ] --START--
INFO: Run Behavior\ReadHtmlCacheBehavior [ RunTime:0.000047s ]
INFO: [ app_begin ] --END-- [ RunTime:0.000086s ]
ERR: 无法加载控制器:1.7z

[ 2016-07-09T20:51:06+08:00 ] 121.42.0.30 /www.zip
INFO: [ app_init ] --START--
INFO: Run Behavior\BuildLiteBehavior [ RunTime:0.000017s ]
INFO: [ app_init ] --END-- [ RunTime:0.000118s ]
INFO: [ app_begin ] --START--
INFO: Run Behavior\ReadHtmlCacheBehavior [ RunTime:0.000047s ]
INFO: [ app_begin ] --END-- [ RunTime:0.000102s ]
ERR: 无法加载控制器:Www.zip

[ 2016-07-09T20:51:07+08:00 ] 121.42.0.30 /www.rar
INFO: [ app_init ] --START--
INFO: Run Behavior\BuildLiteBehavior [ RunTime:0.000013s ]
INFO: [ app_init ] --END-- [ RunTime:0.000088s ]
INFO: [ app_begin ] --START--
INFO: Run Behavior\ReadHtmlCacheBehavior [ RunTime:0.000032s ]
INFO: [ app_begin ] --END-- [ RunTime:0.000065s ]
ERR: 无法加载控制器:Www.rar

[ 2016-07-09T20:51:09+08:00 ] 121.42.0.30 /www.tar.gz
INFO: [ app_init ] --START--
INFO: Run Behavior\BuildLiteBehavior [ RunTime:0.000012s ]
INFO: [ app_init ] --END-- [ RunTime:0.000093s ]
INFO: [ app_begin ] --START--
INFO: Run Behavior\ReadHtmlCacheBehavior [ RunTime:0.000040s ]
INFO: [ app_begin ] --END-- [ RunTime:0.000073s ]
ERR: 无法加载控制器:Www.tar.gz

[ 2016-07-09T20:51:11+08:00 ] 121.42.0.30 /www.tgz
INFO: [ app_init ] --START--
INFO: Run Behavior\BuildLiteBehavior [ RunTime:0.000018s ]
INFO: [ app_init ] --END-- [ RunTime:0.000140s ]
INFO: [ app_begin ] --START--
INFO: Run Behavior\ReadHtmlCacheBehavior [ RunTime:0.000067s ]
INFO: [ app_begin ] --END-- [ RunTime:0.000117s ]
ERR: 无法加载控制器:Www.tgz

[ 2016-07-09T20:51:13+08:00 ] 121.42.0.30 /www.7z
INFO: [ app_init ] --START--
INFO: Run Behavior\BuildLiteBehavior [ RunTime:0.000013s ]
INFO: [ app_init ] --END-- [ RunTime:0.000083s ]
INFO: [ app_begin ] --START--
INFO: Run Behavior\ReadHtmlCacheBehavior [ RunTime:0.000032s ]
INFO: [ app_begin ] --END-- [ RunTime:0.000066s ]
ERR: 无法加载控制器:Www.7z

[ 2016-07-09T20:51:15+08:00 ] 121.42.0.30 /wwwroot.zip
INFO: [ app_init ] --START--
INFO: Run Behavior\BuildLiteBehavior [ RunTime:0.000012s ]
INFO: [ app_init ] --END-- [ RunTime:0.000086s ]
INFO: [ app_begin ] --START--
INFO: Run Behavior\ReadHtmlCacheBehavior [ RunTime:0.000034s ]
INFO: [ app_begin ] --END-- [ RunTime:0.000067s ]
ERR: 无法加载控制器:Wwwroot.zip

[ 2016-07-09T20:51:17+08:00 ] 121.42.0.30 /wwwroot.rar
INFO: [ app_init ] --START--
INFO: Run Behavior\BuildLiteBehavior [ RunTime:0.000012s ]
INFO: [ app_init ] --END-- [ RunTime:0.000095s ]
INFO: [ app_begin ] --START--
INFO: Run Behavior\ReadHtmlCacheBehavior [ RunTime:0.000042s ]
INFO: [ app_begin ] --END-- [ RunTime:0.000076s ]
ERR: 无法加载控制器:Wwwroot.rar

[ 2016-07-09T20:51:19+08:00 ] 121.42.0.30 /wwwroot.tar.gz
INFO: [ app_init ] --START--
INFO: Run Behavior\BuildLiteBehavior [ RunTime:0.000012s ]
INFO: [ app_init ] --END-- [ RunTime:0.000074s ]
INFO: [ app_begin ] --START--
INFO: Run Behavior\ReadHtmlCacheBehavior [ RunTime:0.000030s ]
INFO: [ app_begin ] --END-- [ RunTime:0.000064s ]
ERR: 无法加载控制器:Wwwroot.tar.gz

[ 2016-07-09T20:51:21+08:00 ] 121.42.0.30 /wwwroot.tgz
INFO: [ app_init ] --START--
INFO: Run Behavior\BuildLiteBehavior [ RunTime:0.000012s ]
INFO: [ app_init ] --END-- [ RunTime:0.000090s ]
INFO: [ app_begin ] --START--
INFO: Run Behavior\ReadHtmlCacheBehavior [ RunTime:0.000039s ]
INFO: [ app_begin ] --END-- [ RunTime:0.000073s ]
ERR: 无法加载控制器:Wwwroot.tgz

[ 2016-07-09T20:51:23+08:00 ] 121.42.0.30 /wwwroot.7z
INFO: [ app_init ] --START--
INFO: Run Behavior\BuildLiteBehavior [ RunTime:0.000014s ]
INFO: [ app_init ] --END-- [ RunTime:0.000095s ]
INFO: [ app_begin ] --START--
INFO: Run Behavior\ReadHtmlCacheBehavior [ RunTime:0.000040s ]
INFO: [ app_begin ] --END-- [ RunTime:0.000077s ]
ERR: 无法加载控制器:Wwwroot.7z

[ 2016-07-09T20:51:25+08:00 ] 121.42.0.30 /backup.zip
INFO: [ app_init ] --START--
INFO: Run Behavior\BuildLiteBehavior [ RunTime:0.000013s ]
INFO: [ app_init ] --END-- [ RunTime:0.000083s ]
INFO: [ app_begin ] --START--
INFO: Run Behavior\ReadHtmlCacheBehavior [ RunTime:0.000030s ]
INFO: [ app_begin ] --END-- [ RunTime:0.000072s ]
ERR: 无法加载控制器:Backup.zip

[ 2016-07-09T20:51:27+08:00 ] 121.42.0.30 /backup.rar
INFO: [ app_init ] --START--
INFO: Run Behavior\BuildLiteBehavior [ RunTime:0.000012s ]
INFO: [ app_init ] --END-- [ RunTime:0.000091s ]
INFO: [ app_begin ] --START--
INFO: Run Behavior\ReadHtmlCacheBehavior [ RunTime:0.000038s ]
INFO: [ app_begin ] --END-- [ RunTime:0.000071s ]
ERR: 无法加载控制器:Backup.rar

[ 2016-07-09T20:51:30+08:00 ] 121.42.0.30 /backup.tar.gz
INFO: [ app_init ] --START--
INFO: Run Behavior\BuildLiteBehavior [ RunTime:0.000013s ]
INFO: [ app_init ] --END-- [ RunTime:0.000100s ]
INFO: [ app_begin ] --START--
INFO: Run Behavior\ReadHtmlCacheBehavior [ RunTime:0.000050s ]
INFO: [ app_begin ] --END-- [ RunTime:0.000088s ]
ERR: 无法加载控制器:Backup.tar.gz

[ 2016-07-09T20:51:32+08:00 ] 121.42.0.30 /backup.tgz
INFO: [ app_init ] --START--
INFO: Run Behavior\BuildLiteBehavior [ RunTime:0.000012s ]
INFO: [ app_init ] --END-- [ RunTime:0.000081s ]
INFO: [ app_begin ] --START--
INFO: Run Behavior\ReadHtmlCacheBehavior [ RunTime:0.000030s ]
INFO: [ app_begin ] --END-- [ RunTime:0.000063s ]
ERR: 无法加载控制器:Backup.tgz

[ 2016-07-09T20:51:32+08:00 ] 121.42.0.30 /backup.7z
INFO: [ app_init ] --START--
INFO: Run Behavior\BuildLiteBehavior [ RunTime:0.000012s ]
INFO: [ app_init ] --END-- [ RunTime:0.000082s ]
INFO: [ app_begin ] --START--
INFO: Run Behavior\ReadHtmlCacheBehavior [ RunTime:0.000031s ]
INFO: [ app_begin ] --END-- [ RunTime:0.000072s ]
ERR: 无法加载控制器:Backup.7z

[ 2016-07-09T20:51:34+08:00 ] 121.42.0.30 /home.zip
INFO: [ app_init ] --START--
INFO: Run Behavior\BuildLiteBehavior [ RunTime:0.000019s ]
INFO: [ app_init ] --END-- [ RunTime:0.000140s ]
INFO: [ app_begin ] --START--
INFO: Run Behavior\ReadHtmlCacheBehavior [ RunTime:0.000062s ]
INFO: [ app_begin ] --END-- [ RunTime:0.000129s ]
INFO: [ view_parse ] --START--
INFO: [ template_filter ] --START--
INFO: Run Behavior\ContentReplaceBehavior [ RunTime:0.000074s ]
INFO: [ template_filter ] --END-- [ RunTime:0.000112s ]
NOTIC: [2] file_put_contents(./Application/Runtime/Cache/Home/39b332e5f8883cb2938d6d989e0f6c27.php): failed to open stream: Permission denied /alidata/www/project/ThinkPHP/Library/Think/Storage/Driver/File.class.php 第 47 行.
ERR: _STORAGE_WRITE_ERROR_:./Application/Runtime/Cache/Home/39b332e5f8883cb2938d6d989e0f6c27.php

[ 2016-07-09T20:51:36+08:00 ] 121.42.0.30 /home.rar
INFO: [ app_init ] --START--
INFO: Run Behavior\BuildLiteBehavior [ RunTime:0.000012s ]
INFO: [ app_init ] --END-- [ RunTime:0.000080s ]
INFO: [ app_begin ] --START--
INFO: Run Behavior\ReadHtmlCacheBehavior [ RunTime:0.000031s ]
INFO: [ app_begin ] --END-- [ RunTime:0.000064s ]
INFO: [ view_parse ] --START--
INFO: [ template_filter ] --START--
INFO: Run Behavior\ContentReplaceBehavior [ RunTime:0.000073s ]
INFO: [ template_filter ] --END-- [ RunTime:0.000110s ]
NOTIC: [2] file_put_contents(./Application/Runtime/Cache/Home/39b332e5f8883cb2938d6d989e0f6c27.php): failed to open stream: Permission denied /alidata/www/project/ThinkPHP/Library/Think/Storage/Driver/File.class.php 第 47 行.
ERR: _STORAGE_WRITE_ERROR_:./Application/Runtime/Cache/Home/39b332e5f8883cb2938d6d989e0f6c27.php

[ 2016-07-09T20:51:38+08:00 ] 121.42.0.30 /home.tar.gz
INFO: [ app_init ] --START--
INFO: Run Behavior\BuildLiteBehavior [ RunTime:0.000013s ]
INFO: [ app_init ] --END-- [ RunTime:0.000090s ]
INFO: [ app_begin ] --START--
INFO: Run Behavior\ReadHtmlCacheBehavior [ RunTime:0.000037s ]
INFO: [ app_begin ] --END-- [ RunTime:0.000071s ]
ERR: 无法加载控制器:Home.tar.gz

[ 2016-07-09T20:51:41+08:00 ] 121.42.0.30 /home.tgz
INFO: [ app_init ] --START--
INFO: Run Behavior\BuildLiteBehavior [ RunTime:0.000010s ]
INFO: [ app_init ] --END-- [ RunTime:0.000078s ]
INFO: [ app_begin ] --START--
INFO: Run Behavior\ReadHtmlCacheBehavior [ RunTime:0.000039s ]
INFO: [ app_begin ] --END-- [ RunTime:0.000072s ]
INFO: [ view_parse ] --START--
INFO: [ template_filter ] --START--
INFO: Run Behavior\ContentReplaceBehavior [ RunTime:0.000081s ]
INFO: [ template_filter ] --END-- [ RunTime:0.000117s ]
NOTIC: [2] file_put_contents(./Application/Runtime/Cache/Home/39b332e5f8883cb2938d6d989e0f6c27.php): failed to open stream: Permission denied /alidata/www/project/ThinkPHP/Library/Think/Storage/Driver/File.class.php 第 47 行.
ERR: _STORAGE_WRITE_ERROR_:./Application/Runtime/Cache/Home/39b332e5f8883cb2938d6d989e0f6c27.php

[ 2016-07-09T20:51:42+08:00 ] 121.42.0.30 /home.7z
INFO: [ app_init ] --START--
INFO: Run Behavior\BuildLiteBehavior [ RunTime:0.000012s ]
INFO: [ app_init ] --END-- [ RunTime:0.000081s ]
INFO: [ app_begin ] --START--
INFO: Run Behavior\ReadHtmlCacheBehavior [ RunTime:0.000030s ]
INFO: [ app_begin ] --END-- [ RunTime:0.000062s ]
INFO: [ view_parse ] --START--
INFO: [ template_filter ] --START--
INFO: Run Behavior\ContentReplaceBehavior [ RunTime:0.000080s ]
INFO: [ template_filter ] --END-- [ RunTime:0.000119s ]
NOTIC: [2] file_put_contents(./Application/Runtime/Cache/Home/39b332e5f8883cb2938d6d989e0f6c27.php): failed to open stream: Permission denied /alidata/www/project/ThinkPHP/Library/Think/Storage/Driver/File.class.php 第 47 行.
ERR: _STORAGE_WRITE_ERROR_:./Application/Runtime/Cache/Home/39b332e5f8883cb2938d6d989e0f6c27.php

[ 2016-07-09T20:51:45+08:00 ] 121.42.0.30 /root.zip
INFO: [ app_init ] --START--
INFO: Run Behavior\BuildLiteBehavior [ RunTime:0.000010s ]
INFO: [ app_init ] --END-- [ RunTime:0.000074s ]
INFO: [ app_begin ] --START--
INFO: Run Behavior\ReadHtmlCacheBehavior [ RunTime:0.000042s ]
INFO: [ app_begin ] --END-- [ RunTime:0.000079s ]
ERR: 无法加载控制器:Root.zip

[ 2016-07-09T20:51:45+08:00 ] 121.42.0.30 /root.rar
INFO: [ app_init ] --START--
INFO: Run Behavior\BuildLiteBehavior [ RunTime:0.000012s ]
INFO: [ app_init ] --END-- [ RunTime:0.000083s ]
INFO: [ app_begin ] --START--
INFO: Run Behavior\ReadHtmlCacheBehavior [ RunTime:0.000031s ]
INFO: [ app_begin ] --END-- [ RunTime:0.000066s ]
ERR: 无法加载控制器:Root.rar

[ 2016-07-09T20:51:46+08:00 ] 121.42.0.30 /root.tar.gz
INFO: [ app_init ] --START--
INFO: Run Behavior\BuildLiteBehavior [ RunTime:0.000012s ]
INFO: [ app_init ] --END-- [ RunTime:0.000082s ]
INFO: [ app_begin ] --START--
INFO: Run Behavior\ReadHtmlCacheBehavior [ RunTime:0.000032s ]
INFO: [ app_begin ] --END-- [ RunTime:0.000066s ]
ERR: 无法加载控制器:Root.tar.gz

[ 2016-07-09T20:51:50+08:00 ] 121.42.0.30 /root.tgz
INFO: [ app_init ] --START--
INFO: Run Behavior\BuildLiteBehavior [ RunTime:0.000013s ]
INFO: [ app_init ] --END-- [ RunTime:0.000092s ]
INFO: [ app_begin ] --START--
INFO: Run Behavior\ReadHtmlCacheBehavior [ RunTime:0.000040s ]
INFO: [ app_begin ] --END-- [ RunTime:0.000075s ]
ERR: 无法加载控制器:Root.tgz

[ 2016-07-09T20:51:52+08:00 ] 121.42.0.30 /root.7z
INFO: [ app_init ] --START--
INFO: Run Behavior\BuildLiteBehavior [ RunTime:0.000010s ]
INFO: [ app_init ] --END-- [ RunTime:0.000064s ]
INFO: [ app_begin ] --START--
INFO: Run Behavior\ReadHtmlCacheBehavior [ RunTime:0.000030s ]
INFO: [ app_begin ] --END-- [ RunTime:0.000064s ]
ERR: 无法加载控制器:Root.7z

[ 2016-07-09T20:51:57+08:00 ] 121.42.0.30 /config.zip
INFO: [ app_init ] --START--
INFO: Run Behavior\BuildLiteBehavior [ RunTime:0.000019s ]
INFO: [ app_init ] --END-- [ RunTime:0.000138s ]
INFO: [ app_begin ] --START--
INFO: Run Behavior\ReadHtmlCacheBehavior [ RunTime:0.000063s ]
INFO: [ app_begin ] --END-- [ RunTime:0.000117s ]
ERR: 无法加载控制器:Config.zip

[ 2016-07-09T20:51:59+08:00 ] 121.42.0.30 /config.rar
INFO: [ app_init ] --START--
INFO: Run Behavior\BuildLiteBehavior [ RunTime:0.000012s ]
INFO: [ app_init ] --END-- [ RunTime:0.000090s ]
INFO: [ app_begin ] --START--
INFO: Run Behavior\ReadHtmlCacheBehavior [ RunTime:0.000039s ]
INFO: [ app_begin ] --END-- [ RunTime:0.000072s ]
ERR: 无法加载控制器:Config.rar

[ 2016-07-09T20:51:59+08:00 ] 121.42.0.30 /config.tar.gz
INFO: [ app_init ] --START--
INFO: Run Behavior\BuildLiteBehavior [ RunTime:0.000019s ]
INFO: [ app_init ] --END-- [ RunTime:0.000115s ]
INFO: [ app_begin ] --START--
INFO: Run Behavior\ReadHtmlCacheBehavior [ RunTime:0.000031s ]
INFO: [ app_begin ] --END-- [ RunTime:0.000065s ]
ERR: 无法加载控制器:Config.tar.gz

[ 2016-07-09T20:52:02+08:00 ] 121.42.0.30 /config.tgz
INFO: [ app_init ] --START--
INFO: Run Behavior\BuildLiteBehavior [ RunTime:0.000012s ]
INFO: [ app_init ] --END-- [ RunTime:0.000089s ]
INFO: [ app_begin ] --START--
INFO: Run Behavior\ReadHtmlCacheBehavior [ RunTime:0.000039s ]
INFO: [ app_begin ] --END-- [ RunTime:0.000072s ]
ERR: 无法加载控制器:Config.tgz

[ 2016-07-09T20:52:02+08:00 ] 121.42.0.30 /config.7z
INFO: [ app_init ] --START--
INFO: Run Behavior\BuildLiteBehavior [ RunTime:0.000012s ]
INFO: [ app_init ] --END-- [ RunTime:0.000081s ]
INFO: [ app_begin ] --START--
INFO: Run Behavior\ReadHtmlCacheBehavior [ RunTime:0.000031s ]
INFO: [ app_begin ] --END-- [ RunTime:0.000064s ]
ERR: 无法加载控制器:Config.7z

[ 2016-07-09T20:52:03+08:00 ] 121.42.0.30 /tmp.zip
INFO: [ app_init ] --START--
INFO: Run Behavior\BuildLiteBehavior [ RunTime:0.000012s ]
INFO: [ app_init ] --END-- [ RunTime:0.000094s ]
INFO: [ app_begin ] --START--
INFO: Run Behavior\ReadHtmlCacheBehavior [ RunTime:0.000031s ]
INFO: [ app_begin ] --END-- [ RunTime:0.000064s ]
ERR: 无法加载控制器:Tmp.zip

[ 2016-07-09T20:52:05+08:00 ] 121.42.0.30 /tmp.rar
INFO: [ app_init ] --START--
INFO: Run Behavior\BuildLiteBehavior [ RunTime:0.000012s ]
INFO: [ app_init ] --END-- [ RunTime:0.000089s ]
INFO: [ app_begin ] --START--
INFO: Run Behavior\ReadHtmlCacheBehavior [ RunTime:0.000039s ]
INFO: [ app_begin ] --END-- [ RunTime:0.000073s ]
ERR: 无法加载控制器:Tmp.rar

[ 2016-07-09T20:52:06+08:00 ] 121.42.0.30 /tmp.tar.gz
INFO: [ app_init ] --START--
INFO: Run Behavior\BuildLiteBehavior [ RunTime:0.000012s ]
INFO: [ app_init ] --END-- [ RunTime:0.000080s ]
INFO: [ app_begin ] --START--
INFO: Run Behavior\ReadHtmlCacheBehavior [ RunTime:0.000031s ]
INFO: [ app_begin ] --END-- [ RunTime:0.000063s ]
ERR: 无法加载控制器:Tmp.tar.gz

[ 2016-07-09T20:52:09+08:00 ] 121.42.0.30 /tmp.tgz
INFO: [ app_init ] --START--
INFO: Run Behavior\BuildLiteBehavior [ RunTime:0.000013s ]
INFO: [ app_init ] --END-- [ RunTime:0.000090s ]
INFO: [ app_begin ] --START--
INFO: Run Behavior\ReadHtmlCacheBehavior [ RunTime:0.000039s ]
INFO: [ app_begin ] --END-- [ RunTime:0.000072s ]
ERR: 无法加载控制器:Tmp.tgz

[ 2016-07-09T20:52:10+08:00 ] 121.42.0.30 /tmp.7z
INFO: [ app_init ] --START--
INFO: Run Behavior\BuildLiteBehavior [ RunTime:0.000012s ]
INFO: [ app_init ] --END-- [ RunTime:0.000084s ]
INFO: [ app_begin ] --START--
INFO: Run Behavior\ReadHtmlCacheBehavior [ RunTime:0.000033s ]
INFO: [ app_begin ] --END-- [ RunTime:0.000069s ]
ERR: 无法加载控制器:Tmp.7z

[ 2016-07-09T20:52:12+08:00 ] 121.42.0.30 /temp.zip
INFO: [ app_init ] --START--
INFO: Run Behavior\BuildLiteBehavior [ RunTime:0.000013s ]
INFO: [ app_init ] --END-- [ RunTime:0.000100s ]
INFO: [ app_begin ] --START--
INFO: Run Behavior\ReadHtmlCacheBehavior [ RunTime:0.000043s ]
INFO: [ app_begin ] --END-- [ RunTime:0.000081s ]
ERR: 无法加载控制器:Temp.zip

[ 2016-07-09T20:52:15+08:00 ] 121.42.0.30 /temp.rar
INFO: [ app_init ] --START--
INFO: Run Behavior\BuildLiteBehavior [ RunTime:0.000012s ]
INFO: [ app_init ] --END-- [ RunTime:0.000089s ]
INFO: [ app_begin ] --START--
INFO: Run Behavior\ReadHtmlCacheBehavior [ RunTime:0.000036s ]
INFO: [ app_begin ] --END-- [ RunTime:0.000070s ]
ERR: 无法加载控制器:Temp.rar

[ 2016-07-09T20:52:16+08:00 ] 121.42.0.30 /temp.tar.gz
INFO: [ app_init ] --START--
INFO: Run Behavior\BuildLiteBehavior [ RunTime:0.000013s ]
INFO: [ app_init ] --END-- [ RunTime:0.000083s ]
INFO: [ app_begin ] --START--
INFO: Run Behavior\ReadHtmlCacheBehavior [ RunTime:0.000031s ]
INFO: [ app_begin ] --END-- [ RunTime:0.000064s ]
ERR: 无法加载控制器:Temp.tar.gz

[ 2016-07-09T20:52:18+08:00 ] 121.42.0.30 /temp.tgz
INFO: [ app_init ] --START--
INFO: Run Behavior\BuildLiteBehavior [ RunTime:0.000016s ]
INFO: [ app_init ] --END-- [ RunTime:0.000115s ]
INFO: [ app_begin ] --START--
INFO: Run Behavior\ReadHtmlCacheBehavior [ RunTime:0.000054s ]
INFO: [ app_begin ] --END-- [ RunTime:0.000099s ]
ERR: 无法加载控制器:Temp.tgz

[ 2016-07-09T20:52:19+08:00 ] 121.42.0.30 /temp.7z
INFO: [ app_init ] --START--
INFO: Run Behavior\BuildLiteBehavior [ RunTime:0.000013s ]
INFO: [ app_init ] --END-- [ RunTime:0.000089s ]
INFO: [ app_begin ] --START--
INFO: Run Behavior\ReadHtmlCacheBehavior [ RunTime:0.000032s ]
INFO: [ app_begin ] --END-- [ RunTime:0.000069s ]
ERR: 无法加载控制器:Temp.7z

[ 2016-07-09T20:52:21+08:00 ] 121.42.0.30 /web.zip
INFO: [ app_init ] --START--
INFO: Run Behavior\BuildLiteBehavior [ RunTime:0.000012s ]
INFO: [ app_init ] --END-- [ RunTime:0.000090s ]
INFO: [ app_begin ] --START--
INFO: Run Behavior\ReadHtmlCacheBehavior [ RunTime:0.000060s ]
INFO: [ app_begin ] --END-- [ RunTime:0.000105s ]
ERR: 无法加载控制器:Web.zip

[ 2016-07-09T20:52:23+08:00 ] 121.42.0.30 /web.rar
INFO: [ app_init ] --START--
INFO: Run Behavior\BuildLiteBehavior [ RunTime:0.000012s ]
INFO: [ app_init ] --END-- [ RunTime:0.000081s ]
INFO: [ app_begin ] --START--
INFO: Run Behavior\ReadHtmlCacheBehavior [ RunTime:0.000030s ]
INFO: [ app_begin ] --END-- [ RunTime:0.000064s ]
ERR: 无法加载控制器:Web.rar

[ 2016-07-09T20:52:25+08:00 ] 121.42.0.30 /web.tar.gz
INFO: [ app_init ] --START--
INFO: Run Behavior\BuildLiteBehavior [ RunTime:0.000012s ]
INFO: [ app_init ] --END-- [ RunTime:0.000095s ]
INFO: [ app_begin ] --START--
INFO: Run Behavior\ReadHtmlCacheBehavior [ RunTime:0.000039s ]
INFO: [ app_begin ] --END-- [ RunTime:0.000071s ]
ERR: 无法加载控制器:Web.tar.gz

[ 2016-07-09T20:52:28+08:00 ] 121.42.0.30 /web.tgz
INFO: [ app_init ] --START--
INFO: Run Behavior\BuildLiteBehavior [ RunTime:0.000012s ]
INFO: [ app_init ] --END-- [ RunTime:0.000088s ]
INFO: [ app_begin ] --START--
INFO: Run Behavior\ReadHtmlCacheBehavior [ RunTime:0.000038s ]
INFO: [ app_begin ] --END-- [ RunTime:0.000070s ]
ERR: 无法加载控制器:Web.tgz

[ 2016-07-09T20:52:29+08:00 ] 121.42.0.30 /web.7z
INFO: [ app_init ] --START--
INFO: Run Behavior\BuildLiteBehavior [ RunTime:0.000012s ]
INFO: [ app_init ] --END-- [ RunTime:0.000082s ]
INFO: [ app_begin ] --START--
INFO: Run Behavior\ReadHtmlCacheBehavior [ RunTime:0.000031s ]
INFO: [ app_begin ] --END-- [ RunTime:0.000065s ]
ERR: 无法加载控制器:Web.7z

[ 2016-07-09T20:52:31+08:00 ] 121.42.0.30 /website.zip
INFO: [ app_init ] --START--
INFO: Run Behavior\BuildLiteBehavior [ RunTime:0.000013s ]
INFO: [ app_init ] --END-- [ RunTime:0.000093s ]
INFO: [ app_begin ] --START--
INFO: Run Behavior\ReadHtmlCacheBehavior [ RunTime:0.000037s ]
INFO: [ app_begin ] --END-- [ RunTime:0.000080s ]
ERR: 无法加载控制器:Website.zip

[ 2016-07-09T20:52:33+08:00 ] 121.42.0.30 /website.rar
INFO: [ app_init ] --START--
INFO: Run Behavior\BuildLiteBehavior [ RunTime:0.000012s ]
INFO: [ app_init ] --END-- [ RunTime:0.000083s ]
INFO: [ app_begin ] --START--
INFO: Run Behavior\ReadHtmlCacheBehavior [ RunTime:0.000032s ]
INFO: [ app_begin ] --END-- [ RunTime:0.000066s ]
ERR: 无法加载控制器:Website.rar

[ 2016-07-09T20:52:35+08:00 ] 121.42.0.30 /website.tar.gz
INFO: [ app_init ] --START--
INFO: Run Behavior\BuildLiteBehavior [ RunTime:0.000012s ]
INFO: [ app_init ] --END-- [ RunTime:0.000092s ]
INFO: [ app_begin ] --START--
INFO: Run Behavior\ReadHtmlCacheBehavior [ RunTime:0.000037s ]
INFO: [ app_begin ] --END-- [ RunTime:0.000071s ]
ERR: 无法加载控制器:Website.tar.gz

[ 2016-07-09T20:52:36+08:00 ] 121.42.0.30 /website.tgz
INFO: [ app_init ] --START--
INFO: Run Behavior\BuildLiteBehavior [ RunTime:0.000013s ]
INFO: [ app_init ] --END-- [ RunTime:0.000083s ]
INFO: [ app_begin ] --START--
INFO: Run Behavior\ReadHtmlCacheBehavior [ RunTime:0.000031s ]
INFO: [ app_begin ] --END-- [ RunTime:0.000065s ]
ERR: 无法加载控制器:Website.tgz

[ 2016-07-09T20:52:39+08:00 ] 121.42.0.30 /website.7z
INFO: [ app_init ] --START--
INFO: Run Behavior\BuildLiteBehavior [ RunTime:0.000020s ]
INFO: [ app_init ] --END-- [ RunTime:0.000151s ]
INFO: [ app_begin ] --START--
INFO: Run Behavior\ReadHtmlCacheBehavior [ RunTime:0.000066s ]
INFO: [ app_begin ] --END-- [ RunTime:0.000123s ]
ERR: 无法加载控制器:Website.7z

[ 2016-07-09T20:52:39+08:00 ] 121.42.0.30 /site.zip
INFO: [ app_init ] --START--
INFO: Run Behavior\BuildLiteBehavior [ RunTime:0.000012s ]
INFO: [ app_init ] --END-- [ RunTime:0.000082s ]
INFO: [ app_begin ] --START--
INFO: Run Behavior\ReadHtmlCacheBehavior [ RunTime:0.000030s ]
INFO: [ app_begin ] --END-- [ RunTime:0.000064s ]
ERR: 无法加载控制器:Site.zip

[ 2016-07-09T20:52:40+08:00 ] 121.42.0.30 /site.rar
INFO: [ app_init ] --START--
INFO: Run Behavior\BuildLiteBehavior [ RunTime:0.000013s ]
INFO: [ app_init ] --END-- [ RunTime:0.000084s ]
INFO: [ app_begin ] --START--
INFO: Run Behavior\ReadHtmlCacheBehavior [ RunTime:0.000030s ]
INFO: [ app_begin ] --END-- [ RunTime:0.000063s ]
ERR: 无法加载控制器:Site.rar

[ 2016-07-09T20:52:40+08:00 ] 121.42.0.30 /site.tar.gz
INFO: [ app_init ] --START--
INFO: Run Behavior\BuildLiteBehavior [ RunTime:0.000015s ]
INFO: [ app_init ] --END-- [ RunTime:0.000098s ]
INFO: [ app_begin ] --START--
INFO: Run Behavior\ReadHtmlCacheBehavior [ RunTime:0.000040s ]
INFO: [ app_begin ] --END-- [ RunTime:0.000086s ]
ERR: 无法加载控制器:Site.tar.gz

[ 2016-07-09T20:52:42+08:00 ] 121.42.0.30 /site.tgz
INFO: [ app_init ] --START--
INFO: Run Behavior\BuildLiteBehavior [ RunTime:0.000013s ]
INFO: [ app_init ] --END-- [ RunTime:0.000097s ]
INFO: [ app_begin ] --START--
INFO: Run Behavior\ReadHtmlCacheBehavior [ RunTime:0.000040s ]
INFO: [ app_begin ] --END-- [ RunTime:0.000073s ]
ERR: 无法加载控制器:Site.tgz

[ 2016-07-09T20:52:45+08:00 ] 121.42.0.30 /site.7z
INFO: [ app_init ] --START--
INFO: Run Behavior\BuildLiteBehavior [ RunTime:0.000014s ]
INFO: [ app_init ] --END-- [ RunTime:0.000095s ]
INFO: [ app_begin ] --START--
INFO: Run Behavior\ReadHtmlCacheBehavior [ RunTime:0.000039s ]
INFO: [ app_begin ] --END-- [ RunTime:0.000073s ]
ERR: 无法加载控制器:Site.7z

[ 2016-07-09T20:52:46+08:00 ] 121.42.0.30 /htdocs.zip
INFO: [ app_init ] --START--
INFO: Run Behavior\BuildLiteBehavior [ RunTime:0.000013s ]
INFO: [ app_init ] --END-- [ RunTime:0.000091s ]
INFO: [ app_begin ] --START--
INFO: Run Behavior\ReadHtmlCacheBehavior [ RunTime:0.000031s ]
INFO: [ app_begin ] --END-- [ RunTime:0.000063s ]
ERR: 无法加载控制器:Htdocs.zip

[ 2016-07-09T20:52:48+08:00 ] 121.42.0.30 /htdocs.rar
INFO: [ app_init ] --START--
INFO: Run Behavior\BuildLiteBehavior [ RunTime:0.000014s ]
INFO: [ app_init ] --END-- [ RunTime:0.000093s ]
INFO: [ app_begin ] --START--
INFO: Run Behavior\ReadHtmlCacheBehavior [ RunTime:0.000041s ]
INFO: [ app_begin ] --END-- [ RunTime:0.000076s ]
ERR: 无法加载控制器:Htdocs.rar

[ 2016-07-09T20:52:51+08:00 ] 121.42.0.30 /htdocs.tar.gz
INFO: [ app_init ] --START--
INFO: Run Behavior\BuildLiteBehavior [ RunTime:0.000014s ]
INFO: [ app_init ] --END-- [ RunTime:0.000090s ]
INFO: [ app_begin ] --START--
INFO: Run Behavior\ReadHtmlCacheBehavior [ RunTime:0.000050s ]
INFO: [ app_begin ] --END-- [ RunTime:0.000087s ]
ERR: 无法加载控制器:Htdocs.tar.gz

[ 2016-07-09T20:52:51+08:00 ] 121.42.0.30 /htdocs.tgz
INFO: [ app_init ] --START--
INFO: Run Behavior\BuildLiteBehavior [ RunTime:0.000013s ]
INFO: [ app_init ] --END-- [ RunTime:0.000084s ]
INFO: [ app_begin ] --START--
INFO: Run Behavior\ReadHtmlCacheBehavior [ RunTime:0.000032s ]
INFO: [ app_begin ] --END-- [ RunTime:0.000067s ]
ERR: 无法加载控制器:Htdocs.tgz

[ 2016-07-09T20:52:52+08:00 ] 121.42.0.30 /htdocs.7z
INFO: [ app_init ] --START--
INFO: Run Behavior\BuildLiteBehavior [ RunTime:0.000013s ]
INFO: [ app_init ] --END-- [ RunTime:0.000092s ]
INFO: [ app_begin ] --START--
INFO: Run Behavior\ReadHtmlCacheBehavior [ RunTime:0.000031s ]
INFO: [ app_begin ] --END-- [ RunTime:0.000064s ]
ERR: 无法加载控制器:Htdocs.7z

[ 2016-07-09T20:52:54+08:00 ] 121.42.0.30 /css.dulishuo.com.zip
INFO: [ app_init ] --START--
INFO: Run Behavior\BuildLiteBehavior [ RunTime:0.000011s ]
INFO: [ app_init ] --END-- [ RunTime:0.000078s ]
INFO: [ app_begin ] --START--
INFO: Run Behavior\ReadHtmlCacheBehavior [ RunTime:0.000056s ]
INFO: [ app_begin ] --END-- [ RunTime:0.000090s ]
ERR: 无法加载控制器:Css.dulishuo.com.zip

[ 2016-07-09T20:52:57+08:00 ] 121.42.0.30 /css.dulishuo.com.rar
INFO: [ app_init ] --START--
INFO: Run Behavior\BuildLiteBehavior [ RunTime:0.000014s ]
INFO: [ app_init ] --END-- [ RunTime:0.000096s ]
INFO: [ app_begin ] --START--
INFO: Run Behavior\ReadHtmlCacheBehavior [ RunTime:0.000039s ]
INFO: [ app_begin ] --END-- [ RunTime:0.000073s ]
ERR: 无法加载控制器:Css.dulishuo.com.rar

[ 2016-07-09T20:52:59+08:00 ] 121.42.0.30 /css.dulishuo.com.tar.gz
INFO: [ app_init ] --START--
INFO: Run Behavior\BuildLiteBehavior [ RunTime:0.000013s ]
INFO: [ app_init ] --END-- [ RunTime:0.000081s ]
INFO: [ app_begin ] --START--
INFO: Run Behavior\ReadHtmlCacheBehavior [ RunTime:0.000032s ]
INFO: [ app_begin ] --END-- [ RunTime:0.000065s ]
ERR: 无法加载控制器:Css.dulishuo.com.tar.gz

[ 2016-07-09T20:53:01+08:00 ] 121.42.0.30 /css.dulishuo.com.tgz
INFO: [ app_init ] --START--
INFO: Run Behavior\BuildLiteBehavior [ RunTime:0.000013s ]
INFO: [ app_init ] --END-- [ RunTime:0.000094s ]
INFO: [ app_begin ] --START--
INFO: Run Behavior\ReadHtmlCacheBehavior [ RunTime:0.000038s ]
INFO: [ app_begin ] --END-- [ RunTime:0.000073s ]
ERR: 无法加载控制器:Css.dulishuo.com.tgz

[ 2016-07-09T20:53:04+08:00 ] 121.42.0.30 /css.dulishuo.com.7z
INFO: [ app_init ] --START--
INFO: Run Behavior\BuildLiteBehavior [ RunTime:0.000013s ]
INFO: [ app_init ] --END-- [ RunTime:0.000090s ]
INFO: [ app_begin ] --START--
INFO: Run Behavior\ReadHtmlCacheBehavior [ RunTime:0.000038s ]
INFO: [ app_begin ] --END-- [ RunTime:0.000072s ]
ERR: 无法加载控制器:Css.dulishuo.com.7z

[ 2016-07-09T20:53:06+08:00 ] 121.42.0.30 /css.dulishuo.com1.zip
INFO: [ app_init ] --START--
INFO: Run Behavior\BuildLiteBehavior [ RunTime:0.000012s ]
INFO: [ app_init ] --END-- [ RunTime:0.000079s ]
INFO: [ app_begin ] --START--
INFO: Run Behavior\ReadHtmlCacheBehavior [ RunTime:0.000041s ]
INFO: [ app_begin ] --END-- [ RunTime:0.000075s ]
ERR: 无法加载控制器:Css.dulishuo.com1.zip

[ 2016-07-09T20:53:07+08:00 ] 121.42.0.30 /css.dulishuo.com1.rar
INFO: [ app_init ] --START--
INFO: Run Behavior\BuildLiteBehavior [ RunTime:0.000012s ]
INFO: [ app_init ] --END-- [ RunTime:0.000091s ]
INFO: [ app_begin ] --START--
INFO: Run Behavior\ReadHtmlCacheBehavior [ RunTime:0.000038s ]
INFO: [ app_begin ] --END-- [ RunTime:0.000071s ]
ERR: 无法加载控制器:Css.dulishuo.com1.rar

[ 2016-07-09T20:53:08+08:00 ] 121.42.0.30 /css.dulishuo.com1.tar.gz
INFO: [ app_init ] --START--
INFO: Run Behavior\BuildLiteBehavior [ RunTime:0.000013s ]
INFO: [ app_init ] --END-- [ RunTime:0.000093s ]
INFO: [ app_begin ] --START--
INFO: Run Behavior\ReadHtmlCacheBehavior [ RunTime:0.000031s ]
INFO: [ app_begin ] --END-- [ RunTime:0.000065s ]
ERR: 无法加载控制器:Css.dulishuo.com1.tar.gz

[ 2016-07-09T20:53:10+08:00 ] 121.42.0.30 /css.dulishuo.com1.tgz
INFO: [ app_init ] --START--
INFO: Run Behavior\BuildLiteBehavior [ RunTime:0.000013s ]
INFO: [ app_init ] --END-- [ RunTime:0.000096s ]
INFO: [ app_begin ] --START--
INFO: Run Behavior\ReadHtmlCacheBehavior [ RunTime:0.000040s ]
INFO: [ app_begin ] --END-- [ RunTime:0.000076s ]
ERR: 无法加载控制器:Css.dulishuo.com1.tgz

[ 2016-07-09T20:53:12+08:00 ] 121.42.0.30 /css.dulishuo.com1.7z
INFO: [ app_init ] --START--
INFO: Run Behavior\BuildLiteBehavior [ RunTime:0.000013s ]
INFO: [ app_init ] --END-- [ RunTime:0.000082s ]
INFO: [ app_begin ] --START--
INFO: Run Behavior\ReadHtmlCacheBehavior [ RunTime:0.000032s ]
INFO: [ app_begin ] --END-- [ RunTime:0.000064s ]
ERR: 无法加载控制器:Css.dulishuo.com1.7z

[ 2016-07-09T20:53:14+08:00 ] 121.42.0.30 /css.dulishuo.com123.zip
INFO: [ app_init ] --START--
INFO: Run Behavior\BuildLiteBehavior [ RunTime:0.000013s ]
INFO: [ app_init ] --END-- [ RunTime:0.000095s ]
INFO: [ app_begin ] --START--
INFO: Run Behavior\ReadHtmlCacheBehavior [ RunTime:0.000040s ]
INFO: [ app_begin ] --END-- [ RunTime:0.000074s ]
ERR: 无法加载控制器:Css.dulishuo.com123.zip

[ 2016-07-09T20:53:16+08:00 ] 121.42.0.30 /css.dulishuo.com123.rar
INFO: [ app_init ] --START--
INFO: Run Behavior\BuildLiteBehavior [ RunTime:0.000052s ]
INFO: [ app_init ] --END-- [ RunTime:0.000115s ]
INFO: [ app_begin ] --START--
INFO: Run Behavior\ReadHtmlCacheBehavior [ RunTime:0.000031s ]
INFO: [ app_begin ] --END-- [ RunTime:0.000064s ]
ERR: 无法加载控制器:Css.dulishuo.com123.rar

[ 2016-07-09T20:53:18+08:00 ] 121.42.0.30 /css.dulishuo.com123.tar.gz
INFO: [ app_init ] --START--
INFO: Run Behavior\BuildLiteBehavior [ RunTime:0.000014s ]
INFO: [ app_init ] --END-- [ RunTime:0.000098s ]
INFO: [ app_begin ] --START--
INFO: Run Behavior\ReadHtmlCacheBehavior [ RunTime:0.000074s ]
INFO: [ app_begin ] --END-- [ RunTime:0.000131s ]
ERR: 无法加载控制器:Css.dulishuo.com123.tar.gz

[ 2016-07-09T20:53:20+08:00 ] 121.42.0.30 /css.dulishuo.com123.tgz
INFO: [ app_init ] --START--
INFO: Run Behavior\BuildLiteBehavior [ RunTime:0.000013s ]
INFO: [ app_init ] --END-- [ RunTime:0.000082s ]
INFO: [ app_begin ] --START--
INFO: Run Behavior\ReadHtmlCacheBehavior [ RunTime:0.000031s ]
INFO: [ app_begin ] --END-- [ RunTime:0.000065s ]
ERR: 无法加载控制器:Css.dulishuo.com123.tgz

[ 2016-07-09T20:53:22+08:00 ] 121.42.0.30 /css.dulishuo.com123.7z
INFO: [ app_init ] --START--
INFO: Run Behavior\BuildLiteBehavior [ RunTime:0.000013s ]
INFO: [ app_init ] --END-- [ RunTime:0.000094s ]
INFO: [ app_begin ] --START--
INFO: Run Behavior\ReadHtmlCacheBehavior [ RunTime:0.000038s ]
INFO: [ app_begin ] --END-- [ RunTime:0.000071s ]
ERR: 无法加载控制器:Css.dulishuo.com123.7z

[ 2016-07-09T20:53:24+08:00 ] 121.42.0.30 /css_dulishuo_com.zip
INFO: [ app_init ] --START--
INFO: Run Behavior\BuildLiteBehavior [ RunTime:0.000012s ]
INFO: [ app_init ] --END-- [ RunTime:0.000084s ]
INFO: [ app_begin ] --START--
INFO: Run Behavior\ReadHtmlCacheBehavior [ RunTime:0.000030s ]
INFO: [ app_begin ] --END-- [ RunTime:0.000063s ]
ERR: 无法加载控制器:Css_dulishuo_com.zip

[ 2016-07-09T20:53:26+08:00 ] 121.42.0.30 /css_dulishuo_com.rar
INFO: [ app_init ] --START--
INFO: Run Behavior\BuildLiteBehavior [ RunTime:0.000012s ]
INFO: [ app_init ] --END-- [ RunTime:0.000091s ]
INFO: [ app_begin ] --START--
INFO: Run Behavior\ReadHtmlCacheBehavior [ RunTime:0.000045s ]
INFO: [ app_begin ] --END-- [ RunTime:0.000080s ]
ERR: 无法加载控制器:Css_dulishuo_com.rar

[ 2016-07-09T20:53:28+08:00 ] 121.42.0.30 /css_dulishuo_com.tar.gz
INFO: [ app_init ] --START--
INFO: Run Behavior\BuildLiteBehavior [ RunTime:0.000013s ]
INFO: [ app_init ] --END-- [ RunTime:0.000084s ]
INFO: [ app_begin ] --START--
INFO: Run Behavior\ReadHtmlCacheBehavior [ RunTime:0.000031s ]
INFO: [ app_begin ] --END-- [ RunTime:0.000065s ]
ERR: 无法加载控制器:Css_dulishuo_com.tar.gz

[ 2016-07-09T20:53:30+08:00 ] 121.42.0.30 /css_dulishuo_com.tgz
INFO: [ app_init ] --START--
INFO: Run Behavior\BuildLiteBehavior [ RunTime:0.000014s ]
INFO: [ app_init ] --END-- [ RunTime:0.000093s ]
INFO: [ app_begin ] --START--
INFO: Run Behavior\ReadHtmlCacheBehavior [ RunTime:0.000040s ]
INFO: [ app_begin ] --END-- [ RunTime:0.000074s ]
ERR: 无法加载控制器:Css_dulishuo_com.tgz

[ 2016-07-09T20:53:32+08:00 ] 121.42.0.30 /css_dulishuo_com.7z
INFO: [ app_init ] --START--
INFO: Run Behavior\BuildLiteBehavior [ RunTime:0.000014s ]
INFO: [ app_init ] --END-- [ RunTime:0.000093s ]
INFO: [ app_begin ] --START--
INFO: Run Behavior\ReadHtmlCacheBehavior [ RunTime:0.000037s ]
INFO: [ app_begin ] --END-- [ RunTime:0.000072s ]
ERR: 无法加载控制器:Css_dulishuo_com.7z

