[ 2016-06-30T12:17:33+08:00 ] ::1 /project/index.php/Public/Admin/img/icon_slewArrowLeft-1.png
INFO: [ app_init ] --START--
INFO: Run Behavior\BuildLiteBehavior [ RunTime:0.000015s ]
INFO: [ app_init ] --END-- [ RunTime:0.000730s ]
ERR: 无法加载模块:Public

[ 2016-06-30T12:17:33+08:00 ] ::1 /project/index.php/Public/Admin/img/icon_slewArrowRight-1.png
INFO: [ app_init ] --START--
INFO: Run Behavior\BuildLiteBehavior [ RunTime:0.000013s ]
INFO: [ app_init ] --END-- [ RunTime:0.000419s ]
ERR: 无法加载模块:Public

[ 2016-06-30T12:17:48+08:00 ] ::1 /project/index.php/Public/Admin/img/icon_slewArrowLeft-1.png
INFO: [ app_init ] --START--
INFO: Run Behavior\BuildLiteBehavior [ RunTime:0.000009s ]
INFO: [ app_init ] --END-- [ RunTime:0.000280s ]
ERR: 无法加载模块:Public

[ 2016-06-30T12:17:48+08:00 ] ::1 /project/index.php/Public/Admin/img/icon_slewArrowRight-1.png
INFO: [ app_init ] --START--
INFO: Run Behavior\BuildLiteBehavior [ RunTime:0.000011s ]
INFO: [ app_init ] --END-- [ RunTime:0.000312s ]
ERR: 无法加载模块:Public

[ 2016-06-30T12:18:32+08:00 ] ::1 /project/index.php/Public/Admin/img/icon_slewArrowLeft-1.png
INFO: [ app_init ] --START--
INFO: Run Behavior\BuildLiteBehavior [ RunTime:0.000010s ]
INFO: [ app_init ] --END-- [ RunTime:0.000323s ]
ERR: 无法加载模块:Public

[ 2016-06-30T12:18:32+08:00 ] ::1 /project/index.php/Public/Admin/img/icon_slewArrowRight-1.png
INFO: [ app_init ] --START--
INFO: Run Behavior\BuildLiteBehavior [ RunTime:0.000010s ]
INFO: [ app_init ] --END-- [ RunTime:0.000312s ]
ERR: 无法加载模块:Public

[ 2016-06-30T12:18:35+08:00 ] ::1 /project/index.php/Public/Admin/img/icon_slewArrowRight-1.png
INFO: [ app_init ] --START--
INFO: Run Behavior\BuildLiteBehavior [ RunTime:0.000010s ]
INFO: [ app_init ] --END-- [ RunTime:0.000321s ]
ERR: 无法加载模块:Public

[ 2016-06-30T12:18:35+08:00 ] ::1 /project/index.php/Public/Admin/img/icon_slewArrowLeft-1.png
INFO: [ app_init ] --START--
INFO: Run Behavior\BuildLiteBehavior [ RunTime:0.000014s ]
INFO: [ app_init ] --END-- [ RunTime:0.000314s ]
ERR: 无法加载模块:Public

[ 2016-06-30T12:18:39+08:00 ] ::1 /project/index.php/Public/Admin/img/icon_slewArrowRight-1.png
INFO: [ app_init ] --START--
INFO: Run Behavior\BuildLiteBehavior [ RunTime:0.000010s ]
INFO: [ app_init ] --END-- [ RunTime:0.000346s ]
ERR: 无法加载模块:Public

[ 2016-06-30T12:18:39+08:00 ] ::1 /project/index.php/Public/Admin/img/icon_slewArrowLeft-1.png
INFO: [ app_init ] --START--
INFO: Run Behavior\BuildLiteBehavior [ RunTime:0.000014s ]
INFO: [ app_init ] --END-- [ RunTime:0.000489s ]
ERR: 无法加载模块:Public

[ 2016-06-30T12:18:48+08:00 ] ::1 /project/index.php/Public/Admin/img/icon_slewArrowLeft-1.png
INFO: [ app_init ] --START--
INFO: Run Behavior\BuildLiteBehavior [ RunTime:0.000014s ]
INFO: [ app_init ] --END-- [ RunTime:0.000611s ]
ERR: 无法加载模块:Public

[ 2016-06-30T12:18:48+08:00 ] ::1 /project/index.php/Public/Admin/img/icon_slewArrowRight-1.png
INFO: [ app_init ] --START--
INFO: Run Behavior\BuildLiteBehavior [ RunTime:0.000010s ]
INFO: [ app_init ] --END-- [ RunTime:0.000300s ]
ERR: 无法加载模块:Public

[ 2016-06-30T13:53:01+08:00 ] ::1 /project/index.php/Public/Admin/img/icon_slewArrowRight-1.png
INFO: [ app_init ] --START--
INFO: Run Behavior\BuildLiteBehavior [ RunTime:0.001068s ]
INFO: [ app_init ] --END-- [ RunTime:0.001525s ]
ERR: 无法加载模块:Public

[ 2016-06-30T13:53:01+08:00 ] ::1 /project/index.php/Public/Admin/img/icon_slewArrowLeft-1.png
INFO: [ app_init ] --START--
INFO: Run Behavior\BuildLiteBehavior [ RunTime:0.000013s ]
INFO: [ app_init ] --END-- [ RunTime:0.000435s ]
ERR: 无法加载模块:Public

[ 2016-06-30T13:53:08+08:00 ] ::1 /project/index.php/Public/Admin/img/icon_slewArrowRight-1.png
INFO: [ app_init ] --START--
INFO: Run Behavior\BuildLiteBehavior [ RunTime:0.000011s ]
INFO: [ app_init ] --END-- [ RunTime:0.000346s ]
ERR: 无法加载模块:Public

[ 2016-06-30T13:53:08+08:00 ] ::1 /project/index.php/Public/Admin/img/icon_slewArrowLeft-1.png
INFO: [ app_init ] --START--
INFO: Run Behavior\BuildLiteBehavior [ RunTime:0.000010s ]
INFO: [ app_init ] --END-- [ RunTime:0.000303s ]
ERR: 无法加载模块:Public

[ 2016-06-30T13:53:17+08:00 ] ::1 /project/index.php/Public/Admin/img/icon_slewArrowLeft-1.png
INFO: [ app_init ] --START--
INFO: Run Behavior\BuildLiteBehavior [ RunTime:0.000010s ]
INFO: [ app_init ] --END-- [ RunTime:0.000320s ]
ERR: 无法加载模块:Public

[ 2016-06-30T13:53:17+08:00 ] ::1 /project/index.php/Public/Admin/img/icon_slewArrowRight-1.png
INFO: [ app_init ] --START--
INFO: Run Behavior\BuildLiteBehavior [ RunTime:0.000011s ]
INFO: [ app_init ] --END-- [ RunTime:0.000325s ]
ERR: 无法加载模块:Public

[ 2016-06-30T13:54:11+08:00 ] ::1 /project/index.php/Public/Admin/img/icon_slewArrowRight-1.png
INFO: [ app_init ] --START--
INFO: Run Behavior\BuildLiteBehavior [ RunTime:0.000010s ]
INFO: [ app_init ] --END-- [ RunTime:0.000313s ]
ERR: 无法加载模块:Public

[ 2016-06-30T13:54:11+08:00 ] ::1 /project/index.php/Public/Admin/img/icon_slewArrowLeft-1.png
INFO: [ app_init ] --START--
INFO: Run Behavior\BuildLiteBehavior [ RunTime:0.000009s ]
INFO: [ app_init ] --END-- [ RunTime:0.000294s ]
ERR: 无法加载模块:Public

[ 2016-06-30T13:54:37+08:00 ] ::1 /project/index.php/Public/Admin/img/icon_slewArrowRight-1.png
INFO: [ app_init ] --START--
INFO: Run Behavior\BuildLiteBehavior [ RunTime:0.000009s ]
INFO: [ app_init ] --END-- [ RunTime:0.000307s ]
ERR: 无法加载模块:Public

[ 2016-06-30T13:54:37+08:00 ] ::1 /project/index.php/Public/Admin/img/icon_slewArrowLeft-1.png
INFO: [ app_init ] --START--
INFO: Run Behavior\BuildLiteBehavior [ RunTime:0.000009s ]
INFO: [ app_init ] --END-- [ RunTime:0.000307s ]
ERR: 无法加载模块:Public

[ 2016-06-30T14:00:36+08:00 ] ::1 /project/index.php/Public/Admin/img/icon_slewArrowLeft-1.png
INFO: [ app_init ] --START--
INFO: Run Behavior\BuildLiteBehavior [ RunTime:0.000010s ]
INFO: [ app_init ] --END-- [ RunTime:0.000320s ]
ERR: 无法加载模块:Public

[ 2016-06-30T14:00:36+08:00 ] ::1 /project/index.php/Public/Admin/img/icon_slewArrowRight-1.png
INFO: [ app_init ] --START--
INFO: Run Behavior\BuildLiteBehavior [ RunTime:0.000009s ]
INFO: [ app_init ] --END-- [ RunTime:0.000294s ]
ERR: 无法加载模块:Public

[ 2016-06-30T14:00:42+08:00 ] ::1 /project/index.php/Public/Admin/img/icon_slewArrowLeft-1.png
INFO: [ app_init ] --START--
INFO: Run Behavior\BuildLiteBehavior [ RunTime:0.000009s ]
INFO: [ app_init ] --END-- [ RunTime:0.000296s ]
ERR: 无法加载模块:Public

[ 2016-06-30T14:00:42+08:00 ] ::1 /project/index.php/Public/Admin/img/icon_slewArrowRight-1.png
INFO: [ app_init ] --START--
INFO: Run Behavior\BuildLiteBehavior [ RunTime:0.000012s ]
INFO: [ app_init ] --END-- [ RunTime:0.000371s ]
ERR: 无法加载模块:Public

[ 2016-06-30T14:00:47+08:00 ] ::1 /project/index.php/Public/Admin/img/icon_slewArrowRight-1.png
INFO: [ app_init ] --START--
INFO: Run Behavior\BuildLiteBehavior [ RunTime:0.000009s ]
INFO: [ app_init ] --END-- [ RunTime:0.000319s ]
ERR: 无法加载模块:Public

[ 2016-06-30T14:00:47+08:00 ] ::1 /project/index.php/Public/Admin/img/icon_slewArrowLeft-1.png
INFO: [ app_init ] --START--
INFO: Run Behavior\BuildLiteBehavior [ RunTime:0.000009s ]
INFO: [ app_init ] --END-- [ RunTime:0.000296s ]
ERR: 无法加载模块:Public

[ 2016-06-30T14:01:14+08:00 ] ::1 /project/index.php/Public/Admin/img/icon_slewArrowRight-1.png
INFO: [ app_init ] --START--
INFO: Run Behavior\BuildLiteBehavior [ RunTime:0.000012s ]
INFO: [ app_init ] --END-- [ RunTime:0.001152s ]
ERR: 无法加载模块:Public

[ 2016-06-30T14:01:14+08:00 ] ::1 /project/index.php/Public/Admin/img/icon_slewArrowLeft-1.png
INFO: [ app_init ] --START--
INFO: Run Behavior\BuildLiteBehavior [ RunTime:0.000010s ]
INFO: [ app_init ] --END-- [ RunTime:0.000346s ]
ERR: 无法加载模块:Public

[ 2016-06-30T14:01:18+08:00 ] ::1 /project/index.php/Public/Admin/img/icon_slewArrowRight-1.png
INFO: [ app_init ] --START--
INFO: Run Behavior\BuildLiteBehavior [ RunTime:0.000019s ]
INFO: [ app_init ] --END-- [ RunTime:0.000786s ]
ERR: 无法加载模块:Public

[ 2016-06-30T14:01:18+08:00 ] ::1 /project/index.php/Public/Admin/img/icon_slewArrowLeft-1.png
INFO: [ app_init ] --START--
INFO: Run Behavior\BuildLiteBehavior [ RunTime:0.000012s ]
INFO: [ app_init ] --END-- [ RunTime:0.001429s ]
ERR: 无法加载模块:Public

[ 2016-06-30T14:01:19+08:00 ] ::1 /project/index.php/Public/Admin/img/icon_slewArrowLeft-1.png
INFO: [ app_init ] --START--
INFO: Run Behavior\BuildLiteBehavior [ RunTime:0.000010s ]
INFO: [ app_init ] --END-- [ RunTime:0.000301s ]
ERR: 无法加载模块:Public

[ 2016-06-30T14:01:19+08:00 ] ::1 /project/index.php/Public/Admin/img/icon_slewArrowRight-1.png
INFO: [ app_init ] --START--
INFO: Run Behavior\BuildLiteBehavior [ RunTime:0.000011s ]
INFO: [ app_init ] --END-- [ RunTime:0.000326s ]
ERR: 无法加载模块:Public

[ 2016-06-30T14:01:22+08:00 ] ::1 /project/index.php/Public/Admin/img/icon_slewArrowLeft-1.png
INFO: [ app_init ] --START--
INFO: Run Behavior\BuildLiteBehavior [ RunTime:0.000012s ]
INFO: [ app_init ] --END-- [ RunTime:0.000343s ]
ERR: 无法加载模块:Public

[ 2016-06-30T14:01:22+08:00 ] ::1 /project/index.php/Public/Admin/img/icon_slewArrowRight-1.png
INFO: [ app_init ] --START--
INFO: Run Behavior\BuildLiteBehavior [ RunTime:0.000011s ]
INFO: [ app_init ] --END-- [ RunTime:0.000346s ]
ERR: 无法加载模块:Public

[ 2016-06-30T14:01:22+08:00 ] ::1 /project/index.php/Public/Admin/img/icon_slewArrowLeft-1.png
INFO: [ app_init ] --START--
INFO: Run Behavior\BuildLiteBehavior [ RunTime:0.000012s ]
INFO: [ app_init ] --END-- [ RunTime:0.000374s ]
ERR: 无法加载模块:Public

[ 2016-06-30T14:01:22+08:00 ] ::1 /project/index.php/Public/Admin/img/icon_slewArrowRight-1.png
INFO: [ app_init ] --START--
INFO: Run Behavior\BuildLiteBehavior [ RunTime:0.000011s ]
INFO: [ app_init ] --END-- [ RunTime:0.000320s ]
ERR: 无法加载模块:Public

[ 2016-06-30T14:01:22+08:00 ] ::1 /project/index.php/Public/Admin/img/icon_slewArrowLeft-1.png
INFO: [ app_init ] --START--
INFO: Run Behavior\BuildLiteBehavior [ RunTime:0.000012s ]
INFO: [ app_init ] --END-- [ RunTime:0.000393s ]
ERR: 无法加载模块:Public

[ 2016-06-30T14:01:25+08:00 ] ::1 /project/index.php/Public/Admin/img/icon_slewArrowRight-1.png
INFO: [ app_init ] --START--
INFO: Run Behavior\BuildLiteBehavior [ RunTime:0.000010s ]
INFO: [ app_init ] --END-- [ RunTime:0.000302s ]
ERR: 无法加载模块:Public

[ 2016-06-30T14:01:25+08:00 ] ::1 /project/index.php/Public/Admin/img/icon_slewArrowLeft-1.png
INFO: [ app_init ] --START--
INFO: Run Behavior\BuildLiteBehavior [ RunTime:0.000012s ]
INFO: [ app_init ] --END-- [ RunTime:0.000466s ]
ERR: 无法加载模块:Public

[ 2016-06-30T14:01:27+08:00 ] ::1 /project/index.php/Public/Admin/img/icon_slewArrowRight-1.png
INFO: [ app_init ] --START--
INFO: Run Behavior\BuildLiteBehavior [ RunTime:0.000012s ]
INFO: [ app_init ] --END-- [ RunTime:0.000339s ]
ERR: 无法加载模块:Public

[ 2016-06-30T14:01:28+08:00 ] ::1 /project/index.php/Public/Admin/img/icon_slewArrowLeft-1.png
INFO: [ app_init ] --START--
INFO: Run Behavior\BuildLiteBehavior [ RunTime:0.000011s ]
INFO: [ app_init ] --END-- [ RunTime:0.000444s ]
ERR: 无法加载模块:Public

[ 2016-06-30T14:01:28+08:00 ] ::1 /project/index.php/Public/Admin/img/icon_slewArrowLeft-1.png
INFO: [ app_init ] --START--
INFO: Run Behavior\BuildLiteBehavior [ RunTime:0.000023s ]
INFO: [ app_init ] --END-- [ RunTime:0.000759s ]
ERR: 无法加载模块:Public

[ 2016-06-30T14:01:28+08:00 ] ::1 /project/index.php/Public/Admin/img/icon_slewArrowRight-1.png
INFO: [ app_init ] --START--
INFO: Run Behavior\BuildLiteBehavior [ RunTime:0.000026s ]
INFO: [ app_init ] --END-- [ RunTime:0.000794s ]
ERR: 无法加载模块:Public

[ 2016-06-30T14:01:31+08:00 ] ::1 /project/index.php/Public/Admin/img/icon_slewArrowRight-1.png
INFO: [ app_init ] --START--
INFO: Run Behavior\BuildLiteBehavior [ RunTime:0.000048s ]
INFO: [ app_init ] --END-- [ RunTime:0.000816s ]
ERR: 无法加载模块:Public

[ 2016-06-30T14:01:31+08:00 ] ::1 /project/index.php/Public/Admin/img/icon_slewArrowLeft-1.png
INFO: [ app_init ] --START--
INFO: Run Behavior\BuildLiteBehavior [ RunTime:0.000010s ]
INFO: [ app_init ] --END-- [ RunTime:0.000308s ]
ERR: 无法加载模块:Public

[ 2016-06-30T14:02:04+08:00 ] ::1 /project/index.php/Public/Admin/img/icon_slewArrowLeft-1.png
INFO: [ app_init ] --START--
INFO: Run Behavior\BuildLiteBehavior [ RunTime:0.000012s ]
INFO: [ app_init ] --END-- [ RunTime:0.000373s ]
ERR: 无法加载模块:Public

