[ 2016-07-26T13:20:07+08:00 ] 118.187.68.34 /Admin
INFO: [ app_init ] --START--
INFO: Run Behavior\BuildLiteBehavior [ RunTime:0.000018s ]
INFO: [ app_init ] --END-- [ RunTime:0.000141s ]
INFO: [ app_begin ] --START--
INFO: Run Behavior\ReadHtmlCacheBehavior [ RunTime:0.000063s ]
INFO: [ app_begin ] --END-- [ RunTime:0.000117s ]
INFO: [ view_parse ] --START--
INFO: [ template_filter ] --START--
INFO: Run Behavior\ContentReplaceBehavior [ RunTime:0.000052s ]
INFO: [ template_filter ] --END-- [ RunTime:0.000108s ]
INFO: Run Behavior\ParseTemplateBehavior [ RunTime:0.002083s ]
INFO: [ view_parse ] --END-- [ RunTime:0.002141s ]
INFO: [ view_filter ] --START--
INFO: Run Behavior\WriteHtmlCacheBehavior [ RunTime:0.000062s ]
INFO: [ view_filter ] --END-- [ RunTime:0.000109s ]
INFO: [ app_end ] --START--
INFO: Run Behavior\ShowPageTraceBehavior [ RunTime:0.000061s ]
INFO: [ app_end ] --END-- [ RunTime:0.000110s ]

[ 2016-07-26T13:20:07+08:00 ] 118.187.68.34 /Admin/Index/left.html
INFO: [ app_init ] --START--
INFO: Run Behavior\BuildLiteBehavior [ RunTime:0.000012s ]
INFO: [ app_init ] --END-- [ RunTime:0.000076s ]
INFO: [ app_begin ] --START--
INFO: Run Behavior\ReadHtmlCacheBehavior [ RunTime:0.000034s ]
INFO: [ app_begin ] --END-- [ RunTime:0.000070s ]
INFO: [ view_parse ] --START--
INFO: [ template_filter ] --START--
INFO: Run Behavior\ContentReplaceBehavior [ RunTime:0.000062s ]
INFO: [ template_filter ] --END-- [ RunTime:0.000098s ]
INFO: Run Behavior\ParseTemplateBehavior [ RunTime:0.002597s ]
INFO: [ view_parse ] --END-- [ RunTime:0.002632s ]
INFO: [ view_filter ] --START--
INFO: Run Behavior\WriteHtmlCacheBehavior [ RunTime:0.000033s ]
INFO: [ view_filter ] --END-- [ RunTime:0.000058s ]
INFO: [ app_end ] --START--
INFO: Run Behavior\ShowPageTraceBehavior [ RunTime:0.000032s ]
INFO: [ app_end ] --END-- [ RunTime:0.000059s ]

[ 2016-07-26T13:20:07+08:00 ] 118.187.68.34 /Admin/Index/right.html
INFO: [ app_init ] --START--
INFO: Run Behavior\BuildLiteBehavior [ RunTime:0.000016s ]
INFO: [ app_init ] --END-- [ RunTime:0.000107s ]
INFO: [ app_begin ] --START--
INFO: Run Behavior\ReadHtmlCacheBehavior [ RunTime:0.000050s ]
INFO: [ app_begin ] --END-- [ RunTime:0.000103s ]
SQL: SHOW COLUMNS FROM `industry` [ RunTime:0.0007s ]
SQL: SELECT * FROM `industry` WHERE `valid` = 1 ORDER BY at_time desc LIMIT 0,10   [ RunTime:0.0003s ]
SQL: SELECT COUNT(*) AS tp_count FROM `industry` WHERE `valid` = 1 LIMIT 1   [ RunTime:0.0002s ]
INFO: [ view_parse ] --START--
INFO: [ template_filter ] --START--
INFO: Run Behavior\ContentReplaceBehavior [ RunTime:0.000079s ]
INFO: [ template_filter ] --END-- [ RunTime:0.000114s ]
INFO: Run Behavior\ParseTemplateBehavior [ RunTime:0.003583s ]
INFO: [ view_parse ] --END-- [ RunTime:0.003625s ]
INFO: [ view_filter ] --START--
INFO: Run Behavior\WriteHtmlCacheBehavior [ RunTime:0.000041s ]
INFO: [ view_filter ] --END-- [ RunTime:0.000068s ]
INFO: [ app_end ] --START--
INFO: Run Behavior\ShowPageTraceBehavior [ RunTime:0.000031s ]
INFO: [ app_end ] --END-- [ RunTime:0.000058s ]

[ 2016-07-26T13:20:07+08:00 ] 180.153.201.79 /Admin
INFO: [ app_init ] --START--
INFO: Run Behavior\BuildLiteBehavior [ RunTime:0.000012s ]
INFO: [ app_init ] --END-- [ RunTime:0.000082s ]
INFO: [ app_begin ] --START--
INFO: Run Behavior\ReadHtmlCacheBehavior [ RunTime:0.000033s ]
INFO: [ app_begin ] --END-- [ RunTime:0.000067s ]
INFO: [ view_parse ] --START--
INFO: [ template_filter ] --START--
INFO: Run Behavior\ContentReplaceBehavior [ RunTime:0.000032s ]
INFO: [ template_filter ] --END-- [ RunTime:0.000079s ]
INFO: Run Behavior\ParseTemplateBehavior [ RunTime:0.001251s ]
INFO: [ view_parse ] --END-- [ RunTime:0.001288s ]
INFO: [ view_filter ] --START--
INFO: Run Behavior\WriteHtmlCacheBehavior [ RunTime:0.000037s ]
INFO: [ view_filter ] --END-- [ RunTime:0.000064s ]
INFO: [ app_end ] --START--
INFO: Run Behavior\ShowPageTraceBehavior [ RunTime:0.000030s ]
INFO: [ app_end ] --END-- [ RunTime:0.000060s ]

[ 2016-07-26T13:20:07+08:00 ] 101.226.66.175 /Admin
INFO: [ app_init ] --START--
INFO: Run Behavior\BuildLiteBehavior [ RunTime:0.000010s ]
INFO: [ app_init ] --END-- [ RunTime:0.000060s ]
INFO: [ app_begin ] --START--
INFO: Run Behavior\ReadHtmlCacheBehavior [ RunTime:0.000042s ]
INFO: [ app_begin ] --END-- [ RunTime:0.000081s ]
INFO: [ view_parse ] --START--
INFO: [ template_filter ] --START--
INFO: Run Behavior\ContentReplaceBehavior [ RunTime:0.000028s ]
INFO: [ template_filter ] --END-- [ RunTime:0.000061s ]
INFO: Run Behavior\ParseTemplateBehavior [ RunTime:0.001140s ]
INFO: [ view_parse ] --END-- [ RunTime:0.001174s ]
INFO: [ view_filter ] --START--
INFO: Run Behavior\WriteHtmlCacheBehavior [ RunTime:0.000030s ]
INFO: [ view_filter ] --END-- [ RunTime:0.000056s ]
INFO: [ app_end ] --START--
INFO: Run Behavior\ShowPageTraceBehavior [ RunTime:0.000028s ]
INFO: [ app_end ] --END-- [ RunTime:0.000056s ]

[ 2016-07-26T13:20:07+08:00 ] 180.153.201.79 /Admin/Index/left.html
INFO: [ app_init ] --START--
INFO: Run Behavior\BuildLiteBehavior [ RunTime:0.000014s ]
INFO: [ app_init ] --END-- [ RunTime:0.000089s ]
INFO: [ app_begin ] --START--
INFO: Run Behavior\ReadHtmlCacheBehavior [ RunTime:0.000033s ]
INFO: [ app_begin ] --END-- [ RunTime:0.000066s ]
INFO: [ view_parse ] --START--
INFO: [ template_filter ] --START--
INFO: Run Behavior\ContentReplaceBehavior [ RunTime:0.000062s ]
INFO: [ template_filter ] --END-- [ RunTime:0.000097s ]
INFO: Run Behavior\ParseTemplateBehavior [ RunTime:0.002324s ]
INFO: [ view_parse ] --END-- [ RunTime:0.002359s ]
INFO: [ view_filter ] --START--
INFO: Run Behavior\WriteHtmlCacheBehavior [ RunTime:0.000033s ]
INFO: [ view_filter ] --END-- [ RunTime:0.000058s ]
INFO: [ app_end ] --START--
INFO: Run Behavior\ShowPageTraceBehavior [ RunTime:0.000029s ]
INFO: [ app_end ] --END-- [ RunTime:0.000056s ]

[ 2016-07-26T13:20:07+08:00 ] 180.153.201.79 /Admin/Index/right.html
INFO: [ app_init ] --START--
INFO: Run Behavior\BuildLiteBehavior [ RunTime:0.000012s ]
INFO: [ app_init ] --END-- [ RunTime:0.000098s ]
INFO: [ app_begin ] --START--
INFO: Run Behavior\ReadHtmlCacheBehavior [ RunTime:0.000036s ]
INFO: [ app_begin ] --END-- [ RunTime:0.000073s ]
SQL: SHOW COLUMNS FROM `industry` [ RunTime:0.0007s ]
SQL: SELECT * FROM `industry` WHERE `valid` = 1 ORDER BY at_time desc LIMIT 0,10   [ RunTime:0.0003s ]
SQL: SELECT COUNT(*) AS tp_count FROM `industry` WHERE `valid` = 1 LIMIT 1   [ RunTime:0.0002s ]
INFO: [ view_parse ] --START--
INFO: [ template_filter ] --START--
INFO: Run Behavior\ContentReplaceBehavior [ RunTime:0.000076s ]
INFO: [ template_filter ] --END-- [ RunTime:0.000122s ]
INFO: Run Behavior\ParseTemplateBehavior [ RunTime:0.003368s ]
INFO: [ view_parse ] --END-- [ RunTime:0.003403s ]
INFO: [ view_filter ] --START--
INFO: Run Behavior\WriteHtmlCacheBehavior [ RunTime:0.000038s ]
INFO: [ view_filter ] --END-- [ RunTime:0.000064s ]
INFO: [ app_end ] --START--
INFO: Run Behavior\ShowPageTraceBehavior [ RunTime:0.000035s ]
INFO: [ app_end ] --END-- [ RunTime:0.000061s ]

[ 2016-07-26T13:20:09+08:00 ] 118.187.68.34 /Admin/Judge/index.html
INFO: [ app_init ] --START--
INFO: Run Behavior\BuildLiteBehavior [ RunTime:0.000013s ]
INFO: [ app_init ] --END-- [ RunTime:0.000101s ]
INFO: [ app_begin ] --START--
INFO: Run Behavior\ReadHtmlCacheBehavior [ RunTime:0.000034s ]
INFO: [ app_begin ] --END-- [ RunTime:0.000067s ]
SQL: SHOW COLUMNS FROM `judge_questions` [ RunTime:0.0007s ]
SQL: SELECT * FROM `judge_questions` ORDER BY orders asc LIMIT 0,10   [ RunTime:0.0002s ]
SQL: SELECT COUNT(*) AS tp_count FROM `judge_questions` LIMIT 1   [ RunTime:0.0001s ]
INFO: [ view_parse ] --START--
INFO: [ template_filter ] --START--
INFO: Run Behavior\ContentReplaceBehavior [ RunTime:0.000091s ]
INFO: [ template_filter ] --END-- [ RunTime:0.000137s ]
INFO: Run Behavior\ParseTemplateBehavior [ RunTime:0.003196s ]
INFO: [ view_parse ] --END-- [ RunTime:0.003231s ]
INFO: [ view_filter ] --START--
INFO: Run Behavior\WriteHtmlCacheBehavior [ RunTime:0.000034s ]
INFO: [ view_filter ] --END-- [ RunTime:0.000061s ]
INFO: [ app_end ] --START--
INFO: Run Behavior\ShowPageTraceBehavior [ RunTime:0.000030s ]
INFO: [ app_end ] --END-- [ RunTime:0.000057s ]

[ 2016-07-26T13:20:12+08:00 ] 118.187.68.34 /Admin/Advertising/index.html
INFO: [ app_init ] --START--
INFO: Run Behavior\BuildLiteBehavior [ RunTime:0.000013s ]
INFO: [ app_init ] --END-- [ RunTime:0.000100s ]
INFO: [ app_begin ] --START--
INFO: Run Behavior\ReadHtmlCacheBehavior [ RunTime:0.000043s ]
INFO: [ app_begin ] --END-- [ RunTime:0.000075s ]
SQL: SHOW COLUMNS FROM `advertisement` [ RunTime:0.0006s ]
SQL: SELECT * FROM `advertisement` ORDER BY orders asc LIMIT 0,10   [ RunTime:0.0002s ]
SQL: SELECT COUNT(*) AS tp_count FROM `advertisement` LIMIT 1   [ RunTime:0.0002s ]
INFO: [ view_parse ] --START--
INFO: [ template_filter ] --START--
INFO: Run Behavior\ContentReplaceBehavior [ RunTime:0.000080s ]
INFO: [ template_filter ] --END-- [ RunTime:0.000117s ]
INFO: Run Behavior\ParseTemplateBehavior [ RunTime:0.004412s ]
INFO: [ view_parse ] --END-- [ RunTime:0.004446s ]
INFO: [ view_filter ] --START--
INFO: Run Behavior\WriteHtmlCacheBehavior [ RunTime:0.000040s ]
INFO: [ view_filter ] --END-- [ RunTime:0.000068s ]
INFO: [ app_end ] --START--
INFO: Run Behavior\ShowPageTraceBehavior [ RunTime:0.000037s ]
INFO: [ app_end ] --END-- [ RunTime:0.000064s ]

[ 2016-07-26T13:20:13+08:00 ] 118.187.68.34 /Admin/Code/index.html
INFO: [ app_init ] --START--
INFO: Run Behavior\BuildLiteBehavior [ RunTime:0.000013s ]
INFO: [ app_init ] --END-- [ RunTime:0.000084s ]
INFO: [ app_begin ] --START--
INFO: Run Behavior\ReadHtmlCacheBehavior [ RunTime:0.000042s ]
INFO: [ app_begin ] --END-- [ RunTime:0.000102s ]
SQL: SHOW COLUMNS FROM `codes` [ RunTime:0.0006s ]
SQL: SELECT * FROM `codes` ORDER BY at_time asc LIMIT 0,10   [ RunTime:0.0002s ]
SQL: SELECT COUNT(*) AS tp_count FROM `codes` LIMIT 1   [ RunTime:0.0001s ]
INFO: [ view_parse ] --START--
INFO: [ template_filter ] --START--
INFO: Run Behavior\ContentReplaceBehavior [ RunTime:0.000064s ]
INFO: [ template_filter ] --END-- [ RunTime:0.000100s ]
INFO: Run Behavior\ParseTemplateBehavior [ RunTime:0.003060s ]
INFO: [ view_parse ] --END-- [ RunTime:0.003103s ]
INFO: [ view_filter ] --START--
INFO: Run Behavior\WriteHtmlCacheBehavior [ RunTime:0.000033s ]
INFO: [ view_filter ] --END-- [ RunTime:0.000058s ]
INFO: [ app_end ] --START--
INFO: Run Behavior\ShowPageTraceBehavior [ RunTime:0.000029s ]
INFO: [ app_end ] --END-- [ RunTime:0.000056s ]

[ 2016-07-26T13:20:15+08:00 ] 118.187.68.34 /Admin/Advertising/index.html
INFO: [ app_init ] --START--
INFO: Run Behavior\BuildLiteBehavior [ RunTime:0.000013s ]
INFO: [ app_init ] --END-- [ RunTime:0.000095s ]
INFO: [ app_begin ] --START--
INFO: Run Behavior\ReadHtmlCacheBehavior [ RunTime:0.000042s ]
INFO: [ app_begin ] --END-- [ RunTime:0.000074s ]
SQL: SHOW COLUMNS FROM `advertisement` [ RunTime:0.0006s ]
SQL: SELECT * FROM `advertisement` ORDER BY orders asc LIMIT 0,10   [ RunTime:0.0002s ]
SQL: SELECT COUNT(*) AS tp_count FROM `advertisement` LIMIT 1   [ RunTime:0.0002s ]
INFO: [ view_parse ] --START--
INFO: [ template_filter ] --START--
INFO: Run Behavior\ContentReplaceBehavior [ RunTime:0.000088s ]
INFO: [ template_filter ] --END-- [ RunTime:0.000123s ]
INFO: Run Behavior\ParseTemplateBehavior [ RunTime:0.003650s ]
INFO: [ view_parse ] --END-- [ RunTime:0.003685s ]
INFO: [ view_filter ] --START--
INFO: Run Behavior\WriteHtmlCacheBehavior [ RunTime:0.000048s ]
INFO: [ view_filter ] --END-- [ RunTime:0.000076s ]
INFO: [ app_end ] --START--
INFO: Run Behavior\ShowPageTraceBehavior [ RunTime:0.000037s ]
INFO: [ app_end ] --END-- [ RunTime:0.000065s ]

[ 2016-07-26T13:20:18+08:00 ] 118.187.68.34 /Admin/Code/index.html
INFO: [ app_init ] --START--
INFO: Run Behavior\BuildLiteBehavior [ RunTime:0.000014s ]
INFO: [ app_init ] --END-- [ RunTime:0.000095s ]
INFO: [ app_begin ] --START--
INFO: Run Behavior\ReadHtmlCacheBehavior [ RunTime:0.000057s ]
INFO: [ app_begin ] --END-- [ RunTime:0.000099s ]
SQL: SHOW COLUMNS FROM `codes` [ RunTime:0.0006s ]
SQL: SELECT * FROM `codes` ORDER BY at_time asc LIMIT 0,10   [ RunTime:0.0002s ]
SQL: SELECT COUNT(*) AS tp_count FROM `codes` LIMIT 1   [ RunTime:0.0001s ]
INFO: [ view_parse ] --START--
INFO: [ template_filter ] --START--
INFO: Run Behavior\ContentReplaceBehavior [ RunTime:0.000060s ]
INFO: [ template_filter ] --END-- [ RunTime:0.000094s ]
INFO: Run Behavior\ParseTemplateBehavior [ RunTime:0.002845s ]
INFO: [ view_parse ] --END-- [ RunTime:0.002879s ]
INFO: [ view_filter ] --START--
INFO: Run Behavior\WriteHtmlCacheBehavior [ RunTime:0.000050s ]
INFO: [ view_filter ] --END-- [ RunTime:0.000077s ]
INFO: [ app_end ] --START--
INFO: Run Behavior\ShowPageTraceBehavior [ RunTime:0.000037s ]
INFO: [ app_end ] --END-- [ RunTime:0.000064s ]

[ 2016-07-26T13:20:20+08:00 ] 118.187.68.34 /Admin/Student/index.html
INFO: [ app_init ] --START--
INFO: Run Behavior\BuildLiteBehavior [ RunTime:0.000013s ]
INFO: [ app_init ] --END-- [ RunTime:0.000085s ]
INFO: [ app_begin ] --START--
INFO: Run Behavior\ReadHtmlCacheBehavior [ RunTime:0.000034s ]
INFO: [ app_begin ] --END-- [ RunTime:0.000071s ]
SQL: SHOW COLUMNS FROM `users` [ RunTime:0.0009s ]
SQL: SELECT * FROM `users` ORDER BY at_time desc LIMIT 0,10   [ RunTime:0.0004s ]
SQL: SELECT COUNT(*) AS tp_count FROM `users` LIMIT 1   [ RunTime:0.0001s ]
INFO: [ view_parse ] --START--
INFO: [ template_filter ] --START--
INFO: Run Behavior\ContentReplaceBehavior [ RunTime:0.000068s ]
INFO: [ template_filter ] --END-- [ RunTime:0.000104s ]
NOTIC: [8] Undefined index: phone /alidata/www/project/Application/Runtime/Cache/Admin/8ac9139f0dd4d42903280ce12eaaca3b.php 第 46 行.
NOTIC: [8] Undefined index: internship_time /alidata/www/project/Application/Runtime/Cache/Admin/8ac9139f0dd4d42903280ce12eaaca3b.php 第 50 行.
NOTIC: [8] Undefined index: phone /alidata/www/project/Application/Runtime/Cache/Admin/8ac9139f0dd4d42903280ce12eaaca3b.php 第 46 行.
NOTIC: [8] Undefined index: internship_time /alidata/www/project/Application/Runtime/Cache/Admin/8ac9139f0dd4d42903280ce12eaaca3b.php 第 50 行.
NOTIC: [8] Undefined index: phone /alidata/www/project/Application/Runtime/Cache/Admin/8ac9139f0dd4d42903280ce12eaaca3b.php 第 46 行.
NOTIC: [8] Undefined index: internship_time /alidata/www/project/Application/Runtime/Cache/Admin/8ac9139f0dd4d42903280ce12eaaca3b.php 第 50 行.
NOTIC: [8] Undefined index: phone /alidata/www/project/Application/Runtime/Cache/Admin/8ac9139f0dd4d42903280ce12eaaca3b.php 第 46 行.
NOTIC: [8] Undefined index: internship_time /alidata/www/project/Application/Runtime/Cache/Admin/8ac9139f0dd4d42903280ce12eaaca3b.php 第 50 行.
NOTIC: [8] Undefined index: phone /alidata/www/project/Application/Runtime/Cache/Admin/8ac9139f0dd4d42903280ce12eaaca3b.php 第 46 行.
NOTIC: [8] Undefined index: internship_time /alidata/www/project/Application/Runtime/Cache/Admin/8ac9139f0dd4d42903280ce12eaaca3b.php 第 50 行.
NOTIC: [8] Undefined index: phone /alidata/www/project/Application/Runtime/Cache/Admin/8ac9139f0dd4d42903280ce12eaaca3b.php 第 46 行.
NOTIC: [8] Undefined index: internship_time /alidata/www/project/Application/Runtime/Cache/Admin/8ac9139f0dd4d42903280ce12eaaca3b.php 第 50 行.
NOTIC: [8] Undefined index: phone /alidata/www/project/Application/Runtime/Cache/Admin/8ac9139f0dd4d42903280ce12eaaca3b.php 第 46 行.
NOTIC: [8] Undefined index: internship_time /alidata/www/project/Application/Runtime/Cache/Admin/8ac9139f0dd4d42903280ce12eaaca3b.php 第 50 行.
NOTIC: [8] Undefined index: phone /alidata/www/project/Application/Runtime/Cache/Admin/8ac9139f0dd4d42903280ce12eaaca3b.php 第 46 行.
NOTIC: [8] Undefined index: internship_time /alidata/www/project/Application/Runtime/Cache/Admin/8ac9139f0dd4d42903280ce12eaaca3b.php 第 50 行.
NOTIC: [8] Undefined index: phone /alidata/www/project/Application/Runtime/Cache/Admin/8ac9139f0dd4d42903280ce12eaaca3b.php 第 46 行.
NOTIC: [8] Undefined index: internship_time /alidata/www/project/Application/Runtime/Cache/Admin/8ac9139f0dd4d42903280ce12eaaca3b.php 第 50 行.
NOTIC: [8] Undefined index: phone /alidata/www/project/Application/Runtime/Cache/Admin/8ac9139f0dd4d42903280ce12eaaca3b.php 第 46 行.
NOTIC: [8] Undefined index: internship_time /alidata/www/project/Application/Runtime/Cache/Admin/8ac9139f0dd4d42903280ce12eaaca3b.php 第 50 行.
INFO: Run Behavior\ParseTemplateBehavior [ RunTime:0.003705s ]
INFO: [ view_parse ] --END-- [ RunTime:0.003740s ]
INFO: [ view_filter ] --START--
INFO: Run Behavior\WriteHtmlCacheBehavior [ RunTime:0.000035s ]
INFO: [ view_filter ] --END-- [ RunTime:0.000060s ]
INFO: [ app_end ] --START--
INFO: Run Behavior\ShowPageTraceBehavior [ RunTime:0.000030s ]
INFO: [ app_end ] --END-- [ RunTime:0.000057s ]

[ 2016-07-26T13:20:23+08:00 ] 118.187.68.34 /Admin/Student/index/p/3.html
INFO: [ app_init ] --START--
INFO: Run Behavior\BuildLiteBehavior [ RunTime:0.000014s ]
INFO: [ app_init ] --END-- [ RunTime:0.000103s ]
INFO: [ app_begin ] --START--
INFO: Run Behavior\ReadHtmlCacheBehavior [ RunTime:0.000051s ]
INFO: [ app_begin ] --END-- [ RunTime:0.000087s ]
SQL: SHOW COLUMNS FROM `users` [ RunTime:0.0008s ]
SQL: SELECT * FROM `users` ORDER BY at_time desc LIMIT 20,10   [ RunTime:0.0003s ]
SQL: SELECT COUNT(*) AS tp_count FROM `users` LIMIT 1   [ RunTime:0.0001s ]
INFO: [ view_parse ] --START--
INFO: [ template_filter ] --START--
INFO: Run Behavior\ContentReplaceBehavior [ RunTime:0.000059s ]
INFO: [ template_filter ] --END-- [ RunTime:0.000093s ]
NOTIC: [8] Undefined index: phone /alidata/www/project/Application/Runtime/Cache/Admin/8ac9139f0dd4d42903280ce12eaaca3b.php 第 46 行.
NOTIC: [8] Undefined index: internship_time /alidata/www/project/Application/Runtime/Cache/Admin/8ac9139f0dd4d42903280ce12eaaca3b.php 第 50 行.
NOTIC: [8] Undefined index: phone /alidata/www/project/Application/Runtime/Cache/Admin/8ac9139f0dd4d42903280ce12eaaca3b.php 第 46 行.
NOTIC: [8] Undefined index: internship_time /alidata/www/project/Application/Runtime/Cache/Admin/8ac9139f0dd4d42903280ce12eaaca3b.php 第 50 行.
NOTIC: [8] Undefined index: phone /alidata/www/project/Application/Runtime/Cache/Admin/8ac9139f0dd4d42903280ce12eaaca3b.php 第 46 行.
NOTIC: [8] Undefined index: internship_time /alidata/www/project/Application/Runtime/Cache/Admin/8ac9139f0dd4d42903280ce12eaaca3b.php 第 50 行.
NOTIC: [8] Undefined index: phone /alidata/www/project/Application/Runtime/Cache/Admin/8ac9139f0dd4d42903280ce12eaaca3b.php 第 46 行.
NOTIC: [8] Undefined index: internship_time /alidata/www/project/Application/Runtime/Cache/Admin/8ac9139f0dd4d42903280ce12eaaca3b.php 第 50 行.
NOTIC: [8] Undefined index: phone /alidata/www/project/Application/Runtime/Cache/Admin/8ac9139f0dd4d42903280ce12eaaca3b.php 第 46 行.
NOTIC: [8] Undefined index: internship_time /alidata/www/project/Application/Runtime/Cache/Admin/8ac9139f0dd4d42903280ce12eaaca3b.php 第 50 行.
NOTIC: [8] Undefined index: phone /alidata/www/project/Application/Runtime/Cache/Admin/8ac9139f0dd4d42903280ce12eaaca3b.php 第 46 行.
NOTIC: [8] Undefined index: internship_time /alidata/www/project/Application/Runtime/Cache/Admin/8ac9139f0dd4d42903280ce12eaaca3b.php 第 50 行.
NOTIC: [8] Undefined index: phone /alidata/www/project/Application/Runtime/Cache/Admin/8ac9139f0dd4d42903280ce12eaaca3b.php 第 46 行.
NOTIC: [8] Undefined index: internship_time /alidata/www/project/Application/Runtime/Cache/Admin/8ac9139f0dd4d42903280ce12eaaca3b.php 第 50 行.
INFO: Run Behavior\ParseTemplateBehavior [ RunTime:0.003525s ]
INFO: [ view_parse ] --END-- [ RunTime:0.003558s ]
INFO: [ view_filter ] --START--
INFO: Run Behavior\WriteHtmlCacheBehavior [ RunTime:0.000049s ]
INFO: [ view_filter ] --END-- [ RunTime:0.000075s ]
INFO: [ app_end ] --START--
INFO: Run Behavior\ShowPageTraceBehavior [ RunTime:0.000039s ]
INFO: [ app_end ] --END-- [ RunTime:0.000067s ]

[ 2016-07-26T13:20:27+08:00 ] 118.187.68.34 /Admin/Student/index/p/2.html
INFO: [ app_init ] --START--
INFO: Run Behavior\BuildLiteBehavior [ RunTime:0.000012s ]
INFO: [ app_init ] --END-- [ RunTime:0.000100s ]
INFO: [ app_begin ] --START--
INFO: Run Behavior\ReadHtmlCacheBehavior [ RunTime:0.000040s ]
INFO: [ app_begin ] --END-- [ RunTime:0.000072s ]
SQL: SHOW COLUMNS FROM `users` [ RunTime:0.0009s ]
SQL: SELECT * FROM `users` ORDER BY at_time desc LIMIT 10,10   [ RunTime:0.0004s ]
SQL: SELECT COUNT(*) AS tp_count FROM `users` LIMIT 1   [ RunTime:0.0001s ]
INFO: [ view_parse ] --START--
INFO: [ template_filter ] --START--
INFO: Run Behavior\ContentReplaceBehavior [ RunTime:0.000067s ]
INFO: [ template_filter ] --END-- [ RunTime:0.000102s ]
NOTIC: [8] Undefined index: phone /alidata/www/project/Application/Runtime/Cache/Admin/8ac9139f0dd4d42903280ce12eaaca3b.php 第 46 行.
NOTIC: [8] Undefined index: internship_time /alidata/www/project/Application/Runtime/Cache/Admin/8ac9139f0dd4d42903280ce12eaaca3b.php 第 50 行.
NOTIC: [8] Undefined index: phone /alidata/www/project/Application/Runtime/Cache/Admin/8ac9139f0dd4d42903280ce12eaaca3b.php 第 46 行.
NOTIC: [8] Undefined index: internship_time /alidata/www/project/Application/Runtime/Cache/Admin/8ac9139f0dd4d42903280ce12eaaca3b.php 第 50 行.
NOTIC: [8] Undefined index: phone /alidata/www/project/Application/Runtime/Cache/Admin/8ac9139f0dd4d42903280ce12eaaca3b.php 第 46 行.
NOTIC: [8] Undefined index: internship_time /alidata/www/project/Application/Runtime/Cache/Admin/8ac9139f0dd4d42903280ce12eaaca3b.php 第 50 行.
NOTIC: [8] Undefined index: phone /alidata/www/project/Application/Runtime/Cache/Admin/8ac9139f0dd4d42903280ce12eaaca3b.php 第 46 行.
NOTIC: [8] Undefined index: internship_time /alidata/www/project/Application/Runtime/Cache/Admin/8ac9139f0dd4d42903280ce12eaaca3b.php 第 50 行.
NOTIC: [8] Undefined index: phone /alidata/www/project/Application/Runtime/Cache/Admin/8ac9139f0dd4d42903280ce12eaaca3b.php 第 46 行.
NOTIC: [8] Undefined index: internship_time /alidata/www/project/Application/Runtime/Cache/Admin/8ac9139f0dd4d42903280ce12eaaca3b.php 第 50 行.
NOTIC: [8] Undefined index: phone /alidata/www/project/Application/Runtime/Cache/Admin/8ac9139f0dd4d42903280ce12eaaca3b.php 第 46 行.
NOTIC: [8] Undefined index: internship_time /alidata/www/project/Application/Runtime/Cache/Admin/8ac9139f0dd4d42903280ce12eaaca3b.php 第 50 行.
NOTIC: [8] Undefined index: phone /alidata/www/project/Application/Runtime/Cache/Admin/8ac9139f0dd4d42903280ce12eaaca3b.php 第 46 行.
NOTIC: [8] Undefined index: internship_time /alidata/www/project/Application/Runtime/Cache/Admin/8ac9139f0dd4d42903280ce12eaaca3b.php 第 50 行.
NOTIC: [8] Undefined index: phone /alidata/www/project/Application/Runtime/Cache/Admin/8ac9139f0dd4d42903280ce12eaaca3b.php 第 46 行.
NOTIC: [8] Undefined index: internship_time /alidata/www/project/Application/Runtime/Cache/Admin/8ac9139f0dd4d42903280ce12eaaca3b.php 第 50 行.
NOTIC: [8] Undefined index: phone /alidata/www/project/Application/Runtime/Cache/Admin/8ac9139f0dd4d42903280ce12eaaca3b.php 第 46 行.
NOTIC: [8] Undefined index: internship_time /alidata/www/project/Application/Runtime/Cache/Admin/8ac9139f0dd4d42903280ce12eaaca3b.php 第 50 行.
NOTIC: [8] Undefined index: phone /alidata/www/project/Application/Runtime/Cache/Admin/8ac9139f0dd4d42903280ce12eaaca3b.php 第 46 行.
NOTIC: [8] Undefined index: internship_time /alidata/www/project/Application/Runtime/Cache/Admin/8ac9139f0dd4d42903280ce12eaaca3b.php 第 50 行.
INFO: Run Behavior\ParseTemplateBehavior [ RunTime:0.003616s ]
INFO: [ view_parse ] --END-- [ RunTime:0.003647s ]
INFO: [ view_filter ] --START--
INFO: Run Behavior\WriteHtmlCacheBehavior [ RunTime:0.000040s ]
INFO: [ view_filter ] --END-- [ RunTime:0.000069s ]
INFO: [ app_end ] --START--
INFO: Run Behavior\ShowPageTraceBehavior [ RunTime:0.000039s ]
INFO: [ app_end ] --END-- [ RunTime:0.000068s ]

[ 2016-07-26T13:20:40+08:00 ] 118.187.68.34 /Admin/Student/index/p/1.html
INFO: [ app_init ] --START--
INFO: Run Behavior\BuildLiteBehavior [ RunTime:0.000016s ]
INFO: [ app_init ] --END-- [ RunTime:0.000097s ]
INFO: [ app_begin ] --START--
INFO: Run Behavior\ReadHtmlCacheBehavior [ RunTime:0.000042s ]
INFO: [ app_begin ] --END-- [ RunTime:0.000073s ]
SQL: SHOW COLUMNS FROM `users` [ RunTime:0.0008s ]
SQL: SELECT * FROM `users` ORDER BY at_time desc LIMIT 0,10   [ RunTime:0.0003s ]
SQL: SELECT COUNT(*) AS tp_count FROM `users` LIMIT 1   [ RunTime:0.0001s ]
INFO: [ view_parse ] --START--
INFO: [ template_filter ] --START--
INFO: Run Behavior\ContentReplaceBehavior [ RunTime:0.000061s ]
INFO: [ template_filter ] --END-- [ RunTime:0.000097s ]
NOTIC: [8] Undefined index: phone /alidata/www/project/Application/Runtime/Cache/Admin/8ac9139f0dd4d42903280ce12eaaca3b.php 第 46 行.
NOTIC: [8] Undefined index: internship_time /alidata/www/project/Application/Runtime/Cache/Admin/8ac9139f0dd4d42903280ce12eaaca3b.php 第 50 行.
NOTIC: [8] Undefined index: phone /alidata/www/project/Application/Runtime/Cache/Admin/8ac9139f0dd4d42903280ce12eaaca3b.php 第 46 行.
NOTIC: [8] Undefined index: internship_time /alidata/www/project/Application/Runtime/Cache/Admin/8ac9139f0dd4d42903280ce12eaaca3b.php 第 50 行.
NOTIC: [8] Undefined index: phone /alidata/www/project/Application/Runtime/Cache/Admin/8ac9139f0dd4d42903280ce12eaaca3b.php 第 46 行.
NOTIC: [8] Undefined index: internship_time /alidata/www/project/Application/Runtime/Cache/Admin/8ac9139f0dd4d42903280ce12eaaca3b.php 第 50 行.
NOTIC: [8] Undefined index: phone /alidata/www/project/Application/Runtime/Cache/Admin/8ac9139f0dd4d42903280ce12eaaca3b.php 第 46 行.
NOTIC: [8] Undefined index: internship_time /alidata/www/project/Application/Runtime/Cache/Admin/8ac9139f0dd4d42903280ce12eaaca3b.php 第 50 行.
NOTIC: [8] Undefined index: phone /alidata/www/project/Application/Runtime/Cache/Admin/8ac9139f0dd4d42903280ce12eaaca3b.php 第 46 行.
NOTIC: [8] Undefined index: internship_time /alidata/www/project/Application/Runtime/Cache/Admin/8ac9139f0dd4d42903280ce12eaaca3b.php 第 50 行.
NOTIC: [8] Undefined index: phone /alidata/www/project/Application/Runtime/Cache/Admin/8ac9139f0dd4d42903280ce12eaaca3b.php 第 46 行.
NOTIC: [8] Undefined index: internship_time /alidata/www/project/Application/Runtime/Cache/Admin/8ac9139f0dd4d42903280ce12eaaca3b.php 第 50 行.
NOTIC: [8] Undefined index: phone /alidata/www/project/Application/Runtime/Cache/Admin/8ac9139f0dd4d42903280ce12eaaca3b.php 第 46 行.
NOTIC: [8] Undefined index: internship_time /alidata/www/project/Application/Runtime/Cache/Admin/8ac9139f0dd4d42903280ce12eaaca3b.php 第 50 行.
NOTIC: [8] Undefined index: phone /alidata/www/project/Application/Runtime/Cache/Admin/8ac9139f0dd4d42903280ce12eaaca3b.php 第 46 行.
NOTIC: [8] Undefined index: internship_time /alidata/www/project/Application/Runtime/Cache/Admin/8ac9139f0dd4d42903280ce12eaaca3b.php 第 50 行.
NOTIC: [8] Undefined index: phone /alidata/www/project/Application/Runtime/Cache/Admin/8ac9139f0dd4d42903280ce12eaaca3b.php 第 46 行.
NOTIC: [8] Undefined index: internship_time /alidata/www/project/Application/Runtime/Cache/Admin/8ac9139f0dd4d42903280ce12eaaca3b.php 第 50 行.
NOTIC: [8] Undefined index: phone /alidata/www/project/Application/Runtime/Cache/Admin/8ac9139f0dd4d42903280ce12eaaca3b.php 第 46 行.
NOTIC: [8] Undefined index: internship_time /alidata/www/project/Application/Runtime/Cache/Admin/8ac9139f0dd4d42903280ce12eaaca3b.php 第 50 行.
INFO: Run Behavior\ParseTemplateBehavior [ RunTime:0.003711s ]
INFO: [ view_parse ] --END-- [ RunTime:0.003744s ]
INFO: [ view_filter ] --START--
INFO: Run Behavior\WriteHtmlCacheBehavior [ RunTime:0.000044s ]
INFO: [ view_filter ] --END-- [ RunTime:0.000071s ]
INFO: [ app_end ] --START--
INFO: Run Behavior\ShowPageTraceBehavior [ RunTime:0.000054s ]
INFO: [ app_end ] --END-- [ RunTime:0.000082s ]

[ 2016-07-26T13:20:43+08:00 ] 118.187.68.34 /Admin/Student/index/p/3.html
INFO: [ app_init ] --START--
INFO: Run Behavior\BuildLiteBehavior [ RunTime:0.000012s ]
INFO: [ app_init ] --END-- [ RunTime:0.000092s ]
INFO: [ app_begin ] --START--
INFO: Run Behavior\ReadHtmlCacheBehavior [ RunTime:0.000041s ]
INFO: [ app_begin ] --END-- [ RunTime:0.000074s ]
SQL: SHOW COLUMNS FROM `users` [ RunTime:0.0008s ]
SQL: SELECT * FROM `users` ORDER BY at_time desc LIMIT 20,10   [ RunTime:0.0004s ]
SQL: SELECT COUNT(*) AS tp_count FROM `users` LIMIT 1   [ RunTime:0.0001s ]
INFO: [ view_parse ] --START--
INFO: [ template_filter ] --START--
INFO: Run Behavior\ContentReplaceBehavior [ RunTime:0.000059s ]
INFO: [ template_filter ] --END-- [ RunTime:0.000093s ]
NOTIC: [8] Undefined index: phone /alidata/www/project/Application/Runtime/Cache/Admin/8ac9139f0dd4d42903280ce12eaaca3b.php 第 46 行.
NOTIC: [8] Undefined index: internship_time /alidata/www/project/Application/Runtime/Cache/Admin/8ac9139f0dd4d42903280ce12eaaca3b.php 第 50 行.
NOTIC: [8] Undefined index: phone /alidata/www/project/Application/Runtime/Cache/Admin/8ac9139f0dd4d42903280ce12eaaca3b.php 第 46 行.
NOTIC: [8] Undefined index: internship_time /alidata/www/project/Application/Runtime/Cache/Admin/8ac9139f0dd4d42903280ce12eaaca3b.php 第 50 行.
NOTIC: [8] Undefined index: phone /alidata/www/project/Application/Runtime/Cache/Admin/8ac9139f0dd4d42903280ce12eaaca3b.php 第 46 行.
NOTIC: [8] Undefined index: internship_time /alidata/www/project/Application/Runtime/Cache/Admin/8ac9139f0dd4d42903280ce12eaaca3b.php 第 50 行.
NOTIC: [8] Undefined index: phone /alidata/www/project/Application/Runtime/Cache/Admin/8ac9139f0dd4d42903280ce12eaaca3b.php 第 46 行.
NOTIC: [8] Undefined index: internship_time /alidata/www/project/Application/Runtime/Cache/Admin/8ac9139f0dd4d42903280ce12eaaca3b.php 第 50 行.
NOTIC: [8] Undefined index: phone /alidata/www/project/Application/Runtime/Cache/Admin/8ac9139f0dd4d42903280ce12eaaca3b.php 第 46 行.
NOTIC: [8] Undefined index: internship_time /alidata/www/project/Application/Runtime/Cache/Admin/8ac9139f0dd4d42903280ce12eaaca3b.php 第 50 行.
NOTIC: [8] Undefined index: phone /alidata/www/project/Application/Runtime/Cache/Admin/8ac9139f0dd4d42903280ce12eaaca3b.php 第 46 行.
NOTIC: [8] Undefined index: internship_time /alidata/www/project/Application/Runtime/Cache/Admin/8ac9139f0dd4d42903280ce12eaaca3b.php 第 50 行.
NOTIC: [8] Undefined index: phone /alidata/www/project/Application/Runtime/Cache/Admin/8ac9139f0dd4d42903280ce12eaaca3b.php 第 46 行.
NOTIC: [8] Undefined index: internship_time /alidata/www/project/Application/Runtime/Cache/Admin/8ac9139f0dd4d42903280ce12eaaca3b.php 第 50 行.
INFO: Run Behavior\ParseTemplateBehavior [ RunTime:0.003452s ]
INFO: [ view_parse ] --END-- [ RunTime:0.003485s ]
INFO: [ view_filter ] --START--
INFO: Run Behavior\WriteHtmlCacheBehavior [ RunTime:0.000040s ]
INFO: [ view_filter ] --END-- [ RunTime:0.000067s ]
INFO: [ app_end ] --START--
INFO: Run Behavior\ShowPageTraceBehavior [ RunTime:0.000038s ]
INFO: [ app_end ] --END-- [ RunTime:0.000066s ]

[ 2016-07-26T13:20:52+08:00 ] 118.187.68.34 /Admin/Student/index/p/2.html
INFO: [ app_init ] --START--
INFO: Run Behavior\BuildLiteBehavior [ RunTime:0.000013s ]
INFO: [ app_init ] --END-- [ RunTime:0.000092s ]
INFO: [ app_begin ] --START--
INFO: Run Behavior\ReadHtmlCacheBehavior [ RunTime:0.000041s ]
INFO: [ app_begin ] --END-- [ RunTime:0.000073s ]
SQL: SHOW COLUMNS FROM `users` [ RunTime:0.0009s ]
SQL: SELECT * FROM `users` ORDER BY at_time desc LIMIT 10,10   [ RunTime:0.0004s ]
SQL: SELECT COUNT(*) AS tp_count FROM `users` LIMIT 1   [ RunTime:0.0002s ]
INFO: [ view_parse ] --START--
INFO: [ template_filter ] --START--
INFO: Run Behavior\ContentReplaceBehavior [ RunTime:0.000059s ]
INFO: [ template_filter ] --END-- [ RunTime:0.000093s ]
NOTIC: [8] Undefined index: phone /alidata/www/project/Application/Runtime/Cache/Admin/8ac9139f0dd4d42903280ce12eaaca3b.php 第 46 行.
NOTIC: [8] Undefined index: internship_time /alidata/www/project/Application/Runtime/Cache/Admin/8ac9139f0dd4d42903280ce12eaaca3b.php 第 50 行.
NOTIC: [8] Undefined index: phone /alidata/www/project/Application/Runtime/Cache/Admin/8ac9139f0dd4d42903280ce12eaaca3b.php 第 46 行.
NOTIC: [8] Undefined index: internship_time /alidata/www/project/Application/Runtime/Cache/Admin/8ac9139f0dd4d42903280ce12eaaca3b.php 第 50 行.
NOTIC: [8] Undefined index: phone /alidata/www/project/Application/Runtime/Cache/Admin/8ac9139f0dd4d42903280ce12eaaca3b.php 第 46 行.
NOTIC: [8] Undefined index: internship_time /alidata/www/project/Application/Runtime/Cache/Admin/8ac9139f0dd4d42903280ce12eaaca3b.php 第 50 行.
NOTIC: [8] Undefined index: phone /alidata/www/project/Application/Runtime/Cache/Admin/8ac9139f0dd4d42903280ce12eaaca3b.php 第 46 行.
NOTIC: [8] Undefined index: internship_time /alidata/www/project/Application/Runtime/Cache/Admin/8ac9139f0dd4d42903280ce12eaaca3b.php 第 50 行.
NOTIC: [8] Undefined index: phone /alidata/www/project/Application/Runtime/Cache/Admin/8ac9139f0dd4d42903280ce12eaaca3b.php 第 46 行.
NOTIC: [8] Undefined index: internship_time /alidata/www/project/Application/Runtime/Cache/Admin/8ac9139f0dd4d42903280ce12eaaca3b.php 第 50 行.
NOTIC: [8] Undefined index: phone /alidata/www/project/Application/Runtime/Cache/Admin/8ac9139f0dd4d42903280ce12eaaca3b.php 第 46 行.
NOTIC: [8] Undefined index: internship_time /alidata/www/project/Application/Runtime/Cache/Admin/8ac9139f0dd4d42903280ce12eaaca3b.php 第 50 行.
NOTIC: [8] Undefined index: phone /alidata/www/project/Application/Runtime/Cache/Admin/8ac9139f0dd4d42903280ce12eaaca3b.php 第 46 行.
NOTIC: [8] Undefined index: internship_time /alidata/www/project/Application/Runtime/Cache/Admin/8ac9139f0dd4d42903280ce12eaaca3b.php 第 50 行.
NOTIC: [8] Undefined index: phone /alidata/www/project/Application/Runtime/Cache/Admin/8ac9139f0dd4d42903280ce12eaaca3b.php 第 46 行.
NOTIC: [8] Undefined index: internship_time /alidata/www/project/Application/Runtime/Cache/Admin/8ac9139f0dd4d42903280ce12eaaca3b.php 第 50 行.
NOTIC: [8] Undefined index: phone /alidata/www/project/Application/Runtime/Cache/Admin/8ac9139f0dd4d42903280ce12eaaca3b.php 第 46 行.
NOTIC: [8] Undefined index: internship_time /alidata/www/project/Application/Runtime/Cache/Admin/8ac9139f0dd4d42903280ce12eaaca3b.php 第 50 行.
NOTIC: [8] Undefined index: phone /alidata/www/project/Application/Runtime/Cache/Admin/8ac9139f0dd4d42903280ce12eaaca3b.php 第 46 行.
NOTIC: [8] Undefined index: internship_time /alidata/www/project/Application/Runtime/Cache/Admin/8ac9139f0dd4d42903280ce12eaaca3b.php 第 50 行.
INFO: Run Behavior\ParseTemplateBehavior [ RunTime:0.003636s ]
INFO: [ view_parse ] --END-- [ RunTime:0.003669s ]
INFO: [ view_filter ] --START--
INFO: Run Behavior\WriteHtmlCacheBehavior [ RunTime:0.000040s ]
INFO: [ view_filter ] --END-- [ RunTime:0.000066s ]
INFO: [ app_end ] --START--
INFO: Run Behavior\ShowPageTraceBehavior [ RunTime:0.000038s ]
INFO: [ app_end ] --END-- [ RunTime:0.000076s ]

[ 2016-07-26T13:20:55+08:00 ] 118.187.68.34 /Admin/Student/status.html
INFO: [ app_init ] --START--
INFO: Run Behavior\BuildLiteBehavior [ RunTime:0.000012s ]
INFO: [ app_init ] --END-- [ RunTime:0.000092s ]
INFO: [ app_begin ] --START--
INFO: Run Behavior\ReadHtmlCacheBehavior [ RunTime:0.000039s ]
INFO: [ app_begin ] --END-- [ RunTime:0.000069s ]
SQL: SHOW COLUMNS FROM `users` [ RunTime:0.0009s ]
SQL: UPDATE `users` SET `show`='0' WHERE `id` = 24 [ RunTime:0.0003s ]

[ 2016-07-26T13:25:41+08:00 ] 101.226.66.175 /Admin/Index/left.html
INFO: [ app_init ] --START--
INFO: Run Behavior\BuildLiteBehavior [ RunTime:0.000012s ]
INFO: [ app_init ] --END-- [ RunTime:0.000094s ]
INFO: [ app_begin ] --START--
INFO: Run Behavior\ReadHtmlCacheBehavior [ RunTime:0.000045s ]
INFO: [ app_begin ] --END-- [ RunTime:0.000085s ]
INFO: [ view_parse ] --START--
INFO: [ template_filter ] --START--
INFO: Run Behavior\ContentReplaceBehavior [ RunTime:0.000059s ]
INFO: [ template_filter ] --END-- [ RunTime:0.000095s ]
INFO: Run Behavior\ParseTemplateBehavior [ RunTime:0.002426s ]
INFO: [ view_parse ] --END-- [ RunTime:0.002461s ]
INFO: [ view_filter ] --START--
INFO: Run Behavior\WriteHtmlCacheBehavior [ RunTime:0.000041s ]
INFO: [ view_filter ] --END-- [ RunTime:0.000078s ]
INFO: [ app_end ] --START--
INFO: Run Behavior\ShowPageTraceBehavior [ RunTime:0.000038s ]
INFO: [ app_end ] --END-- [ RunTime:0.000065s ]

[ 2016-07-26T13:25:41+08:00 ] 101.226.66.175 /Admin/Index/right.html
INFO: [ app_init ] --START--
INFO: Run Behavior\BuildLiteBehavior [ RunTime:0.000010s ]
INFO: [ app_init ] --END-- [ RunTime:0.000064s ]
INFO: [ app_begin ] --START--
INFO: Run Behavior\ReadHtmlCacheBehavior [ RunTime:0.000033s ]
INFO: [ app_begin ] --END-- [ RunTime:0.000066s ]
SQL: SHOW COLUMNS FROM `industry` [ RunTime:0.0006s ]
SQL: SELECT * FROM `industry` WHERE `valid` = 1 ORDER BY at_time desc LIMIT 0,10   [ RunTime:0.0002s ]
SQL: SELECT COUNT(*) AS tp_count FROM `industry` WHERE `valid` = 1 LIMIT 1   [ RunTime:0.0002s ]
INFO: [ view_parse ] --START--
INFO: [ template_filter ] --START--
INFO: Run Behavior\ContentReplaceBehavior [ RunTime:0.000070s ]
INFO: [ template_filter ] --END-- [ RunTime:0.000104s ]
INFO: Run Behavior\ParseTemplateBehavior [ RunTime:0.003081s ]
INFO: [ view_parse ] --END-- [ RunTime:0.003116s ]
INFO: [ view_filter ] --START--
INFO: Run Behavior\WriteHtmlCacheBehavior [ RunTime:0.000029s ]
INFO: [ view_filter ] --END-- [ RunTime:0.000056s ]
INFO: [ app_end ] --START--
INFO: Run Behavior\ShowPageTraceBehavior [ RunTime:0.000028s ]
INFO: [ app_end ] --END-- [ RunTime:0.000056s ]

[ 2016-07-26T21:42:55+08:00 ] 121.42.0.30 /admin.action
INFO: [ app_init ] --START--
INFO: Run Behavior\BuildLiteBehavior [ RunTime:0.000014s ]
INFO: [ app_init ] --END-- [ RunTime:0.000095s ]
INFO: [ app_begin ] --START--
INFO: Run Behavior\ReadHtmlCacheBehavior [ RunTime:0.000038s ]
INFO: [ app_begin ] --END-- [ RunTime:0.000071s ]
INFO: [ view_parse ] --START--
INFO: [ template_filter ] --START--
INFO: Run Behavior\ContentReplaceBehavior [ RunTime:0.000033s ]
INFO: [ template_filter ] --END-- [ RunTime:0.000067s ]
INFO: Run Behavior\ParseTemplateBehavior [ RunTime:0.001208s ]
INFO: [ view_parse ] --END-- [ RunTime:0.001243s ]
INFO: [ view_filter ] --START--
INFO: Run Behavior\WriteHtmlCacheBehavior [ RunTime:0.000039s ]
INFO: [ view_filter ] --END-- [ RunTime:0.000065s ]
INFO: [ app_end ] --START--
INFO: Run Behavior\ShowPageTraceBehavior [ RunTime:0.000046s ]
INFO: [ app_end ] --END-- [ RunTime:0.000074s ]

[ 2016-07-26T21:47:59+08:00 ] 121.42.0.30 /admin.action?redirect%3A%25%7Bnew+java.lang.String%28%27http%3A%2F%2Fxxxxxxxxxxxxx%27%29%7D
INFO: [ app_init ] --START--
INFO: Run Behavior\BuildLiteBehavior [ RunTime:0.000012s ]
INFO: [ app_init ] --END-- [ RunTime:0.000094s ]
INFO: [ app_begin ] --START--
INFO: Run Behavior\ReadHtmlCacheBehavior [ RunTime:0.000041s ]
INFO: [ app_begin ] --END-- [ RunTime:0.000074s ]
INFO: [ view_parse ] --START--
INFO: [ template_filter ] --START--
INFO: Run Behavior\ContentReplaceBehavior [ RunTime:0.000035s ]
INFO: [ template_filter ] --END-- [ RunTime:0.000078s ]
INFO: Run Behavior\ParseTemplateBehavior [ RunTime:0.001205s ]
INFO: [ view_parse ] --END-- [ RunTime:0.001243s ]
INFO: [ view_filter ] --START--
INFO: Run Behavior\WriteHtmlCacheBehavior [ RunTime:0.000040s ]
INFO: [ view_filter ] --END-- [ RunTime:0.000065s ]
INFO: [ app_end ] --START--
INFO: Run Behavior\ShowPageTraceBehavior [ RunTime:0.000037s ]
INFO: [ app_end ] --END-- [ RunTime:0.000063s ]

[ 2016-07-26T21:53:31+08:00 ] 121.42.0.30 /admin.action
INFO: [ app_init ] --START--
INFO: Run Behavior\BuildLiteBehavior [ RunTime:0.000012s ]
INFO: [ app_init ] --END-- [ RunTime:0.000094s ]
INFO: [ app_begin ] --START--
INFO: Run Behavior\ReadHtmlCacheBehavior [ RunTime:0.000039s ]
INFO: [ app_begin ] --END-- [ RunTime:0.000073s ]
INFO: [ view_parse ] --START--
INFO: [ template_filter ] --START--
INFO: Run Behavior\ContentReplaceBehavior [ RunTime:0.000032s ]
INFO: [ template_filter ] --END-- [ RunTime:0.000066s ]
INFO: Run Behavior\ParseTemplateBehavior [ RunTime:0.001211s ]
INFO: [ view_parse ] --END-- [ RunTime:0.001246s ]
INFO: [ view_filter ] --START--
INFO: Run Behavior\WriteHtmlCacheBehavior [ RunTime:0.000051s ]
INFO: [ view_filter ] --END-- [ RunTime:0.000077s ]
INFO: [ app_end ] --START--
INFO: Run Behavior\ShowPageTraceBehavior [ RunTime:0.000038s ]
INFO: [ app_end ] --END-- [ RunTime:0.000065s ]

